
office0:   0%|          | 0/100 [00:00<?, ?frame/s]/robodata/smodak/repos/ovo/thirdParty/segment-anything-2/sam2/modeling/sam/transformer.py:270: UserWarning: Memory efficient kernel not used because: (Triggered internally at /pytorch/aten/src/ATen/native/transformers/cuda/sdp_utils.cpp:986.)
  out = F.scaled_dot_product_attention(q, k, v, dropout_p=dropout_p)
/robodata/smodak/repos/ovo/thirdParty/segment-anything-2/sam2/modeling/sam/transformer.py:270: UserWarning: Memory Efficient attention has been runtime disabled. (Triggered internally at /pytorch/aten/src/ATen/native/transformers/sdp_utils_cpp.h:552.)
  out = F.scaled_dot_product_attention(q, k, v, dropout_p=dropout_p)
/robodata/smodak/repos/ovo/thirdParty/segment-anything-2/sam2/modeling/sam/transformer.py:270: UserWarning: Flash attention kernel not used because: (Triggered internally at /pytorch/aten/src/ATen/native/transformers/cuda/sdp_utils.cpp:988.)
  out = F.scaled_dot_product_attention(q, k, v, dropout_p=dropout_p)
/robodata/smodak/repos/ovo/thirdParty/segment-anything-2/sam2/modeling/sam/transformer.py:270: UserWarning: Expected query, key and value to all be of dtype: {Half, BFloat16}. Got Query dtype: float, Key dtype: float, and Value dtype: float instead. (Triggered internally at /pytorch/aten/src/ATen/native/transformers/sdp_utils_cpp.h:91.)
  out = F.scaled_dot_product_attention(q, k, v, dropout_p=dropout_p)
/robodata/smodak/repos/ovo/thirdParty/segment-anything-2/sam2/modeling/sam/transformer.py:270: UserWarning: cuDNN attention kernel not used because: (Triggered internally at /pytorch/aten/src/ATen/native/transformers/cuda/sdp_utils.cpp:990.)
  out = F.scaled_dot_product_attention(q, k, v, dropout_p=dropout_p)
/opt/miniconda3/envs/ovo/lib/python3.10/site-packages/torch/nn/modules/module.py:1790: UserWarning: Flash Attention kernel failed due to: No available kernel. Aborting execution.
Falling back to all available kernels for scaled_dot_product_attention (which may have a slower speed).
  return forward_call(*args, **kwargs)

office0:   1%|          | 1/100 [00:04<06:48,  4.12s/frame, gt=22, pred=32]
office0:   2%|▏         | 2/100 [00:07<05:54,  3.62s/frame, gt=22, pred=28]
office0:   3%|▎         | 3/100 [00:10<05:38,  3.49s/frame, gt=22, pred=29]
office0:   4%|▍         | 4/100 [00:14<05:28,  3.42s/frame, gt=22, pred=30]
office0:   5%|▌         | 5/100 [00:17<05:23,  3.40s/frame, gt=22, pred=31]
office0:   6%|▌         | 6/100 [00:20<05:09,  3.30s/frame, gt=22, pred=25]
office0:   7%|▋         | 7/100 [00:23<05:04,  3.27s/frame, gt=22, pred=29]
office0:   8%|▊         | 8/100 [00:27<05:04,  3.31s/frame, gt=24, pred=33]
office0:   9%|▉         | 9/100 [00:30<05:03,  3.33s/frame, gt=22, pred=36]
office0:  10%|█         | 10/100 [00:33<04:59,  3.32s/frame, gt=20, pred=34]
office0:  11%|█         | 11/100 [00:37<04:53,  3.30s/frame, gt=20, pred=33]
office0:  12%|█▏        | 12/100 [00:40<04:41,  3.20s/frame, gt=16, pred=24]
office0:  13%|█▎        | 13/100 [00:43<04:37,  3.19s/frame, gt=15, pred=31]
office0:  14%|█▍        | 14/100 [00:46<04:30,  3.14s/frame, gt=15, pred=27]
office0:  15%|█▌        | 15/100 [00:48<04:17,  3.03s/frame, gt=10, pred=15]
office0:  16%|█▌        | 16/100 [00:51<04:05,  2.92s/frame, gt=10, pred=16]
office0:  17%|█▋        | 17/100 [00:54<03:56,  2.85s/frame, gt=12, pred=9] 
office0:  18%|█▊        | 18/100 [00:56<03:48,  2.79s/frame, gt=12, pred=8]
office0:  19%|█▉        | 19/100 [00:59<03:44,  2.77s/frame, gt=14, pred=21]
office0:  20%|██        | 20/100 [01:02<03:38,  2.73s/frame, gt=10, pred=18]
office0:  21%|██        | 21/100 [01:05<03:34,  2.71s/frame, gt=10, pred=16]
office0:  22%|██▏       | 22/100 [01:07<03:28,  2.68s/frame, gt=10, pred=13]
office0:  23%|██▎       | 23/100 [01:10<03:23,  2.65s/frame, gt=11, pred=15]
office0:  24%|██▍       | 24/100 [01:12<03:18,  2.62s/frame, gt=9, pred=13] 
office0:  25%|██▌       | 25/100 [01:15<03:15,  2.60s/frame, gt=10, pred=11]
office0:  26%|██▌       | 26/100 [01:17<03:11,  2.59s/frame, gt=10, pred=13]
office0:  27%|██▋       | 27/100 [01:20<03:08,  2.59s/frame, gt=10, pred=15]
office0:  28%|██▊       | 28/100 [01:23<03:06,  2.60s/frame, gt=9, pred=20] 
office0:  29%|██▉       | 29/100 [01:25<03:05,  2.61s/frame, gt=11, pred=18]
office0:  30%|███       | 30/100 [01:28<03:05,  2.65s/frame, gt=13, pred=19]
office0:  31%|███       | 31/100 [01:31<03:03,  2.66s/frame, gt=8, pred=16] 
office0:  32%|███▏      | 32/100 [01:33<02:59,  2.64s/frame, gt=8, pred=15]
office0:  33%|███▎      | 33/100 [01:36<02:56,  2.64s/frame, gt=8, pred=19]
office0:  34%|███▍      | 34/100 [01:39<02:55,  2.65s/frame, gt=11, pred=18]
office0:  35%|███▌      | 35/100 [01:41<02:55,  2.70s/frame, gt=13, pred=21]
office0:  36%|███▌      | 36/100 [01:44<02:59,  2.81s/frame, gt=20, pred=27]
office0:  37%|███▋      | 37/100 [01:48<03:01,  2.89s/frame, gt=25, pred=26]
office0:  38%|███▊      | 38/100 [01:51<03:03,  2.96s/frame, gt=28, pred=26]
office0:  39%|███▉      | 39/100 [01:54<03:04,  3.03s/frame, gt=28, pred=27]
office0:  40%|████      | 40/100 [01:57<03:06,  3.10s/frame, gt=26, pred=28]
office0:  41%|████      | 41/100 [02:00<03:07,  3.17s/frame, gt=28, pred=26]
office0:  42%|████▏     | 42/100 [02:04<03:08,  3.25s/frame, gt=30, pred=28]
office0:  43%|████▎     | 43/100 [02:07<03:06,  3.26s/frame, gt=30, pred=24]
office0:  44%|████▍     | 44/100 [02:10<02:59,  3.21s/frame, gt=20, pred=18]
office0:  45%|████▌     | 45/100 [02:13<02:52,  3.14s/frame, gt=18, pred=17]
office0:  46%|████▌     | 46/100 [02:16<02:45,  3.06s/frame, gt=15, pred=13]
office0:  47%|████▋     | 47/100 [02:19<02:40,  3.03s/frame, gt=17, pred=15]
office0:  48%|████▊     | 48/100 [02:22<02:36,  3.02s/frame, gt=15, pred=20]
office0:  49%|████▉     | 49/100 [02:25<02:34,  3.04s/frame, gt=15, pred=26]
office0:  50%|█████     | 50/100 [02:28<02:32,  3.06s/frame, gt=17, pred=28]
office0:  51%|█████     | 51/100 [02:31<02:30,  3.07s/frame, gt=18, pred=29]
office0:  52%|█████▏    | 52/100 [02:34<02:28,  3.09s/frame, gt=18, pred=30]
office0:  53%|█████▎    | 53/100 [02:38<02:28,  3.16s/frame, gt=21, pred=35]
office0:  54%|█████▍    | 54/100 [02:41<02:29,  3.24s/frame, gt=21, pred=37]
office0:  55%|█████▌    | 55/100 [02:44<02:25,  3.23s/frame, gt=22, pred=27]
office0:  56%|█████▌    | 56/100 [02:48<02:24,  3.28s/frame, gt=24, pred=30]
office0:  57%|█████▋    | 57/100 [02:51<02:23,  3.35s/frame, gt=26, pred=35]
office0:  58%|█████▊    | 58/100 [02:55<02:22,  3.39s/frame, gt=28, pred=33]
office0:  59%|█████▉    | 59/100 [02:58<02:20,  3.44s/frame, gt=31, pred=33]
office0:  60%|██████    | 60/100 [03:02<02:22,  3.56s/frame, gt=32, pred=40]
office0:  61%|██████    | 61/100 [03:06<02:19,  3.57s/frame, gt=32, pred=35]
office0:  62%|██████▏   | 62/100 [03:10<02:16,  3.61s/frame, gt=33, pred=38]
office0:  63%|██████▎   | 63/100 [03:13<02:13,  3.61s/frame, gt=33, pred=36]
office0:  64%|██████▍   | 64/100 [03:17<02:11,  3.64s/frame, gt=33, pred=39]
office0:  65%|██████▌   | 65/100 [03:20<02:04,  3.57s/frame, gt=29, pred=33]
office0:  66%|██████▌   | 66/100 [03:24<01:59,  3.53s/frame, gt=29, pred=31]
office0:  67%|██████▋   | 67/100 [03:27<01:53,  3.43s/frame, gt=27, pred=29]
office0:  68%|██████▊   | 68/100 [03:30<01:47,  3.34s/frame, gt=26, pred=28]
office0:  69%|██████▉   | 69/100 [03:33<01:41,  3.26s/frame, gt=28, pred=24]
office0:  70%|███████   | 70/100 [03:36<01:38,  3.30s/frame, gt=28, pred=32]
office0:  71%|███████   | 71/100 [03:40<01:35,  3.31s/frame, gt=28, pred=30]
office0:  72%|███████▏  | 72/100 [03:43<01:32,  3.30s/frame, gt=28, pred=28]
office0:  73%|███████▎  | 73/100 [03:46<01:29,  3.30s/frame, gt=27, pred=29]
office0:  74%|███████▍  | 74/100 [03:50<01:26,  3.33s/frame, gt=27, pred=32]
office0:  75%|███████▌  | 75/100 [03:53<01:24,  3.37s/frame, gt=27, pred=34]
office0:  76%|███████▌  | 76/100 [03:57<01:21,  3.39s/frame, gt=26, pred=35]
office0:  77%|███████▋  | 77/100 [04:00<01:16,  3.34s/frame, gt=23, pred=33]
office0:  78%|███████▊  | 78/100 [04:03<01:11,  3.26s/frame, gt=21, pred=27]
office0:  79%|███████▉  | 79/100 [04:06<01:06,  3.19s/frame, gt=19, pred=29]
office0:  80%|████████  | 80/100 [04:09<01:00,  3.03s/frame, gt=10, pred=20]
office0:  81%|████████  | 81/100 [04:11<00:56,  2.96s/frame, gt=7, pred=27] 
office0:  82%|████████▏ | 82/100 [04:14<00:51,  2.87s/frame, gt=7, pred=23]
office0:  83%|████████▎ | 83/100 [04:17<00:47,  2.77s/frame, gt=5, pred=20]
office0:  84%|████████▍ | 84/100 [04:19<00:43,  2.73s/frame, gt=5, pred=27]
office0:  85%|████████▌ | 85/100 [04:22<00:40,  2.70s/frame, gt=5, pred=24]
office0:  86%|████████▌ | 86/100 [04:25<00:37,  2.67s/frame, gt=5, pred=24]
office0:  87%|████████▋ | 87/100 [04:27<00:34,  2.66s/frame, gt=5, pred=24]
office0:  88%|████████▊ | 88/100 [04:30<00:31,  2.63s/frame, gt=5, pred=23]
office0:  89%|████████▉ | 89/100 [04:32<00:28,  2.61s/frame, gt=5, pred=22]
office0:  90%|█████████ | 90/100 [04:35<00:25,  2.55s/frame, gt=3, pred=12]
office0:  91%|█████████ | 91/100 [04:38<00:23,  2.66s/frame, gt=10, pred=29]
office0:  92%|█████████▏| 92/100 [04:41<00:22,  2.79s/frame, gt=15, pred=31]
office0:  93%|█████████▎| 93/100 [04:44<00:20,  2.92s/frame, gt=17, pred=33]
office0:  94%|█████████▍| 94/100 [04:47<00:17,  3.00s/frame, gt=17, pred=33]
office0:  95%|█████████▌| 95/100 [04:50<00:15,  3.08s/frame, gt=20, pred=32]
office0:  96%|█████████▌| 96/100 [04:53<00:12,  3.09s/frame, gt=17, pred=28]
office0:  97%|█████████▋| 97/100 [04:57<00:09,  3.10s/frame, gt=19, pred=28]
office0:  98%|█████████▊| 98/100 [05:00<00:06,  3.06s/frame, gt=16, pred=23]
office0:  99%|█████████▉| 99/100 [05:02<00:03,  3.01s/frame, gt=15, pred=23]
office0: 100%|██████████| 100/100 [05:05<00:00,  2.97s/frame, gt=14, pred=22]
office0: 100%|██████████| 100/100 [05:05<00:00,  3.06s/frame, gt=14, pred=22]
