{
  "dataset_name": "Replica",
  "scene_name": "office0",
  "metric_name": "mask_ap",
  "metric_value": 0.29316236008047974,
  "metrics": {
    "ap_50": 0.37866469009560416,
    "ap_55": 0.3602222489258394,
    "ap_60": 0.34088763602853334,
    "ap_65": 0.3275713688396944,
    "ap_70": 0.31179676976222265,
    "ap_75": 0.2971409879149824,
    "ap_80": 0.28567418415138623,
    "ap_85": 0.2549471820717786,
    "ap_90": 0.22354651778804424,
    "ap_95": 0.15117201522671236,
    "ap": 0.29316236008047974
  },
  "n_frames": 100,
  "frame_samples": 100,
  "frame_sample_seed": 0,
  "sam_model_level_inst": 13,
  "diagnostics": {
    "num_eval_classes": 1,
    "num_eval_entries": 100,
    "gt_instances_per_class": {
      "1": 1824
    },
    "pred_instances_per_class": {
      "1": 5247
    }
  },
  "sam_sort_mode": "score",
  "sam_min_mask_area_perc": 0.001,
  "sam_max_mask_area_perc": 0.0,
  "sam_points_per_side": 20,
  "sam_points_per_batch": 32,
  "sam_pred_iou_thresh": 0.92,
  "sam_stability_score_thresh": 0.9,
  "sam_stability_score_offset": 1.0,
  "sam_mask_threshold": 0.0,
  "sam_box_nms_thresh": 0.7,
  "sam_crop_n_layers": 0,
  "sam_crop_nms_thresh": 0.7,
  "sam_crop_overlap_ratio": 0.6,
  "sam_crop_n_points_downscale_factor": 1,
  "sam_min_mask_region_area": 0,
  "sam_use_m2m": false,
  "sam_multimask_output": true,
  "sam2_mode": "eval",
  "sam2_hydra_overrides": [],
  "sam2_apply_postprocessing": true,
  "sam_score_pred_iou_power": 2.0,
  "sam_score_stability_power": 1.0,
  "sam_score_area_power": 0.0,
  "mask_overlap_rescore_thresh": 0.0,
  "mask_overlap_rescore_power": 1.0,
  "mask_dedupe_iou_thresh": 0.85,
  "mask_containment_thresh": 0.0
}
