
office0:   0%|          | 0/100 [00:00<?, ?frame/s]
office0:   1%|          | 1/100 [00:02<04:25,  2.69s/frame, gt=22, pred=44]
office0:   2%|▏         | 2/100 [00:04<03:41,  2.26s/frame, gt=22, pred=38]
office0:   3%|▎         | 3/100 [00:06<03:28,  2.15s/frame, gt=22, pred=42]
office0:   4%|▍         | 4/100 [00:08<03:22,  2.11s/frame, gt=22, pred=42]
office0:   5%|▌         | 5/100 [00:10<03:20,  2.11s/frame, gt=22, pred=45]
office0:   6%|▌         | 6/100 [00:12<03:15,  2.08s/frame, gt=22, pred=44]
office0:   7%|▋         | 7/100 [00:15<03:17,  2.13s/frame, gt=22, pred=50]
office0:   8%|▊         | 8/100 [00:17<03:11,  2.08s/frame, gt=24, pred=43]
office0:   9%|▉         | 9/100 [00:19<03:08,  2.07s/frame, gt=22, pred=45]
office0:  10%|█         | 10/100 [00:21<03:14,  2.16s/frame, gt=20, pred=56]
office0:  11%|█         | 11/100 [00:23<03:13,  2.17s/frame, gt=20, pred=52]
office0:  12%|█▏        | 12/100 [00:25<03:07,  2.13s/frame, gt=16, pred=49]
office0:  13%|█▎        | 13/100 [00:27<02:52,  1.99s/frame, gt=15, pred=39]
office0:  14%|█▍        | 14/100 [00:29<02:43,  1.90s/frame, gt=15, pred=39]
office0:  15%|█▌        | 15/100 [00:30<02:29,  1.76s/frame, gt=10, pred=34]
office0:  16%|█▌        | 16/100 [00:31<02:16,  1.63s/frame, gt=10, pred=30]
office0:  17%|█▋        | 17/100 [00:33<02:04,  1.50s/frame, gt=12, pred=23]
office0:  18%|█▊        | 18/100 [00:34<01:54,  1.39s/frame, gt=12, pred=19]
office0:  19%|█▉        | 19/100 [00:35<01:55,  1.43s/frame, gt=14, pred=35]
office0:  20%|██        | 20/100 [00:37<01:55,  1.44s/frame, gt=10, pred=34]
office0:  21%|██        | 21/100 [00:38<01:52,  1.42s/frame, gt=10, pred=32]
office0:  22%|██▏       | 22/100 [00:39<01:49,  1.41s/frame, gt=10, pred=33]
office0:  23%|██▎       | 23/100 [00:41<01:43,  1.34s/frame, gt=11, pred=25]
office0:  24%|██▍       | 24/100 [00:42<01:38,  1.30s/frame, gt=9, pred=26] 
office0:  25%|██▌       | 25/100 [00:43<01:35,  1.27s/frame, gt=10, pred=25]
office0:  26%|██▌       | 26/100 [00:44<01:32,  1.25s/frame, gt=10, pred=24]
office0:  27%|██▋       | 27/100 [00:45<01:31,  1.26s/frame, gt=10, pred=28]
office0:  28%|██▊       | 28/100 [00:47<01:40,  1.40s/frame, gt=9, pred=49] 
office0:  29%|██▉       | 29/100 [00:49<01:46,  1.50s/frame, gt=11, pred=46]
office0:  30%|███       | 30/100 [00:50<01:46,  1.51s/frame, gt=13, pred=38]
office0:  31%|███       | 31/100 [00:52<01:39,  1.44s/frame, gt=8, pred=30] 
office0:  32%|███▏      | 32/100 [00:53<01:42,  1.51s/frame, gt=8, pred=48]
office0:  33%|███▎      | 33/100 [00:55<01:42,  1.53s/frame, gt=8, pred=45]
office0:  34%|███▍      | 34/100 [00:56<01:40,  1.52s/frame, gt=11, pred=40]
office0:  35%|███▌      | 35/100 [00:59<01:48,  1.67s/frame, gt=13, pred=53]
office0:  36%|███▌      | 36/100 [01:01<01:57,  1.84s/frame, gt=20, pred=52]
office0:  37%|███▋      | 37/100 [01:03<02:12,  2.10s/frame, gt=25, pred=59]
office0:  38%|███▊      | 38/100 [01:06<02:26,  2.37s/frame, gt=28, pred=61]
office0:  39%|███▉      | 39/100 [01:09<02:33,  2.52s/frame, gt=28, pred=60]
office0:  40%|████      | 40/100 [01:12<02:28,  2.48s/frame, gt=26, pred=49]
office0:  41%|████      | 41/100 [01:14<02:22,  2.41s/frame, gt=28, pred=44]
office0:  42%|████▏     | 42/100 [01:16<02:20,  2.43s/frame, gt=30, pred=45]
office0:  43%|████▎     | 43/100 [01:19<02:15,  2.38s/frame, gt=30, pred=40]
office0:  44%|████▍     | 44/100 [01:20<02:01,  2.17s/frame, gt=20, pred=28]
office0:  45%|████▌     | 45/100 [01:22<01:50,  2.01s/frame, gt=18, pred=30]
office0:  46%|████▌     | 46/100 [01:23<01:38,  1.82s/frame, gt=15, pred=22]
office0:  47%|████▋     | 47/100 [01:25<01:27,  1.66s/frame, gt=17, pred=21]
office0:  48%|████▊     | 48/100 [01:26<01:26,  1.66s/frame, gt=15, pred=36]
office0:  49%|████▉     | 49/100 [01:28<01:26,  1.70s/frame, gt=15, pred=41]
office0:  50%|█████     | 50/100 [01:30<01:29,  1.79s/frame, gt=17, pred=46]
office0:  51%|█████     | 51/100 [01:32<01:29,  1.82s/frame, gt=18, pred=43]
office0:  52%|█████▏    | 52/100 [01:34<01:31,  1.91s/frame, gt=18, pred=48]
office0:  53%|█████▎    | 53/100 [01:36<01:31,  1.95s/frame, gt=21, pred=45]
office0:  54%|█████▍    | 54/100 [01:38<01:33,  2.04s/frame, gt=21, pred=50]
office0:  55%|█████▌    | 55/100 [01:41<01:36,  2.14s/frame, gt=22, pred=50]
office0:  56%|█████▌    | 56/100 [01:43<01:35,  2.18s/frame, gt=24, pred=46]
office0:  57%|█████▋    | 57/100 [01:45<01:32,  2.15s/frame, gt=26, pred=43]
office0:  58%|█████▊    | 58/100 [01:47<01:29,  2.13s/frame, gt=28, pred=42]
office0:  59%|█████▉    | 59/100 [01:50<01:32,  2.26s/frame, gt=31, pred=51]
office0:  60%|██████    | 60/100 [01:52<01:30,  2.25s/frame, gt=32, pred=43]
office0:  61%|██████    | 61/100 [01:54<01:28,  2.26s/frame, gt=32, pred=43]
office0:  62%|██████▏   | 62/100 [01:57<01:30,  2.39s/frame, gt=33, pred=53]
office0:  63%|██████▎   | 63/100 [01:59<01:29,  2.41s/frame, gt=33, pred=47]
office0:  64%|██████▍   | 64/100 [02:02<01:30,  2.50s/frame, gt=33, pred=54]
office0:  65%|██████▌   | 65/100 [02:04<01:25,  2.45s/frame, gt=29, pred=48]
office0:  66%|██████▌   | 66/100 [02:07<01:23,  2.45s/frame, gt=29, pred=51]
office0:  67%|██████▋   | 67/100 [02:10<01:22,  2.49s/frame, gt=27, pred=54]
office0:  68%|██████▊   | 68/100 [02:12<01:19,  2.49s/frame, gt=26, pred=54]
office0:  69%|██████▉   | 69/100 [02:14<01:16,  2.46s/frame, gt=28, pred=50]
office0:  70%|███████   | 70/100 [02:17<01:15,  2.51s/frame, gt=28, pred=55]
office0:  71%|███████   | 71/100 [02:20<01:14,  2.55s/frame, gt=28, pred=57]
office0:  72%|███████▏  | 72/100 [02:22<01:13,  2.62s/frame, gt=28, pred=59]
office0:  73%|███████▎  | 73/100 [02:25<01:10,  2.63s/frame, gt=27, pred=56]
office0:  74%|███████▍  | 74/100 [02:28<01:09,  2.68s/frame, gt=27, pred=60]
office0:  75%|███████▌  | 75/100 [02:31<01:10,  2.80s/frame, gt=27, pred=66]
office0:  76%|███████▌  | 76/100 [02:34<01:05,  2.72s/frame, gt=26, pred=55]
office0:  77%|███████▋  | 77/100 [02:36<01:02,  2.73s/frame, gt=23, pred=62]
office0:  78%|███████▊  | 78/100 [02:39<01:02,  2.84s/frame, gt=21, pred=70]
office0:  79%|███████▉  | 79/100 [02:42<00:57,  2.74s/frame, gt=19, pred=59]
office0:  80%|████████  | 80/100 [02:44<00:51,  2.56s/frame, gt=10, pred=59]
office0:  81%|████████  | 81/100 [02:46<00:43,  2.31s/frame, gt=7, pred=49] 
office0:  82%|████████▏ | 82/100 [02:48<00:38,  2.17s/frame, gt=7, pred=54]
office0:  83%|████████▎ | 83/100 [02:49<00:34,  2.02s/frame, gt=5, pred=51]
office0:  84%|████████▍ | 84/100 [02:51<00:30,  1.91s/frame, gt=5, pred=51]
office0:  85%|████████▌ | 85/100 [02:53<00:28,  1.90s/frame, gt=5, pred=57]
office0:  86%|████████▌ | 86/100 [02:55<00:26,  1.91s/frame, gt=5, pred=60]
office0:  87%|████████▋ | 87/100 [02:56<00:23,  1.83s/frame, gt=5, pred=51]
office0:  88%|████████▊ | 88/100 [02:58<00:21,  1.82s/frame, gt=5, pred=55]
office0:  89%|████████▉ | 89/100 [03:00<00:20,  1.88s/frame, gt=5, pred=63]
office0:  90%|█████████ | 90/100 [03:01<00:16,  1.62s/frame, gt=3, pred=25]
office0:  91%|█████████ | 91/100 [03:03<00:14,  1.57s/frame, gt=10, pred=34]
office0:  92%|█████████▏| 92/100 [03:05<00:13,  1.65s/frame, gt=15, pred=44]
office0:  93%|█████████▎| 93/100 [03:06<00:12,  1.72s/frame, gt=17, pred=45]
office0:  94%|█████████▍| 94/100 [03:08<00:10,  1.73s/frame, gt=17, pred=41]
office0:  95%|█████████▌| 95/100 [03:10<00:09,  1.86s/frame, gt=20, pred=49]
office0:  96%|█████████▌| 96/100 [03:12<00:07,  1.88s/frame, gt=17, pred=45]
office0:  97%|█████████▋| 97/100 [03:14<00:05,  1.85s/frame, gt=19, pred=41]
office0:  98%|█████████▊| 98/100 [03:16<00:03,  1.75s/frame, gt=16, pred=33]
office0:  99%|█████████▉| 99/100 [03:17<00:01,  1.69s/frame, gt=15, pred=35]
office0: 100%|██████████| 100/100 [03:19<00:00,  1.63s/frame, gt=14, pred=35]
office0: 100%|██████████| 100/100 [03:19<00:00,  1.99s/frame, gt=14, pred=35]
