
office0:   0%|          | 0/100 [00:00<?, ?frame/s]
office0:   1%|          | 1/100 [00:03<05:45,  3.49s/frame, gt=22, pred=50]
office0:   2%|▏         | 2/100 [00:06<05:03,  3.10s/frame, gt=22, pred=50]
office0:   3%|▎         | 3/100 [00:09<04:57,  3.06s/frame, gt=22, pred=55]
office0:   4%|▍         | 4/100 [00:12<04:52,  3.04s/frame, gt=22, pred=53]
office0:   5%|▌         | 5/100 [00:15<04:46,  3.01s/frame, gt=22, pred=50]
office0:   6%|▌         | 6/100 [00:18<04:48,  3.07s/frame, gt=22, pred=57]
office0:   7%|▋         | 7/100 [00:21<04:45,  3.07s/frame, gt=22, pred=57]
office0:   8%|▊         | 8/100 [00:24<04:52,  3.17s/frame, gt=24, pred=60]
office0:   9%|▉         | 9/100 [00:27<04:37,  3.05s/frame, gt=22, pred=51]
office0:  10%|█         | 10/100 [00:30<04:31,  3.01s/frame, gt=20, pred=57]
office0:  11%|█         | 11/100 [00:33<04:19,  2.92s/frame, gt=20, pred=51]
office0:  12%|█▏        | 12/100 [00:36<04:17,  2.92s/frame, gt=16, pred=53]
office0:  13%|█▎        | 13/100 [00:39<04:09,  2.86s/frame, gt=15, pred=52]
office0:  14%|█▍        | 14/100 [00:41<03:58,  2.77s/frame, gt=15, pred=47]
office0:  15%|█▌        | 15/100 [00:43<03:41,  2.60s/frame, gt=10, pred=39]
office0:  16%|█▌        | 16/100 [00:45<03:23,  2.42s/frame, gt=10, pred=32]
office0:  17%|█▋        | 17/100 [00:47<03:07,  2.26s/frame, gt=12, pred=25]
office0:  18%|█▊        | 18/100 [00:49<02:56,  2.15s/frame, gt=12, pred=25]
office0:  19%|█▉        | 19/100 [00:52<03:05,  2.29s/frame, gt=14, pred=50]
office0:  20%|██        | 20/100 [00:54<03:02,  2.28s/frame, gt=10, pred=41]
office0:  21%|██        | 21/100 [00:56<02:57,  2.25s/frame, gt=10, pred=40]
office0:  22%|██▏       | 22/100 [00:58<02:51,  2.20s/frame, gt=10, pred=37]
office0:  23%|██▎       | 23/100 [01:00<02:44,  2.14s/frame, gt=11, pred=34]
office0:  24%|██▍       | 24/100 [01:02<02:38,  2.08s/frame, gt=9, pred=32] 
office0:  25%|██▌       | 25/100 [01:04<02:30,  2.00s/frame, gt=10, pred=26]
office0:  26%|██▌       | 26/100 [01:06<02:26,  1.98s/frame, gt=10, pred=28]
office0:  27%|██▋       | 27/100 [01:08<02:26,  2.01s/frame, gt=10, pred=36]
office0:  28%|██▊       | 28/100 [01:10<02:33,  2.13s/frame, gt=9, pred=52] 
office0:  29%|██▉       | 29/100 [01:13<02:37,  2.22s/frame, gt=11, pred=53]
office0:  30%|███       | 30/100 [01:15<02:34,  2.21s/frame, gt=13, pred=41]
office0:  31%|███       | 31/100 [01:17<02:26,  2.13s/frame, gt=8, pred=36] 
office0:  32%|███▏      | 32/100 [01:19<02:24,  2.12s/frame, gt=8, pred=48]
office0:  33%|███▎      | 33/100 [01:21<02:27,  2.20s/frame, gt=8, pred=55]
office0:  34%|███▍      | 34/100 [01:24<02:33,  2.32s/frame, gt=11, pred=57]
office0:  35%|███▌      | 35/100 [01:27<02:44,  2.53s/frame, gt=13, pred=64]
office0:  36%|███▌      | 36/100 [01:31<03:01,  2.83s/frame, gt=20, pred=69]
office0:  37%|███▋      | 37/100 [01:34<03:11,  3.04s/frame, gt=25, pred=65]
office0:  38%|███▊      | 38/100 [01:38<03:24,  3.30s/frame, gt=28, pred=71]
office0:  39%|███▉      | 39/100 [01:42<03:38,  3.58s/frame, gt=28, pred=75]
office0:  40%|████      | 40/100 [01:46<03:35,  3.59s/frame, gt=26, pred=62]
office0:  41%|████      | 41/100 [01:49<03:24,  3.46s/frame, gt=28, pred=50]
office0:  42%|████▏     | 42/100 [01:52<03:17,  3.41s/frame, gt=30, pred=46]
office0:  43%|████▎     | 43/100 [01:56<03:12,  3.38s/frame, gt=30, pred=46]
office0:  44%|████▍     | 44/100 [01:58<02:55,  3.14s/frame, gt=20, pred=30]
office0:  45%|████▌     | 45/100 [02:01<02:41,  2.94s/frame, gt=18, pred=31]
office0:  46%|████▌     | 46/100 [02:03<02:31,  2.80s/frame, gt=15, pred=32]
office0:  47%|████▋     | 47/100 [02:05<02:18,  2.61s/frame, gt=17, pred=31]
office0:  48%|████▊     | 48/100 [02:08<02:14,  2.59s/frame, gt=15, pred=44]
office0:  49%|████▉     | 49/100 [02:11<02:15,  2.66s/frame, gt=15, pred=50]
office0:  50%|█████     | 50/100 [02:13<02:13,  2.68s/frame, gt=17, pred=49]
office0:  51%|█████     | 51/100 [02:16<02:13,  2.73s/frame, gt=18, pred=53]
office0:  52%|█████▏    | 52/100 [02:19<02:15,  2.82s/frame, gt=18, pred=57]
office0:  53%|█████▎    | 53/100 [02:23<02:19,  2.97s/frame, gt=21, pred=62]
office0:  54%|█████▍    | 54/100 [02:26<02:17,  3.00s/frame, gt=21, pred=54]
office0:  55%|█████▌    | 55/100 [02:29<02:17,  3.06s/frame, gt=22, pred=52]
office0:  56%|█████▌    | 56/100 [02:32<02:18,  3.15s/frame, gt=24, pred=58]
office0:  57%|█████▋    | 57/100 [02:35<02:16,  3.16s/frame, gt=26, pred=55]
office0:  58%|█████▊    | 58/100 [02:38<02:10,  3.12s/frame, gt=28, pred=51]
office0:  59%|█████▉    | 59/100 [02:42<02:08,  3.14s/frame, gt=31, pred=54]
office0:  60%|██████    | 60/100 [02:45<02:07,  3.19s/frame, gt=32, pred=53]
office0:  61%|██████    | 61/100 [02:48<02:07,  3.26s/frame, gt=32, pred=56]
office0:  62%|██████▏   | 62/100 [02:52<02:09,  3.41s/frame, gt=33, pred=63]
office0:  63%|██████▎   | 63/100 [02:56<02:10,  3.54s/frame, gt=33, pred=66]
office0:  64%|██████▍   | 64/100 [03:00<02:09,  3.61s/frame, gt=33, pred=64]
office0:  65%|██████▌   | 65/100 [03:03<02:05,  3.58s/frame, gt=29, pred=63]
office0:  66%|██████▌   | 66/100 [03:07<02:00,  3.55s/frame, gt=29, pred=62]
office0:  67%|██████▋   | 67/100 [03:10<01:53,  3.43s/frame, gt=27, pred=60]
office0:  68%|██████▊   | 68/100 [03:13<01:48,  3.40s/frame, gt=26, pred=62]
office0:  69%|██████▉   | 69/100 [03:17<01:45,  3.41s/frame, gt=28, pred=62]
office0:  70%|███████   | 70/100 [03:20<01:45,  3.53s/frame, gt=28, pred=68]
office0:  71%|███████   | 71/100 [03:24<01:44,  3.61s/frame, gt=28, pred=69]
office0:  72%|███████▏  | 72/100 [03:28<01:42,  3.66s/frame, gt=28, pred=68]
office0:  73%|███████▎  | 73/100 [03:32<01:38,  3.64s/frame, gt=27, pred=64]
office0:  74%|███████▍  | 74/100 [03:35<01:33,  3.61s/frame, gt=27, pred=68]
office0:  75%|███████▌  | 75/100 [03:39<01:31,  3.67s/frame, gt=27, pred=71]
office0:  76%|███████▌  | 76/100 [03:43<01:29,  3.72s/frame, gt=26, pred=72]
office0:  77%|███████▋  | 77/100 [03:46<01:24,  3.67s/frame, gt=23, pred=69]
office0:  78%|███████▊  | 78/100 [03:50<01:20,  3.64s/frame, gt=21, pred=72]
office0:  79%|███████▉  | 79/100 [03:53<01:13,  3.51s/frame, gt=19, pred=64]
office0:  80%|████████  | 80/100 [03:56<01:05,  3.27s/frame, gt=10, pred=62]
office0:  81%|████████  | 81/100 [03:58<00:57,  3.05s/frame, gt=7, pred=59] 
office0:  82%|████████▏ | 82/100 [04:01<00:51,  2.86s/frame, gt=7, pred=57]
office0:  83%|████████▎ | 83/100 [04:03<00:44,  2.64s/frame, gt=5, pred=50]
office0:  84%|████████▍ | 84/100 [04:05<00:40,  2.52s/frame, gt=5, pred=56]
office0:  85%|████████▌ | 85/100 [04:08<00:38,  2.58s/frame, gt=5, pred=68]
office0:  86%|████████▌ | 86/100 [04:11<00:36,  2.61s/frame, gt=5, pred=68]
office0:  87%|████████▋ | 87/100 [04:13<00:33,  2.58s/frame, gt=5, pred=64]
office0:  88%|████████▊ | 88/100 [04:16<00:30,  2.54s/frame, gt=5, pred=62]
office0:  89%|████████▉ | 89/100 [04:18<00:28,  2.55s/frame, gt=5, pred=66]
office0:  90%|█████████ | 90/100 [04:20<00:22,  2.26s/frame, gt=3, pred=30]
office0:  91%|█████████ | 91/100 [04:22<00:19,  2.22s/frame, gt=10, pred=38]
office0:  92%|█████████▏| 92/100 [04:24<00:18,  2.31s/frame, gt=15, pred=51]
office0:  93%|█████████▎| 93/100 [04:27<00:16,  2.38s/frame, gt=17, pred=50]
office0:  94%|█████████▍| 94/100 [04:29<00:14,  2.43s/frame, gt=17, pred=47]
office0:  95%|█████████▌| 95/100 [04:32<00:12,  2.59s/frame, gt=20, pred=55]
office0:  96%|█████████▌| 96/100 [04:35<00:10,  2.66s/frame, gt=17, pred=55]
office0:  97%|█████████▋| 97/100 [04:38<00:07,  2.65s/frame, gt=19, pred=48]
office0:  98%|█████████▊| 98/100 [04:40<00:05,  2.53s/frame, gt=16, pred=39]
office0:  99%|█████████▉| 99/100 [04:43<00:02,  2.51s/frame, gt=15, pred=45]
office0: 100%|██████████| 100/100 [04:45<00:00,  2.43s/frame, gt=14, pred=40]
office0: 100%|██████████| 100/100 [04:45<00:00,  2.85s/frame, gt=14, pred=40]
