
office0:   0%|          | 0/100 [00:00<?, ?frame/s]
office0:   1%|          | 1/100 [00:04<06:39,  4.03s/frame, gt=22, pred=56]
office0:   2%|▏         | 2/100 [00:07<05:59,  3.67s/frame, gt=22, pred=53]
office0:   3%|▎         | 3/100 [00:10<05:46,  3.57s/frame, gt=22, pred=57]
office0:   4%|▍         | 4/100 [00:14<05:39,  3.53s/frame, gt=22, pred=56]
office0:   5%|▌         | 5/100 [00:17<05:36,  3.54s/frame, gt=22, pred=57]
office0:   6%|▌         | 6/100 [00:21<05:28,  3.49s/frame, gt=22, pred=55]
office0:   7%|▋         | 7/100 [00:24<05:26,  3.51s/frame, gt=22, pred=59]
office0:   8%|▊         | 8/100 [00:28<05:31,  3.60s/frame, gt=24, pred=62]
office0:   9%|▉         | 9/100 [00:32<05:25,  3.58s/frame, gt=22, pred=62]
office0:  10%|█         | 10/100 [00:35<05:18,  3.53s/frame, gt=20, pred=63]
office0:  11%|█         | 11/100 [00:39<05:12,  3.51s/frame, gt=20, pred=62]
office0:  12%|█▏        | 12/100 [00:42<05:02,  3.44s/frame, gt=16, pred=55]
office0:  13%|█▎        | 13/100 [00:45<04:52,  3.36s/frame, gt=15, pred=53]
office0:  14%|█▍        | 14/100 [00:48<04:43,  3.30s/frame, gt=15, pred=50]
office0:  15%|█▌        | 15/100 [00:51<04:24,  3.11s/frame, gt=10, pred=40]
office0:  16%|█▌        | 16/100 [00:53<04:06,  2.94s/frame, gt=10, pred=37]
office0:  17%|█▋        | 17/100 [00:56<03:52,  2.80s/frame, gt=12, pred=30]
office0:  18%|█▊        | 18/100 [00:58<03:38,  2.67s/frame, gt=12, pred=27]
office0:  19%|█▉        | 19/100 [01:01<03:45,  2.79s/frame, gt=14, pred=52]
office0:  20%|██        | 20/100 [01:04<03:39,  2.75s/frame, gt=10, pred=41]
office0:  21%|██        | 21/100 [01:07<03:32,  2.70s/frame, gt=10, pred=40]
office0:  22%|██▏       | 22/100 [01:09<03:25,  2.63s/frame, gt=10, pred=38]
office0:  23%|██▎       | 23/100 [01:11<03:15,  2.54s/frame, gt=11, pred=32]
office0:  24%|██▍       | 24/100 [01:14<03:07,  2.47s/frame, gt=9, pred=30] 
office0:  25%|██▌       | 25/100 [01:16<03:00,  2.41s/frame, gt=10, pred=30]
office0:  26%|██▌       | 26/100 [01:18<02:55,  2.37s/frame, gt=10, pred=28]
office0:  27%|██▋       | 27/100 [01:21<02:54,  2.39s/frame, gt=10, pred=36]
office0:  28%|██▊       | 28/100 [01:24<03:03,  2.55s/frame, gt=9, pred=60] 
office0:  29%|██▉       | 29/100 [01:26<03:04,  2.60s/frame, gt=11, pred=51]
office0:  30%|███       | 30/100 [01:29<03:06,  2.67s/frame, gt=13, pred=44]
office0:  31%|███       | 31/100 [01:31<02:55,  2.55s/frame, gt=8, pred=38] 
office0:  32%|███▏      | 32/100 [01:34<02:54,  2.57s/frame, gt=8, pred=55]
office0:  33%|███▎      | 33/100 [01:37<02:55,  2.62s/frame, gt=8, pred=55]
office0:  34%|███▍      | 34/100 [01:40<03:04,  2.79s/frame, gt=11, pred=65]
office0:  35%|███▌      | 35/100 [01:44<03:18,  3.05s/frame, gt=13, pred=72]
office0:  36%|███▌      | 36/100 [01:47<03:25,  3.21s/frame, gt=20, pred=63]
office0:  37%|███▋      | 37/100 [01:51<03:39,  3.49s/frame, gt=25, pred=70]
office0:  38%|███▊      | 38/100 [01:56<03:59,  3.86s/frame, gt=28, pred=78]
office0:  39%|███▉      | 39/100 [02:01<04:13,  4.16s/frame, gt=28, pred=79]
office0:  40%|████      | 40/100 [02:05<04:05,  4.09s/frame, gt=26, pred=59]
office0:  41%|████      | 41/100 [02:09<03:57,  4.02s/frame, gt=28, pred=54]
office0:  42%|████▏     | 42/100 [02:13<03:55,  4.07s/frame, gt=30, pred=54]
office0:  43%|████▎     | 43/100 [02:17<03:47,  3.99s/frame, gt=30, pred=45]
office0:  44%|████▍     | 44/100 [02:20<03:32,  3.79s/frame, gt=20, pred=32]
office0:  45%|████▌     | 45/100 [02:23<03:18,  3.61s/frame, gt=18, pred=33]
office0:  46%|████▌     | 46/100 [02:26<03:06,  3.45s/frame, gt=15, pred=31]
office0:  47%|████▋     | 47/100 [02:29<02:51,  3.23s/frame, gt=17, pred=33]
office0:  48%|████▊     | 48/100 [02:32<02:44,  3.16s/frame, gt=15, pred=42]
office0:  49%|████▉     | 49/100 [02:35<02:41,  3.16s/frame, gt=15, pred=48]
office0:  50%|█████     | 50/100 [02:39<02:42,  3.24s/frame, gt=17, pred=55]
office0:  51%|█████     | 51/100 [02:42<02:42,  3.32s/frame, gt=18, pred=57]
office0:  52%|█████▏    | 52/100 [02:46<02:43,  3.41s/frame, gt=18, pred=59]
office0:  53%|█████▎    | 53/100 [02:49<02:44,  3.50s/frame, gt=21, pred=61]
office0:  54%|█████▍    | 54/100 [02:53<02:44,  3.58s/frame, gt=21, pred=61]
office0:  55%|█████▌    | 55/100 [02:57<02:45,  3.68s/frame, gt=22, pred=58]
office0:  56%|█████▌    | 56/100 [03:01<02:43,  3.72s/frame, gt=24, pred=59]
office0:  57%|█████▋    | 57/100 [03:05<02:39,  3.70s/frame, gt=26, pred=57]
office0:  58%|█████▊    | 58/100 [03:08<02:32,  3.62s/frame, gt=28, pred=54]
office0:  59%|█████▉    | 59/100 [03:12<02:28,  3.62s/frame, gt=31, pred=56]
office0:  60%|██████    | 60/100 [03:16<02:28,  3.72s/frame, gt=32, pred=61]
office0:  61%|██████    | 61/100 [03:19<02:27,  3.79s/frame, gt=32, pred=60]
office0:  62%|██████▏   | 62/100 [03:24<02:27,  3.89s/frame, gt=33, pred=66]
office0:  63%|██████▎   | 63/100 [03:28<02:24,  3.90s/frame, gt=33, pred=61]
office0:  64%|██████▍   | 64/100 [03:32<02:26,  4.07s/frame, gt=33, pred=72]
office0:  65%|██████▌   | 65/100 [03:36<02:21,  4.05s/frame, gt=29, pred=68]
office0:  66%|██████▌   | 66/100 [03:40<02:17,  4.04s/frame, gt=29, pred=67]
office0:  67%|██████▋   | 67/100 [03:44<02:10,  3.95s/frame, gt=27, pred=62]
office0:  68%|██████▊   | 68/100 [03:48<02:08,  4.03s/frame, gt=26, pred=74]
office0:  69%|██████▉   | 69/100 [03:52<02:04,  4.02s/frame, gt=28, pred=67]
office0:  70%|███████   | 70/100 [03:56<02:03,  4.12s/frame, gt=28, pred=74]
office0:  71%|███████   | 71/100 [04:01<02:01,  4.20s/frame, gt=28, pred=74]
office0:  72%|███████▏  | 72/100 [04:05<01:58,  4.22s/frame, gt=28, pred=72]
office0:  73%|███████▎  | 73/100 [04:09<01:51,  4.14s/frame, gt=27, pred=67]
office0:  74%|███████▍  | 74/100 [04:13<01:47,  4.15s/frame, gt=27, pred=72]
office0:  75%|███████▌  | 75/100 [04:18<01:47,  4.29s/frame, gt=27, pred=80]
office0:  76%|███████▌  | 76/100 [04:22<01:41,  4.21s/frame, gt=26, pred=72]
office0:  77%|███████▋  | 77/100 [04:26<01:37,  4.25s/frame, gt=23, pred=77]
office0:  78%|███████▊  | 78/100 [04:30<01:33,  4.26s/frame, gt=21, pred=78]
office0:  79%|███████▉  | 79/100 [04:34<01:26,  4.10s/frame, gt=19, pred=70]
office0:  80%|████████  | 80/100 [04:37<01:15,  3.79s/frame, gt=10, pred=62]
office0:  81%|████████  | 81/100 [04:40<01:07,  3.56s/frame, gt=7, pred=63] 
office0:  82%|████████▏ | 82/100 [04:43<01:00,  3.34s/frame, gt=7, pred=60]
office0:  83%|████████▎ | 83/100 [04:46<00:53,  3.12s/frame, gt=5, pred=59]
office0:  84%|████████▍ | 84/100 [04:49<00:49,  3.12s/frame, gt=5, pred=70]
office0:  85%|████████▌ | 85/100 [04:52<00:47,  3.14s/frame, gt=5, pred=73]
office0:  86%|████████▌ | 86/100 [04:55<00:44,  3.21s/frame, gt=5, pred=77]
office0:  87%|████████▋ | 87/100 [04:59<00:42,  3.23s/frame, gt=5, pred=73]
office0:  88%|████████▊ | 88/100 [05:02<00:37,  3.16s/frame, gt=5, pred=67]
office0:  89%|████████▉ | 89/100 [05:05<00:34,  3.15s/frame, gt=5, pred=72]
office0:  90%|█████████ | 90/100 [05:07<00:27,  2.78s/frame, gt=3, pred=30]
office0:  91%|█████████ | 91/100 [05:09<00:25,  2.78s/frame, gt=10, pred=43]
office0:  92%|█████████▏| 92/100 [05:13<00:22,  2.87s/frame, gt=15, pred=56]
office0:  93%|█████████▎| 93/100 [05:15<00:20,  2.89s/frame, gt=17, pred=52]
office0:  94%|█████████▍| 94/100 [05:19<00:17,  2.94s/frame, gt=17, pred=50]
office0:  95%|█████████▌| 95/100 [05:22<00:15,  3.08s/frame, gt=20, pred=57]
office0:  96%|█████████▌| 96/100 [05:25<00:12,  3.20s/frame, gt=17, pred=62]
office0:  97%|█████████▋| 97/100 [05:29<00:09,  3.22s/frame, gt=19, pred=55]
office0:  98%|█████████▊| 98/100 [05:32<00:06,  3.11s/frame, gt=16, pred=45]
office0:  99%|█████████▉| 99/100 [05:34<00:03,  3.05s/frame, gt=15, pred=47]
office0: 100%|██████████| 100/100 [05:37<00:00,  2.99s/frame, gt=14, pred=49]
office0: 100%|██████████| 100/100 [05:37<00:00,  3.38s/frame, gt=14, pred=49]
