
office0:   0%|          | 0/100 [00:00<?, ?frame/s]
office0:   1%|          | 1/100 [00:03<05:42,  3.46s/frame, gt=22, pred=51]
office0:   2%|▏         | 2/100 [00:06<05:04,  3.11s/frame, gt=22, pred=53]
office0:   3%|▎         | 3/100 [00:09<04:49,  2.99s/frame, gt=22, pred=53]
office0:   4%|▍         | 4/100 [00:12<04:48,  3.00s/frame, gt=22, pred=56]
office0:   5%|▌         | 5/100 [00:15<04:42,  2.97s/frame, gt=22, pred=53]
office0:   6%|▌         | 6/100 [00:18<04:43,  3.02s/frame, gt=22, pred=57]
office0:   7%|▋         | 7/100 [00:21<04:40,  3.02s/frame, gt=22, pred=57]
office0:   8%|▊         | 8/100 [00:24<04:52,  3.17s/frame, gt=24, pred=65]
office0:   9%|▉         | 9/100 [00:27<04:39,  3.07s/frame, gt=22, pred=54]
office0:  10%|█         | 10/100 [00:30<04:39,  3.10s/frame, gt=20, pred=66]
office0:  11%|█         | 11/100 [00:33<04:26,  3.00s/frame, gt=20, pred=57]
office0:  12%|█▏        | 12/100 [00:36<04:17,  2.92s/frame, gt=16, pred=55]
office0:  13%|█▎        | 13/100 [00:39<04:11,  2.89s/frame, gt=15, pred=60]
office0:  14%|█▍        | 14/100 [00:41<03:56,  2.75s/frame, gt=15, pred=51]
office0:  15%|█▌        | 15/100 [00:43<03:38,  2.57s/frame, gt=10, pred=42]
office0:  16%|█▌        | 16/100 [00:45<03:21,  2.40s/frame, gt=10, pred=38]
office0:  17%|█▋        | 17/100 [00:47<03:03,  2.21s/frame, gt=12, pred=21]
office0:  18%|█▊        | 18/100 [00:49<02:51,  2.10s/frame, gt=12, pred=22]
office0:  19%|█▉        | 19/100 [00:51<03:04,  2.28s/frame, gt=14, pred=54]
office0:  20%|██        | 20/100 [00:54<02:58,  2.24s/frame, gt=10, pred=40]
office0:  21%|██        | 21/100 [00:56<02:53,  2.20s/frame, gt=10, pred=39]
office0:  22%|██▏       | 22/100 [00:58<02:47,  2.15s/frame, gt=10, pred=37]
office0:  23%|██▎       | 23/100 [01:00<02:41,  2.09s/frame, gt=11, pred=36]
office0:  24%|██▍       | 24/100 [01:02<02:32,  2.01s/frame, gt=9, pred=31] 
office0:  25%|██▌       | 25/100 [01:03<02:26,  1.96s/frame, gt=10, pred=28]
office0:  26%|██▌       | 26/100 [01:05<02:23,  1.94s/frame, gt=10, pred=29]
office0:  27%|██▋       | 27/100 [01:07<02:24,  1.98s/frame, gt=10, pred=39]
office0:  28%|██▊       | 28/100 [01:10<02:28,  2.06s/frame, gt=9, pred=51] 
office0:  29%|██▉       | 29/100 [01:12<02:35,  2.19s/frame, gt=11, pred=55]
office0:  30%|███       | 30/100 [01:14<02:37,  2.25s/frame, gt=13, pred=49]
office0:  31%|███       | 31/100 [01:16<02:29,  2.17s/frame, gt=8, pred=38] 
office0:  32%|███▏      | 32/100 [01:19<02:27,  2.17s/frame, gt=8, pred=51]
office0:  33%|███▎      | 33/100 [01:21<02:33,  2.29s/frame, gt=8, pred=62]
office0:  34%|███▍      | 34/100 [01:24<02:37,  2.39s/frame, gt=11, pred=60]
office0:  35%|███▌      | 35/100 [01:27<02:50,  2.62s/frame, gt=13, pred=70]
office0:  36%|███▌      | 36/100 [01:31<03:07,  2.93s/frame, gt=20, pred=72]
office0:  37%|███▋      | 37/100 [01:34<03:14,  3.09s/frame, gt=25, pred=66]
office0:  38%|███▊      | 38/100 [01:38<03:29,  3.38s/frame, gt=28, pred=73]
office0:  39%|███▉      | 39/100 [01:43<03:47,  3.74s/frame, gt=28, pred=82]
office0:  40%|████      | 40/100 [01:46<03:38,  3.64s/frame, gt=26, pred=60]
office0:  41%|████      | 41/100 [01:49<03:23,  3.45s/frame, gt=28, pred=52]
office0:  42%|████▏     | 42/100 [01:53<03:18,  3.42s/frame, gt=30, pred=51]
office0:  43%|████▎     | 43/100 [01:56<03:13,  3.40s/frame, gt=30, pred=49]
office0:  44%|████▍     | 44/100 [01:58<02:52,  3.09s/frame, gt=20, pred=29]
office0:  45%|████▌     | 45/100 [02:01<02:37,  2.87s/frame, gt=18, pred=34]
office0:  46%|████▌     | 46/100 [02:03<02:28,  2.76s/frame, gt=15, pred=34]
office0:  47%|████▋     | 47/100 [02:05<02:16,  2.58s/frame, gt=17, pred=33]
office0:  48%|████▊     | 48/100 [02:08<02:13,  2.56s/frame, gt=15, pred=45]
office0:  49%|████▉     | 49/100 [02:10<02:11,  2.59s/frame, gt=15, pred=49]
office0:  50%|█████     | 50/100 [02:13<02:11,  2.63s/frame, gt=17, pred=50]
office0:  51%|█████     | 51/100 [02:16<02:12,  2.70s/frame, gt=18, pred=54]
office0:  52%|█████▏    | 52/100 [02:19<02:12,  2.77s/frame, gt=18, pred=55]
office0:  53%|█████▎    | 53/100 [02:22<02:19,  2.96s/frame, gt=21, pred=65]
office0:  54%|█████▍    | 54/100 [02:25<02:17,  2.99s/frame, gt=21, pred=58]
office0:  55%|█████▌    | 55/100 [02:29<02:20,  3.13s/frame, gt=22, pred=60]
office0:  56%|█████▌    | 56/100 [02:32<02:23,  3.26s/frame, gt=24, pred=61]
office0:  57%|█████▋    | 57/100 [02:36<02:19,  3.23s/frame, gt=26, pred=57]
office0:  58%|█████▊    | 58/100 [02:38<02:11,  3.13s/frame, gt=28, pred=50]
office0:  59%|█████▉    | 59/100 [02:42<02:09,  3.17s/frame, gt=31, pred=55]
office0:  60%|██████    | 60/100 [02:45<02:06,  3.16s/frame, gt=32, pred=53]
office0:  61%|██████    | 61/100 [02:48<02:07,  3.26s/frame, gt=32, pred=60]
office0:  62%|██████▏   | 62/100 [02:52<02:10,  3.43s/frame, gt=33, pred=65]
office0:  63%|██████▎   | 63/100 [02:56<02:13,  3.62s/frame, gt=33, pred=68]
office0:  64%|██████▍   | 64/100 [03:00<02:12,  3.69s/frame, gt=33, pred=68]
office0:  65%|██████▌   | 65/100 [03:04<02:07,  3.63s/frame, gt=29, pred=64]
office0:  66%|██████▌   | 66/100 [03:07<02:00,  3.54s/frame, gt=29, pred=60]
office0:  67%|██████▋   | 67/100 [03:10<01:54,  3.47s/frame, gt=27, pred=62]
office0:  68%|██████▊   | 68/100 [03:14<01:49,  3.42s/frame, gt=26, pred=63]
office0:  69%|██████▉   | 69/100 [03:17<01:45,  3.42s/frame, gt=28, pred=62]
office0:  70%|███████   | 70/100 [03:21<01:47,  3.58s/frame, gt=28, pred=72]
office0:  71%|███████   | 71/100 [03:25<01:47,  3.70s/frame, gt=28, pred=73]
office0:  72%|███████▏  | 72/100 [03:29<01:43,  3.70s/frame, gt=28, pred=68]
office0:  73%|███████▎  | 73/100 [03:32<01:39,  3.69s/frame, gt=27, pred=69]
office0:  74%|███████▍  | 74/100 [03:36<01:38,  3.79s/frame, gt=27, pred=76]
office0:  75%|███████▌  | 75/100 [03:40<01:35,  3.83s/frame, gt=27, pred=73]
office0:  76%|███████▌  | 76/100 [03:44<01:31,  3.83s/frame, gt=26, pred=72]
office0:  77%|███████▋  | 77/100 [03:48<01:29,  3.88s/frame, gt=23, pred=79]
office0:  78%|███████▊  | 78/100 [03:52<01:23,  3.81s/frame, gt=21, pred=73]
office0:  79%|███████▉  | 79/100 [03:55<01:18,  3.74s/frame, gt=19, pred=74]
office0:  80%|████████  | 80/100 [03:58<01:07,  3.39s/frame, gt=10, pred=61]
office0:  81%|████████  | 81/100 [04:01<01:00,  3.21s/frame, gt=7, pred=67] 
office0:  82%|████████▏ | 82/100 [04:03<00:53,  2.98s/frame, gt=7, pred=60]
office0:  83%|████████▎ | 83/100 [04:05<00:47,  2.78s/frame, gt=5, pred=59]
office0:  84%|████████▍ | 84/100 [04:08<00:42,  2.68s/frame, gt=5, pred=63]
office0:  85%|████████▌ | 85/100 [04:11<00:41,  2.77s/frame, gt=5, pred=77]
office0:  86%|████████▌ | 86/100 [04:14<00:39,  2.79s/frame, gt=5, pred=75]
office0:  87%|████████▋ | 87/100 [04:16<00:35,  2.77s/frame, gt=5, pred=71]
office0:  88%|████████▊ | 88/100 [04:19<00:32,  2.73s/frame, gt=5, pred=68]
office0:  89%|████████▉ | 89/100 [04:22<00:29,  2.72s/frame, gt=5, pred=72]
office0:  90%|█████████ | 90/100 [04:23<00:23,  2.35s/frame, gt=3, pred=27]
office0:  91%|█████████ | 91/100 [04:25<00:20,  2.26s/frame, gt=10, pred=38]
office0:  92%|█████████▏| 92/100 [04:28<00:18,  2.33s/frame, gt=15, pred=50]
office0:  93%|█████████▎| 93/100 [04:30<00:17,  2.44s/frame, gt=17, pred=55]
office0:  94%|█████████▍| 94/100 [04:33<00:14,  2.45s/frame, gt=17, pred=48]
office0:  95%|█████████▌| 95/100 [04:36<00:13,  2.61s/frame, gt=20, pred=58]
office0:  96%|█████████▌| 96/100 [04:39<00:10,  2.72s/frame, gt=17, pred=60]
office0:  97%|█████████▋| 97/100 [04:42<00:08,  2.75s/frame, gt=19, pred=55]
office0:  98%|█████████▊| 98/100 [04:44<00:05,  2.61s/frame, gt=16, pred=40]
office0:  99%|█████████▉| 99/100 [04:46<00:02,  2.54s/frame, gt=15, pred=43]
office0: 100%|██████████| 100/100 [04:48<00:00,  2.41s/frame, gt=14, pred=40]
office0: 100%|██████████| 100/100 [04:48<00:00,  2.89s/frame, gt=14, pred=40]
