
office0:   0%|          | 0/100 [00:00<?, ?frame/s]
office0:   1%|          | 1/100 [00:03<06:06,  3.70s/frame, gt=22, pred=52]
office0:   2%|▏         | 2/100 [00:06<05:22,  3.30s/frame, gt=22, pred=50]
office0:   3%|▎         | 3/100 [00:09<05:10,  3.20s/frame, gt=22, pred=52]
office0:   4%|▍         | 4/100 [00:13<05:15,  3.29s/frame, gt=22, pred=55]
office0:   5%|▌         | 5/100 [00:16<05:07,  3.23s/frame, gt=22, pred=52]
office0:   6%|▌         | 6/100 [00:19<04:56,  3.15s/frame, gt=22, pred=49]
office0:   7%|▋         | 7/100 [00:22<04:51,  3.14s/frame, gt=22, pred=54]
office0:   8%|▊         | 8/100 [00:25<04:57,  3.23s/frame, gt=24, pred=60]
office0:   9%|▉         | 9/100 [00:29<04:57,  3.27s/frame, gt=22, pred=59]
office0:  10%|█         | 10/100 [00:32<04:47,  3.19s/frame, gt=20, pred=58]
office0:  11%|█         | 11/100 [00:35<04:35,  3.09s/frame, gt=20, pred=55]
office0:  12%|█▏        | 12/100 [00:37<04:23,  2.99s/frame, gt=16, pred=49]
office0:  13%|█▎        | 13/100 [00:40<04:09,  2.87s/frame, gt=15, pred=47]
office0:  14%|█▍        | 14/100 [00:43<03:59,  2.78s/frame, gt=15, pred=47]
office0:  15%|█▌        | 15/100 [00:45<03:47,  2.67s/frame, gt=10, pred=38]
office0:  16%|█▌        | 16/100 [00:47<03:34,  2.55s/frame, gt=10, pred=35]
office0:  17%|█▋        | 17/100 [00:50<03:24,  2.47s/frame, gt=12, pred=26]
office0:  18%|█▊        | 18/100 [00:52<03:14,  2.37s/frame, gt=12, pred=22]
office0:  19%|█▉        | 19/100 [00:54<03:19,  2.47s/frame, gt=14, pred=47]
office0:  20%|██        | 20/100 [00:57<03:14,  2.43s/frame, gt=10, pred=37]
office0:  21%|██        | 21/100 [00:59<03:06,  2.36s/frame, gt=10, pred=32]
office0:  22%|██▏       | 22/100 [01:01<03:00,  2.31s/frame, gt=10, pred=33]
office0:  23%|██▎       | 23/100 [01:03<02:54,  2.26s/frame, gt=11, pred=31]
office0:  24%|██▍       | 24/100 [01:05<02:46,  2.19s/frame, gt=9, pred=25] 
office0:  25%|██▌       | 25/100 [01:07<02:42,  2.17s/frame, gt=10, pred=27]
office0:  26%|██▌       | 26/100 [01:10<02:39,  2.16s/frame, gt=10, pred=26]
office0:  27%|██▋       | 27/100 [01:12<02:38,  2.18s/frame, gt=10, pred=33]
office0:  28%|██▊       | 28/100 [01:14<02:44,  2.29s/frame, gt=9, pred=54] 
office0:  29%|██▉       | 29/100 [01:17<02:45,  2.33s/frame, gt=11, pred=46]
office0:  30%|███       | 30/100 [01:19<02:45,  2.36s/frame, gt=13, pred=44]
office0:  31%|███       | 31/100 [01:21<02:38,  2.30s/frame, gt=8, pred=36] 
office0:  32%|███▏      | 32/100 [01:24<02:36,  2.30s/frame, gt=8, pred=48]
office0:  33%|███▎      | 33/100 [01:26<02:38,  2.36s/frame, gt=8, pred=53]
office0:  34%|███▍      | 34/100 [01:29<02:45,  2.51s/frame, gt=11, pred=60]
office0:  35%|███▌      | 35/100 [01:32<02:56,  2.71s/frame, gt=13, pred=66]
office0:  36%|███▌      | 36/100 [01:35<03:02,  2.86s/frame, gt=20, pred=59]
office0:  37%|███▋      | 37/100 [01:39<03:12,  3.06s/frame, gt=25, pred=64]
office0:  38%|███▊      | 38/100 [01:43<03:28,  3.37s/frame, gt=28, pred=71]
office0:  39%|███▉      | 39/100 [01:47<03:36,  3.56s/frame, gt=28, pred=70]
office0:  40%|████      | 40/100 [01:50<03:30,  3.51s/frame, gt=26, pred=56]
office0:  41%|████      | 41/100 [01:54<03:23,  3.45s/frame, gt=28, pred=52]
office0:  42%|████▏     | 42/100 [01:57<03:22,  3.49s/frame, gt=30, pred=50]
office0:  43%|████▎     | 43/100 [02:01<03:19,  3.51s/frame, gt=30, pred=42]
office0:  44%|████▍     | 44/100 [02:04<03:04,  3.30s/frame, gt=20, pred=30]
office0:  45%|████▌     | 45/100 [02:06<02:51,  3.11s/frame, gt=18, pred=32]
office0:  46%|████▌     | 46/100 [02:09<02:42,  3.02s/frame, gt=15, pred=27]
office0:  47%|████▋     | 47/100 [02:12<02:30,  2.84s/frame, gt=17, pred=30]
office0:  48%|████▊     | 48/100 [02:14<02:24,  2.77s/frame, gt=15, pred=38]
office0:  49%|████▉     | 49/100 [02:17<02:21,  2.78s/frame, gt=15, pred=45]
office0:  50%|█████     | 50/100 [02:20<02:22,  2.86s/frame, gt=17, pred=51]
office0:  51%|█████     | 51/100 [02:23<02:23,  2.93s/frame, gt=18, pred=52]
office0:  52%|█████▏    | 52/100 [02:26<02:24,  3.00s/frame, gt=18, pred=55]
office0:  53%|█████▎    | 53/100 [02:29<02:24,  3.08s/frame, gt=21, pred=57]
office0:  54%|█████▍    | 54/100 [02:33<02:22,  3.10s/frame, gt=21, pred=56]
office0:  55%|█████▌    | 55/100 [02:36<02:25,  3.24s/frame, gt=22, pred=55]
office0:  56%|█████▌    | 56/100 [02:40<02:28,  3.36s/frame, gt=24, pred=59]
office0:  57%|█████▋    | 57/100 [02:43<02:21,  3.29s/frame, gt=26, pred=50]
office0:  58%|█████▊    | 58/100 [02:46<02:14,  3.20s/frame, gt=28, pred=47]
office0:  59%|█████▉    | 59/100 [02:49<02:11,  3.20s/frame, gt=31, pred=51]
office0:  60%|██████    | 60/100 [02:53<02:11,  3.28s/frame, gt=32, pred=55]
office0:  61%|██████    | 61/100 [02:56<02:09,  3.31s/frame, gt=32, pred=53]
office0:  62%|██████▏   | 62/100 [03:00<02:09,  3.41s/frame, gt=33, pred=60]
office0:  63%|██████▎   | 63/100 [03:03<02:08,  3.46s/frame, gt=33, pred=57]
office0:  64%|██████▍   | 64/100 [03:07<02:11,  3.65s/frame, gt=33, pred=68]
office0:  65%|██████▌   | 65/100 [03:11<02:08,  3.66s/frame, gt=29, pred=63]
office0:  66%|██████▌   | 66/100 [03:15<02:04,  3.65s/frame, gt=29, pred=62]
office0:  67%|██████▋   | 67/100 [03:18<01:57,  3.55s/frame, gt=27, pred=56]
office0:  68%|██████▊   | 68/100 [03:22<01:54,  3.57s/frame, gt=26, pred=66]
office0:  69%|██████▉   | 69/100 [03:25<01:51,  3.59s/frame, gt=28, pred=64]
office0:  70%|███████   | 70/100 [03:29<01:51,  3.72s/frame, gt=28, pred=70]
office0:  71%|███████   | 71/100 [03:33<01:49,  3.78s/frame, gt=28, pred=68]
office0:  72%|███████▏  | 72/100 [03:37<01:45,  3.76s/frame, gt=28, pred=65]
office0:  73%|███████▎  | 73/100 [03:40<01:39,  3.67s/frame, gt=27, pred=62]
office0:  74%|███████▍  | 74/100 [03:44<01:35,  3.66s/frame, gt=27, pred=64]
office0:  75%|███████▌  | 75/100 [03:48<01:34,  3.80s/frame, gt=27, pred=73]
office0:  76%|███████▌  | 76/100 [03:52<01:30,  3.77s/frame, gt=26, pred=67]
office0:  77%|███████▋  | 77/100 [03:56<01:28,  3.84s/frame, gt=23, pred=75]
office0:  78%|███████▊  | 78/100 [04:00<01:23,  3.81s/frame, gt=21, pred=71]
office0:  79%|███████▉  | 79/100 [04:03<01:16,  3.62s/frame, gt=19, pred=62]
office0:  80%|████████  | 80/100 [04:05<01:07,  3.36s/frame, gt=10, pred=58]
office0:  81%|████████  | 81/100 [04:08<00:59,  3.16s/frame, gt=7, pred=61] 
office0:  82%|████████▏ | 82/100 [04:11<00:52,  2.94s/frame, gt=7, pred=53]
office0:  83%|████████▎ | 83/100 [04:13<00:46,  2.76s/frame, gt=5, pred=55]
office0:  84%|████████▍ | 84/100 [04:16<00:44,  2.77s/frame, gt=5, pred=67]
office0:  85%|████████▌ | 85/100 [04:19<00:41,  2.78s/frame, gt=5, pred=68]
office0:  86%|████████▌ | 86/100 [04:21<00:39,  2.82s/frame, gt=5, pred=72]
office0:  87%|████████▋ | 87/100 [04:24<00:36,  2.84s/frame, gt=5, pred=68]
office0:  88%|████████▊ | 88/100 [04:27<00:33,  2.77s/frame, gt=5, pred=63]
office0:  89%|████████▉ | 89/100 [04:30<00:30,  2.77s/frame, gt=5, pred=68]
office0:  90%|█████████ | 90/100 [04:31<00:24,  2.47s/frame, gt=3, pred=27]
office0:  91%|█████████ | 91/100 [04:34<00:21,  2.44s/frame, gt=10, pred=39]
office0:  92%|█████████▏| 92/100 [04:37<00:20,  2.56s/frame, gt=15, pred=54]
office0:  93%|█████████▎| 93/100 [04:39<00:18,  2.60s/frame, gt=17, pred=49]
office0:  94%|█████████▍| 94/100 [04:42<00:15,  2.63s/frame, gt=17, pred=47]
office0:  95%|█████████▌| 95/100 [04:45<00:13,  2.76s/frame, gt=20, pred=52]
office0:  96%|█████████▌| 96/100 [04:48<00:11,  2.86s/frame, gt=17, pred=58]
office0:  97%|█████████▋| 97/100 [04:51<00:08,  2.86s/frame, gt=19, pred=51]
office0:  98%|█████████▊| 98/100 [04:54<00:05,  2.79s/frame, gt=16, pred=41]
office0:  99%|█████████▉| 99/100 [04:56<00:02,  2.75s/frame, gt=15, pred=45]
office0: 100%|██████████| 100/100 [04:59<00:00,  2.64s/frame, gt=14, pred=40]
office0: 100%|██████████| 100/100 [04:59<00:00,  2.99s/frame, gt=14, pred=40]
