
office0:   0%|          | 0/100 [00:00<?, ?frame/s]/robodata/smodak/repos/ovo/thirdParty/segment-anything-2/sam2/modeling/sam/transformer.py:270: UserWarning: Memory efficient kernel not used because: (Triggered internally at /pytorch/aten/src/ATen/native/transformers/cuda/sdp_utils.cpp:986.)
  out = F.scaled_dot_product_attention(q, k, v, dropout_p=dropout_p)
/robodata/smodak/repos/ovo/thirdParty/segment-anything-2/sam2/modeling/sam/transformer.py:270: UserWarning: Memory Efficient attention has been runtime disabled. (Triggered internally at /pytorch/aten/src/ATen/native/transformers/sdp_utils_cpp.h:552.)
  out = F.scaled_dot_product_attention(q, k, v, dropout_p=dropout_p)
/robodata/smodak/repos/ovo/thirdParty/segment-anything-2/sam2/modeling/sam/transformer.py:270: UserWarning: Flash attention kernel not used because: (Triggered internally at /pytorch/aten/src/ATen/native/transformers/cuda/sdp_utils.cpp:988.)
  out = F.scaled_dot_product_attention(q, k, v, dropout_p=dropout_p)
/robodata/smodak/repos/ovo/thirdParty/segment-anything-2/sam2/modeling/sam/transformer.py:270: UserWarning: Expected query, key and value to all be of dtype: {Half, BFloat16}. Got Query dtype: float, Key dtype: float, and Value dtype: float instead. (Triggered internally at /pytorch/aten/src/ATen/native/transformers/sdp_utils_cpp.h:91.)
  out = F.scaled_dot_product_attention(q, k, v, dropout_p=dropout_p)
/robodata/smodak/repos/ovo/thirdParty/segment-anything-2/sam2/modeling/sam/transformer.py:270: UserWarning: cuDNN attention kernel not used because: (Triggered internally at /pytorch/aten/src/ATen/native/transformers/cuda/sdp_utils.cpp:990.)
  out = F.scaled_dot_product_attention(q, k, v, dropout_p=dropout_p)
/opt/miniconda3/envs/ovo/lib/python3.10/site-packages/torch/nn/modules/module.py:1790: UserWarning: Flash Attention kernel failed due to: No available kernel. Aborting execution.
Falling back to all available kernels for scaled_dot_product_attention (which may have a slower speed).
  return forward_call(*args, **kwargs)

office0:   1%|          | 1/100 [00:01<01:57,  1.18s/frame, gt=22, pred=12]
office0:   2%|▏         | 2/100 [00:01<01:15,  1.30frame/s, gt=22, pred=11]
office0:   3%|▎         | 3/100 [00:02<01:01,  1.57frame/s, gt=22, pred=12]
office0:   4%|▍         | 4/100 [00:02<00:57,  1.66frame/s, gt=22, pred=14]
office0:   5%|▌         | 5/100 [00:03<00:58,  1.61frame/s, gt=22, pred=19]
office0:   6%|▌         | 6/100 [00:04<01:02,  1.50frame/s, gt=22, pred=14]
office0:   7%|▋         | 7/100 [00:04<01:02,  1.49frame/s, gt=22, pred=16]
office0:   8%|▊         | 8/100 [00:05<01:00,  1.52frame/s, gt=24, pred=17]
office0:   9%|▉         | 9/100 [00:06<01:01,  1.49frame/s, gt=22, pred=19]
office0:  10%|█         | 10/100 [00:06<00:56,  1.60frame/s, gt=20, pred=15]
office0:  11%|█         | 11/100 [00:07<00:52,  1.71frame/s, gt=20, pred=14]
office0:  12%|█▏        | 12/100 [00:07<00:48,  1.80frame/s, gt=16, pred=14]
office0:  13%|█▎        | 13/100 [00:08<00:47,  1.85frame/s, gt=15, pred=14]
office0:  14%|█▍        | 14/100 [00:08<00:45,  1.91frame/s, gt=15, pred=14]
office0:  15%|█▌        | 15/100 [00:08<00:40,  2.12frame/s, gt=10, pred=8] 
office0:  16%|█▌        | 16/100 [00:09<00:35,  2.33frame/s, gt=10, pred=6]
office0:  17%|█▋        | 17/100 [00:09<00:34,  2.41frame/s, gt=12, pred=7]
office0:  18%|█▊        | 18/100 [00:10<00:33,  2.45frame/s, gt=12, pred=8]
office0:  19%|█▉        | 19/100 [00:10<00:33,  2.42frame/s, gt=14, pred=13]
office0:  20%|██        | 20/100 [00:10<00:31,  2.53frame/s, gt=10, pred=8] 
office0:  21%|██        | 21/100 [00:11<00:29,  2.64frame/s, gt=10, pred=6]
office0:  22%|██▏       | 22/100 [00:11<00:28,  2.69frame/s, gt=10, pred=9]
office0:  23%|██▎       | 23/100 [00:11<00:27,  2.83frame/s, gt=11, pred=5]
office0:  24%|██▍       | 24/100 [00:12<00:25,  2.96frame/s, gt=9, pred=5] 
office0:  25%|██▌       | 25/100 [00:12<00:25,  2.93frame/s, gt=10, pred=8]
office0:  26%|██▌       | 26/100 [00:12<00:26,  2.80frame/s, gt=10, pred=10]
office0:  27%|██▋       | 27/100 [00:13<00:25,  2.81frame/s, gt=10, pred=9] 
office0:  28%|██▊       | 28/100 [00:13<00:25,  2.85frame/s, gt=9, pred=9] 
office0:  29%|██▉       | 29/100 [00:13<00:23,  3.00frame/s, gt=11, pred=5]
office0:  30%|███       | 30/100 [00:14<00:22,  3.11frame/s, gt=13, pred=5]
office0:  31%|███       | 31/100 [00:14<00:22,  3.07frame/s, gt=8, pred=10]
office0:  32%|███▏      | 32/100 [00:14<00:22,  3.08frame/s, gt=8, pred=10]
office0:  33%|███▎      | 33/100 [00:15<00:21,  3.13frame/s, gt=8, pred=9] 
office0:  34%|███▍      | 34/100 [00:15<00:22,  2.94frame/s, gt=11, pred=11]
office0:  35%|███▌      | 35/100 [00:15<00:21,  3.00frame/s, gt=13, pred=7] 
office0:  36%|███▌      | 36/100 [00:16<00:25,  2.53frame/s, gt=20, pred=16]
office0:  37%|███▋      | 37/100 [00:16<00:28,  2.23frame/s, gt=25, pred=15]
office0:  38%|███▊      | 38/100 [00:17<00:29,  2.10frame/s, gt=28, pred=13]
office0:  39%|███▉      | 39/100 [00:18<00:30,  2.00frame/s, gt=28, pred=13]
office0:  40%|████      | 40/100 [00:18<00:32,  1.85frame/s, gt=26, pred=17]
office0:  41%|████      | 41/100 [00:19<00:34,  1.70frame/s, gt=28, pred=18]
office0:  42%|████▏     | 42/100 [00:19<00:33,  1.71frame/s, gt=30, pred=13]
office0:  43%|████▎     | 43/100 [00:20<00:33,  1.68frame/s, gt=30, pred=15]
office0:  44%|████▍     | 44/100 [00:21<00:31,  1.78frame/s, gt=20, pred=12]
office0:  45%|████▌     | 45/100 [00:21<00:29,  1.86frame/s, gt=18, pred=11]
office0:  46%|████▌     | 46/100 [00:21<00:26,  2.02frame/s, gt=15, pred=7] 
office0:  47%|████▋     | 47/100 [00:22<00:24,  2.14frame/s, gt=17, pred=7]
office0:  48%|████▊     | 48/100 [00:22<00:24,  2.12frame/s, gt=15, pred=12]
office0:  49%|████▉     | 49/100 [00:23<00:25,  2.04frame/s, gt=15, pred=16]
office0:  50%|█████     | 50/100 [00:23<00:24,  2.06frame/s, gt=17, pred=12]
office0:  51%|█████     | 51/100 [00:24<00:25,  1.96frame/s, gt=18, pred=16]
office0:  52%|█████▏    | 52/100 [00:24<00:24,  1.93frame/s, gt=18, pred=16]
office0:  53%|█████▎    | 53/100 [00:25<00:24,  1.89frame/s, gt=21, pred=15]
office0:  54%|█████▍    | 54/100 [00:26<00:24,  1.87frame/s, gt=21, pred=15]
office0:  55%|█████▌    | 55/100 [00:26<00:23,  1.88frame/s, gt=22, pred=14]
office0:  56%|█████▌    | 56/100 [00:27<00:24,  1.79frame/s, gt=24, pred=17]
office0:  57%|█████▋    | 57/100 [00:27<00:24,  1.76frame/s, gt=26, pred=15]
office0:  58%|█████▊    | 58/100 [00:28<00:25,  1.65frame/s, gt=28, pred=18]
office0:  59%|█████▉    | 59/100 [00:29<00:25,  1.58frame/s, gt=31, pred=17]
office0:  60%|██████    | 60/100 [00:29<00:25,  1.55frame/s, gt=32, pred=16]
office0:  61%|██████    | 61/100 [00:30<00:25,  1.53frame/s, gt=32, pred=15]
office0:  62%|██████▏   | 62/100 [00:31<00:24,  1.58frame/s, gt=33, pred=13]
office0:  63%|██████▎   | 63/100 [00:31<00:24,  1.51frame/s, gt=33, pred=17]
office0:  64%|██████▍   | 64/100 [00:32<00:25,  1.43frame/s, gt=33, pred=19]
office0:  65%|██████▌   | 65/100 [00:33<00:24,  1.43frame/s, gt=29, pred=18]
office0:  66%|██████▌   | 66/100 [00:33<00:23,  1.47frame/s, gt=29, pred=15]
office0:  67%|██████▋   | 67/100 [00:34<00:20,  1.58frame/s, gt=27, pred=13]
office0:  68%|██████▊   | 68/100 [00:34<00:19,  1.66frame/s, gt=26, pred=14]
office0:  69%|██████▉   | 69/100 [00:35<00:17,  1.76frame/s, gt=28, pred=11]
office0:  70%|███████   | 70/100 [00:35<00:16,  1.83frame/s, gt=28, pred=11]
office0:  71%|███████   | 71/100 [00:36<00:16,  1.76frame/s, gt=28, pred=16]
office0:  72%|███████▏  | 72/100 [00:37<00:15,  1.83frame/s, gt=28, pred=11]
office0:  73%|███████▎  | 73/100 [00:37<00:14,  1.90frame/s, gt=27, pred=11]
office0:  74%|███████▍  | 74/100 [00:38<00:13,  1.88frame/s, gt=27, pred=14]
office0:  75%|███████▌  | 75/100 [00:38<00:12,  2.03frame/s, gt=27, pred=8] 
office0:  76%|███████▌  | 76/100 [00:38<00:11,  2.14frame/s, gt=26, pred=9]
office0:  77%|███████▋  | 77/100 [00:39<00:11,  2.03frame/s, gt=23, pred=15]
office0:  78%|███████▊  | 78/100 [00:40<00:11,  1.95frame/s, gt=21, pred=17]
office0:  79%|███████▉  | 79/100 [00:40<00:10,  2.09frame/s, gt=19, pred=10]
office0:  80%|████████  | 80/100 [00:40<00:08,  2.23frame/s, gt=10, pred=12]
office0:  81%|████████  | 81/100 [00:41<00:07,  2.41frame/s, gt=7, pred=10] 
office0:  82%|████████▏ | 82/100 [00:41<00:06,  2.58frame/s, gt=7, pred=9] 
office0:  83%|████████▎ | 83/100 [00:41<00:06,  2.75frame/s, gt=5, pred=11]
office0:  84%|████████▍ | 84/100 [00:42<00:05,  2.88frame/s, gt=5, pred=8] 
office0:  85%|████████▌ | 85/100 [00:42<00:04,  3.00frame/s, gt=5, pred=10]
office0:  86%|████████▌ | 86/100 [00:42<00:04,  3.10frame/s, gt=5, pred=10]
office0:  87%|████████▋ | 87/100 [00:43<00:04,  3.13frame/s, gt=5, pred=11]
office0:  88%|████████▊ | 88/100 [00:43<00:03,  3.27frame/s, gt=5, pred=8] 
office0:  89%|████████▉ | 89/100 [00:43<00:03,  3.32frame/s, gt=5, pred=9]
office0:  90%|█████████ | 90/100 [00:43<00:02,  3.49frame/s, gt=3, pred=7]
office0:  91%|█████████ | 91/100 [00:44<00:02,  3.10frame/s, gt=10, pred=13]
office0:  92%|█████████▏| 92/100 [00:44<00:02,  2.71frame/s, gt=15, pred=14]
office0:  93%|█████████▎| 93/100 [00:45<00:03,  2.30frame/s, gt=17, pred=19]
office0:  94%|█████████▍| 94/100 [00:45<00:02,  2.20frame/s, gt=17, pred=15]
office0:  95%|█████████▌| 95/100 [00:46<00:02,  2.04frame/s, gt=20, pred=15]
office0:  96%|█████████▌| 96/100 [00:46<00:02,  1.92frame/s, gt=17, pred=18]
office0:  97%|█████████▋| 97/100 [00:47<00:01,  1.81frame/s, gt=19, pred=19]
office0:  98%|█████████▊| 98/100 [00:48<00:01,  1.85frame/s, gt=16, pred=15]
office0:  99%|█████████▉| 99/100 [00:48<00:00,  1.90frame/s, gt=15, pred=15]
office0: 100%|██████████| 100/100 [00:48<00:00,  2.08frame/s, gt=14, pred=9]
office0: 100%|██████████| 100/100 [00:48<00:00,  2.04frame/s, gt=14, pred=9]
