
office0:   0%|          | 0/100 [00:00<?, ?frame/s]
office0:   1%|          | 1/100 [00:04<08:10,  4.96s/frame, gt=22, pred=49]
office0:   2%|▏         | 2/100 [00:09<07:19,  4.48s/frame, gt=22, pred=46]
office0:   3%|▎         | 3/100 [00:13<07:00,  4.33s/frame, gt=22, pred=45]
office0:   4%|▍         | 4/100 [00:17<06:52,  4.30s/frame, gt=22, pred=45]
office0:   5%|▌         | 5/100 [00:21<06:54,  4.37s/frame, gt=22, pred=52]
office0:   6%|▌         | 6/100 [00:26<06:55,  4.42s/frame, gt=22, pred=51]
office0:   7%|▋         | 7/100 [00:30<06:52,  4.43s/frame, gt=22, pred=53]
office0:   8%|▊         | 8/100 [00:35<06:49,  4.45s/frame, gt=24, pred=53]
office0:   9%|▉         | 9/100 [00:40<06:52,  4.53s/frame, gt=22, pred=58]
office0:  10%|█         | 10/100 [00:44<06:54,  4.61s/frame, gt=20, pred=64]
office0:  11%|█         | 11/100 [00:49<07:00,  4.73s/frame, gt=20, pred=66]
office0:  12%|█▏        | 12/100 [00:54<06:41,  4.56s/frame, gt=16, pred=51]
office0:  13%|█▎        | 13/100 [00:58<06:22,  4.40s/frame, gt=15, pred=48]
office0:  14%|█▍        | 14/100 [01:02<06:11,  4.32s/frame, gt=15, pred=51]
office0:  15%|█▌        | 15/100 [01:06<05:52,  4.15s/frame, gt=10, pred=43]
office0:  16%|█▌        | 16/100 [01:09<05:31,  3.94s/frame, gt=10, pred=38]
office0:  17%|█▋        | 17/100 [01:12<05:04,  3.67s/frame, gt=12, pred=17]
office0:  18%|█▊        | 18/100 [01:15<04:47,  3.51s/frame, gt=12, pred=21]
office0:  19%|█▉        | 19/100 [01:19<04:53,  3.63s/frame, gt=14, pred=48]
office0:  20%|██        | 20/100 [01:23<04:47,  3.59s/frame, gt=10, pred=39]
office0:  21%|██        | 21/100 [01:26<04:42,  3.58s/frame, gt=10, pred=40]
office0:  22%|██▏       | 22/100 [01:30<04:34,  3.52s/frame, gt=10, pred=33]
office0:  23%|██▎       | 23/100 [01:33<04:25,  3.45s/frame, gt=11, pred=30]
office0:  24%|██▍       | 24/100 [01:36<04:16,  3.37s/frame, gt=9, pred=26] 
office0:  25%|██▌       | 25/100 [01:39<04:08,  3.31s/frame, gt=10, pred=24]
office0:  26%|██▌       | 26/100 [01:42<04:04,  3.31s/frame, gt=10, pred=28]
office0:  27%|██▋       | 27/100 [01:46<04:04,  3.35s/frame, gt=10, pred=37]
office0:  28%|██▊       | 28/100 [01:50<04:14,  3.54s/frame, gt=9, pred=55] 
office0:  29%|██▉       | 29/100 [01:54<04:19,  3.66s/frame, gt=11, pred=53]
office0:  30%|███       | 30/100 [01:58<04:22,  3.75s/frame, gt=13, pred=49]
office0:  31%|███       | 31/100 [02:01<04:12,  3.66s/frame, gt=8, pred=37] 
office0:  32%|███▏      | 32/100 [02:05<04:11,  3.70s/frame, gt=8, pred=52]
office0:  33%|███▎      | 33/100 [02:09<04:12,  3.77s/frame, gt=8, pred=56]
office0:  34%|███▍      | 34/100 [02:13<04:16,  3.89s/frame, gt=11, pred=58]
office0:  35%|███▌      | 35/100 [02:18<04:22,  4.04s/frame, gt=13, pred=60]
office0:  36%|███▌      | 36/100 [02:23<04:38,  4.34s/frame, gt=20, pred=70]
office0:  37%|███▋      | 37/100 [02:28<04:49,  4.59s/frame, gt=25, pred=69]
office0:  38%|███▊      | 38/100 [02:33<05:04,  4.91s/frame, gt=28, pred=74]
office0:  39%|███▉      | 39/100 [02:39<05:14,  5.16s/frame, gt=28, pred=76]
office0:  40%|████      | 40/100 [02:44<05:02,  5.04s/frame, gt=26, pred=59]
office0:  41%|████      | 41/100 [02:48<04:47,  4.87s/frame, gt=28, pred=51]
office0:  42%|████▏     | 42/100 [02:53<04:37,  4.78s/frame, gt=30, pred=51]
office0:  43%|████▎     | 43/100 [02:57<04:26,  4.68s/frame, gt=30, pred=48]
office0:  44%|████▍     | 44/100 [03:01<04:03,  4.35s/frame, gt=20, pred=32]
office0:  45%|████▌     | 45/100 [03:05<03:47,  4.14s/frame, gt=18, pred=37]
office0:  46%|████▌     | 46/100 [03:08<03:31,  3.91s/frame, gt=15, pred=29]
office0:  47%|████▋     | 47/100 [03:11<03:18,  3.74s/frame, gt=17, pred=25]
office0:  48%|████▊     | 48/100 [03:15<03:12,  3.70s/frame, gt=15, pred=36]
office0:  49%|████▉     | 49/100 [03:19<03:13,  3.80s/frame, gt=15, pred=48]
office0:  50%|█████     | 50/100 [03:23<03:12,  3.85s/frame, gt=17, pred=44]
office0:  51%|█████     | 51/100 [03:27<03:11,  3.92s/frame, gt=18, pred=49]
office0:  52%|█████▏    | 52/100 [03:31<03:13,  4.03s/frame, gt=18, pred=54]
office0:  53%|█████▎    | 53/100 [03:36<03:13,  4.11s/frame, gt=21, pred=52]
office0:  54%|█████▍    | 54/100 [03:40<03:16,  4.28s/frame, gt=21, pred=61]
office0:  55%|█████▌    | 55/100 [03:45<03:13,  4.30s/frame, gt=22, pred=51]
office0:  56%|█████▌    | 56/100 [03:49<03:13,  4.39s/frame, gt=24, pred=57]
office0:  57%|█████▋    | 57/100 [03:54<03:10,  4.44s/frame, gt=26, pred=52]
office0:  58%|█████▊    | 58/100 [03:58<03:04,  4.40s/frame, gt=28, pred=46]
office0:  59%|█████▉    | 59/100 [04:03<03:07,  4.57s/frame, gt=31, pred=58]
office0:  60%|██████    | 60/100 [04:08<03:10,  4.77s/frame, gt=32, pred=62]
office0:  61%|██████    | 61/100 [04:13<03:07,  4.81s/frame, gt=32, pred=58]
office0:  62%|██████▏   | 62/100 [04:18<03:04,  4.85s/frame, gt=33, pred=58]
office0:  63%|██████▎   | 63/100 [04:23<02:57,  4.79s/frame, gt=33, pred=52]
office0:  64%|██████▍   | 64/100 [04:28<02:56,  4.91s/frame, gt=33, pred=61]
office0:  65%|██████▌   | 65/100 [04:33<02:53,  4.96s/frame, gt=29, pred=62]
office0:  66%|██████▌   | 66/100 [04:38<02:47,  4.92s/frame, gt=29, pred=58]
office0:  67%|██████▋   | 67/100 [04:43<02:42,  4.91s/frame, gt=27, pred=59]
office0:  68%|██████▊   | 68/100 [04:48<02:38,  4.94s/frame, gt=26, pred=65]
office0:  69%|██████▉   | 69/100 [04:53<02:34,  4.99s/frame, gt=28, pred=62]
office0:  70%|███████   | 70/100 [04:58<02:29,  4.98s/frame, gt=28, pred=61]
office0:  71%|███████   | 71/100 [05:03<02:25,  5.02s/frame, gt=28, pred=65]
office0:  72%|███████▏  | 72/100 [05:08<02:23,  5.12s/frame, gt=28, pred=70]
office0:  73%|███████▎  | 73/100 [05:14<02:21,  5.25s/frame, gt=27, pred=74]
office0:  74%|███████▍  | 74/100 [05:19<02:16,  5.25s/frame, gt=27, pred=68]
office0:  75%|███████▌  | 75/100 [05:24<02:11,  5.25s/frame, gt=27, pred=70]
office0:  76%|███████▌  | 76/100 [05:30<02:07,  5.33s/frame, gt=26, pred=76]
office0:  77%|███████▋  | 77/100 [05:35<02:03,  5.38s/frame, gt=23, pred=76]
office0:  78%|███████▊  | 78/100 [05:41<01:57,  5.33s/frame, gt=21, pred=73]
office0:  79%|███████▉  | 79/100 [05:46<01:49,  5.23s/frame, gt=19, pred=70]
office0:  80%|████████  | 80/100 [05:50<01:38,  4.94s/frame, gt=10, pred=62]
office0:  81%|████████  | 81/100 [05:54<01:29,  4.74s/frame, gt=7, pred=65] 
office0:  82%|████████▏ | 82/100 [05:58<01:20,  4.48s/frame, gt=7, pred=55]
office0:  83%|████████▎ | 83/100 [06:02<01:13,  4.30s/frame, gt=5, pred=58]
office0:  84%|████████▍ | 84/100 [06:06<01:08,  4.29s/frame, gt=5, pred=69]
office0:  85%|████████▌ | 85/100 [06:11<01:04,  4.33s/frame, gt=5, pred=74]
office0:  86%|████████▌ | 86/100 [06:15<00:59,  4.27s/frame, gt=5, pred=66]
office0:  87%|████████▋ | 87/100 [06:19<00:55,  4.29s/frame, gt=5, pred=72]
office0:  88%|████████▊ | 88/100 [06:23<00:50,  4.21s/frame, gt=5, pred=64]
office0:  89%|████████▉ | 89/100 [06:27<00:46,  4.20s/frame, gt=5, pred=67]
office0:  90%|█████████ | 90/100 [06:30<00:38,  3.85s/frame, gt=3, pred=27]
office0:  91%|█████████ | 91/100 [06:34<00:33,  3.72s/frame, gt=10, pred=37]
office0:  92%|█████████▏| 92/100 [06:37<00:29,  3.73s/frame, gt=15, pred=42]
office0:  93%|█████████▎| 93/100 [06:41<00:26,  3.77s/frame, gt=17, pred=45]
office0:  94%|█████████▍| 94/100 [06:45<00:22,  3.74s/frame, gt=17, pred=40]
office0:  95%|█████████▌| 95/100 [06:49<00:19,  3.87s/frame, gt=20, pred=50]
office0:  96%|█████████▌| 96/100 [06:53<00:15,  3.94s/frame, gt=17, pred=52]
office0:  97%|█████████▋| 97/100 [06:57<00:11,  3.99s/frame, gt=19, pred=49]
office0:  98%|█████████▊| 98/100 [07:01<00:07,  3.93s/frame, gt=16, pred=42]
office0:  99%|█████████▉| 99/100 [07:05<00:03,  3.90s/frame, gt=15, pred=47]
office0: 100%|██████████| 100/100 [07:09<00:00,  3.86s/frame, gt=14, pred=43]
office0: 100%|██████████| 100/100 [07:09<00:00,  4.29s/frame, gt=14, pred=43]
