
office0:   0%|          | 0/100 [00:00<?, ?frame/s]/robodata/smodak/repos/ovo/thirdParty/segment-anything-2/sam2/modeling/sam/transformer.py:270: UserWarning: Memory efficient kernel not used because: (Triggered internally at /pytorch/aten/src/ATen/native/transformers/cuda/sdp_utils.cpp:986.)
  out = F.scaled_dot_product_attention(q, k, v, dropout_p=dropout_p)
/robodata/smodak/repos/ovo/thirdParty/segment-anything-2/sam2/modeling/sam/transformer.py:270: UserWarning: Memory Efficient attention has been runtime disabled. (Triggered internally at /pytorch/aten/src/ATen/native/transformers/sdp_utils_cpp.h:552.)
  out = F.scaled_dot_product_attention(q, k, v, dropout_p=dropout_p)
/robodata/smodak/repos/ovo/thirdParty/segment-anything-2/sam2/modeling/sam/transformer.py:270: UserWarning: Flash attention kernel not used because: (Triggered internally at /pytorch/aten/src/ATen/native/transformers/cuda/sdp_utils.cpp:988.)
  out = F.scaled_dot_product_attention(q, k, v, dropout_p=dropout_p)
/robodata/smodak/repos/ovo/thirdParty/segment-anything-2/sam2/modeling/sam/transformer.py:270: UserWarning: Expected query, key and value to all be of dtype: {Half, BFloat16}. Got Query dtype: float, Key dtype: float, and Value dtype: float instead. (Triggered internally at /pytorch/aten/src/ATen/native/transformers/sdp_utils_cpp.h:91.)
  out = F.scaled_dot_product_attention(q, k, v, dropout_p=dropout_p)
/robodata/smodak/repos/ovo/thirdParty/segment-anything-2/sam2/modeling/sam/transformer.py:270: UserWarning: cuDNN attention kernel not used because: (Triggered internally at /pytorch/aten/src/ATen/native/transformers/cuda/sdp_utils.cpp:990.)
  out = F.scaled_dot_product_attention(q, k, v, dropout_p=dropout_p)
/opt/miniconda3/envs/ovo/lib/python3.10/site-packages/torch/nn/modules/module.py:1790: UserWarning: Flash Attention kernel failed due to: No available kernel. Aborting execution.
Falling back to all available kernels for scaled_dot_product_attention (which may have a slower speed).
  return forward_call(*args, **kwargs)

office0:   1%|          | 1/100 [00:02<04:46,  2.90s/frame, gt=22, pred=37]
office0:   2%|▏         | 2/100 [00:05<04:11,  2.57s/frame, gt=22, pred=43]
office0:   3%|▎         | 3/100 [00:07<03:47,  2.35s/frame, gt=22, pred=39]
office0:   4%|▍         | 4/100 [00:09<03:34,  2.24s/frame, gt=22, pred=37]
office0:   5%|▌         | 5/100 [00:11<03:23,  2.14s/frame, gt=22, pred=35]
office0:   6%|▌         | 6/100 [00:13<03:18,  2.11s/frame, gt=22, pred=37]
office0:   7%|▋         | 7/100 [00:15<03:17,  2.13s/frame, gt=22, pred=38]
office0:   8%|▊         | 8/100 [00:18<03:24,  2.23s/frame, gt=24, pred=46]
office0:   9%|▉         | 9/100 [00:20<03:34,  2.36s/frame, gt=22, pred=50]
office0:  10%|█         | 10/100 [00:23<03:35,  2.39s/frame, gt=20, pred=49]
office0:  11%|█         | 11/100 [00:25<03:27,  2.33s/frame, gt=20, pred=44]
office0:  12%|█▏        | 12/100 [00:27<03:18,  2.25s/frame, gt=16, pred=42]
office0:  13%|█▎        | 13/100 [00:29<03:12,  2.22s/frame, gt=15, pred=40]
office0:  14%|█▍        | 14/100 [00:31<03:08,  2.19s/frame, gt=15, pred=44]
office0:  15%|█▌        | 15/100 [00:33<02:49,  1.99s/frame, gt=10, pred=24]
office0:  16%|█▌        | 16/100 [00:35<02:44,  1.96s/frame, gt=10, pred=33]
office0:  17%|█▋        | 17/100 [00:36<02:36,  1.88s/frame, gt=12, pred=20]
office0:  18%|█▊        | 18/100 [00:38<02:29,  1.82s/frame, gt=12, pred=19]
office0:  19%|█▉        | 19/100 [00:40<02:29,  1.85s/frame, gt=14, pred=41]
office0:  20%|██        | 20/100 [00:41<02:21,  1.77s/frame, gt=10, pred=29]
office0:  21%|██        | 21/100 [00:43<02:19,  1.77s/frame, gt=10, pred=33]
office0:  22%|██▏       | 22/100 [00:45<02:16,  1.75s/frame, gt=10, pred=30]
office0:  23%|██▎       | 23/100 [00:47<02:11,  1.70s/frame, gt=11, pred=27]
office0:  24%|██▍       | 24/100 [00:48<02:04,  1.64s/frame, gt=9, pred=23] 
office0:  25%|██▌       | 25/100 [00:50<02:01,  1.62s/frame, gt=10, pred=22]
office0:  26%|██▌       | 26/100 [00:51<02:00,  1.63s/frame, gt=10, pred=26]
office0:  27%|██▋       | 27/100 [00:53<01:56,  1.59s/frame, gt=10, pred=25]
office0:  28%|██▊       | 28/100 [00:54<01:50,  1.53s/frame, gt=9, pred=31] 
office0:  29%|██▉       | 29/100 [00:55<01:42,  1.44s/frame, gt=11, pred=21]
office0:  30%|███       | 30/100 [00:57<01:41,  1.45s/frame, gt=13, pred=28]
office0:  31%|███       | 31/100 [00:58<01:37,  1.41s/frame, gt=8, pred=25] 
office0:  32%|███▏      | 32/100 [01:00<01:35,  1.41s/frame, gt=8, pred=32]
office0:  33%|███▎      | 33/100 [01:01<01:34,  1.41s/frame, gt=8, pred=31]
office0:  34%|███▍      | 34/100 [01:03<01:36,  1.46s/frame, gt=11, pred=36]
office0:  35%|███▌      | 35/100 [01:04<01:42,  1.58s/frame, gt=13, pred=41]
office0:  36%|███▌      | 36/100 [01:06<01:49,  1.72s/frame, gt=20, pred=41]
office0:  37%|███▋      | 37/100 [01:09<01:57,  1.87s/frame, gt=25, pred=42]
office0:  38%|███▊      | 38/100 [01:12<02:13,  2.15s/frame, gt=28, pred=56]
office0:  39%|███▉      | 39/100 [01:14<02:14,  2.21s/frame, gt=28, pred=45]
office0:  40%|████      | 40/100 [01:16<02:17,  2.28s/frame, gt=26, pred=41]
office0:  41%|████      | 41/100 [01:19<02:16,  2.32s/frame, gt=28, pred=36]
office0:  42%|████▏     | 42/100 [01:22<02:22,  2.46s/frame, gt=30, pred=39]
office0:  43%|████▎     | 43/100 [01:24<02:24,  2.53s/frame, gt=30, pred=36]
office0:  44%|████▍     | 44/100 [01:27<02:17,  2.46s/frame, gt=20, pred=24]
office0:  45%|████▌     | 45/100 [01:29<02:08,  2.33s/frame, gt=18, pred=23]
office0:  46%|████▌     | 46/100 [01:31<02:00,  2.23s/frame, gt=15, pred=23]
office0:  47%|████▋     | 47/100 [01:32<01:51,  2.11s/frame, gt=17, pred=22]
office0:  48%|████▊     | 48/100 [01:34<01:48,  2.08s/frame, gt=15, pred=30]
office0:  49%|████▉     | 49/100 [01:36<01:43,  2.04s/frame, gt=15, pred=33]
office0:  50%|█████     | 50/100 [01:38<01:39,  2.00s/frame, gt=17, pred=32]
office0:  51%|█████     | 51/100 [01:40<01:38,  2.01s/frame, gt=18, pred=38]
office0:  52%|█████▏    | 52/100 [01:42<01:38,  2.06s/frame, gt=18, pred=42]
office0:  53%|█████▎    | 53/100 [01:45<01:39,  2.12s/frame, gt=21, pred=46]
office0:  54%|█████▍    | 54/100 [01:47<01:41,  2.21s/frame, gt=21, pred=47]
office0:  55%|█████▌    | 55/100 [01:49<01:41,  2.26s/frame, gt=22, pred=38]
office0:  56%|█████▌    | 56/100 [01:52<01:41,  2.30s/frame, gt=24, pred=41]
office0:  57%|█████▋    | 57/100 [01:54<01:38,  2.30s/frame, gt=26, pred=42]
office0:  58%|█████▊    | 58/100 [01:56<01:36,  2.30s/frame, gt=28, pred=41]
office0:  59%|█████▉    | 59/100 [01:59<01:34,  2.30s/frame, gt=31, pred=39]
office0:  60%|██████    | 60/100 [02:01<01:33,  2.34s/frame, gt=32, pred=41]
office0:  61%|██████    | 61/100 [02:04<01:33,  2.39s/frame, gt=32, pred=43]
office0:  62%|██████▏   | 62/100 [02:06<01:34,  2.49s/frame, gt=33, pred=46]
office0:  63%|██████▎   | 63/100 [02:09<01:35,  2.59s/frame, gt=33, pred=49]
office0:  64%|██████▍   | 64/100 [02:12<01:35,  2.66s/frame, gt=33, pred=50]
office0:  65%|██████▌   | 65/100 [02:15<01:31,  2.62s/frame, gt=29, pred=46]
office0:  66%|██████▌   | 66/100 [02:17<01:26,  2.55s/frame, gt=29, pred=44]
office0:  67%|██████▋   | 67/100 [02:19<01:22,  2.51s/frame, gt=27, pred=46]
office0:  68%|██████▊   | 68/100 [02:22<01:18,  2.45s/frame, gt=26, pred=44]
office0:  69%|██████▉   | 69/100 [02:24<01:16,  2.48s/frame, gt=28, pred=50]
office0:  70%|███████   | 70/100 [02:27<01:15,  2.51s/frame, gt=28, pred=50]
office0:  71%|███████   | 71/100 [02:29<01:13,  2.54s/frame, gt=28, pred=51]
office0:  72%|███████▏  | 72/100 [02:32<01:12,  2.60s/frame, gt=28, pred=52]
office0:  73%|███████▎  | 73/100 [02:35<01:08,  2.55s/frame, gt=27, pred=46]
office0:  74%|███████▍  | 74/100 [02:37<01:06,  2.55s/frame, gt=27, pred=50]
office0:  75%|███████▌  | 75/100 [02:40<01:02,  2.49s/frame, gt=27, pred=45]
office0:  76%|███████▌  | 76/100 [02:42<00:59,  2.46s/frame, gt=26, pred=46]
office0:  77%|███████▋  | 77/100 [02:44<00:56,  2.45s/frame, gt=23, pred=49]
office0:  78%|███████▊  | 78/100 [02:47<00:53,  2.42s/frame, gt=21, pred=48]
office0:  79%|███████▉  | 79/100 [02:49<00:47,  2.28s/frame, gt=19, pred=39]
office0:  80%|████████  | 80/100 [02:50<00:41,  2.06s/frame, gt=10, pred=36]
office0:  81%|████████  | 81/100 [02:52<00:37,  1.99s/frame, gt=7, pred=45] 
office0:  82%|████████▏ | 82/100 [02:54<00:33,  1.84s/frame, gt=7, pred=35]
office0:  83%|████████▎ | 83/100 [02:55<00:28,  1.70s/frame, gt=5, pred=35]
office0:  84%|████████▍ | 84/100 [02:56<00:26,  1.64s/frame, gt=5, pred=41]
office0:  85%|████████▌ | 85/100 [02:58<00:24,  1.60s/frame, gt=5, pred=41]
office0:  86%|████████▌ | 86/100 [03:00<00:22,  1.60s/frame, gt=5, pred=44]
office0:  87%|████████▋ | 87/100 [03:01<00:20,  1.58s/frame, gt=5, pred=42]
office0:  88%|████████▊ | 88/100 [03:02<00:18,  1.53s/frame, gt=5, pred=39]
office0:  89%|████████▉ | 89/100 [03:04<00:17,  1.57s/frame, gt=5, pred=48]
office0:  90%|█████████ | 90/100 [03:05<00:14,  1.44s/frame, gt=3, pred=21]
office0:  91%|█████████ | 91/100 [03:07<00:13,  1.55s/frame, gt=10, pred=38]
office0:  92%|█████████▏| 92/100 [03:09<00:13,  1.68s/frame, gt=15, pred=43]
office0:  93%|█████████▎| 93/100 [03:11<00:12,  1.78s/frame, gt=17, pred=42]
office0:  94%|█████████▍| 94/100 [03:13<00:11,  1.85s/frame, gt=17, pred=41]
office0:  95%|█████████▌| 95/100 [03:15<00:09,  1.94s/frame, gt=20, pred=40]
office0:  96%|█████████▌| 96/100 [03:17<00:08,  2.04s/frame, gt=17, pred=46]
office0:  97%|█████████▋| 97/100 [03:20<00:06,  2.12s/frame, gt=19, pred=45]
office0:  98%|█████████▊| 98/100 [03:22<00:04,  2.04s/frame, gt=16, pred=34]
office0:  99%|█████████▉| 99/100 [03:23<00:01,  1.96s/frame, gt=15, pred=34]
office0: 100%|██████████| 100/100 [03:25<00:00,  1.90s/frame, gt=14, pred=35]
office0: 100%|██████████| 100/100 [03:25<00:00,  2.06s/frame, gt=14, pred=35]
