
office0:   0%|          | 0/100 [00:00<?, ?frame/s]
office0:   1%|          | 1/100 [00:02<03:39,  2.22s/frame, gt=22, pred=34]
office0:   2%|▏         | 2/100 [00:03<02:47,  1.71s/frame, gt=22, pred=30]
office0:   3%|▎         | 3/100 [00:04<02:25,  1.50s/frame, gt=22, pred=27]
office0:   4%|▍         | 4/100 [00:06<02:17,  1.43s/frame, gt=22, pred=29]
office0:   5%|▌         | 5/100 [00:07<02:22,  1.50s/frame, gt=22, pred=38]
office0:   6%|▌         | 6/100 [00:09<02:22,  1.52s/frame, gt=22, pred=35]
office0:   7%|▋         | 7/100 [00:10<02:23,  1.54s/frame, gt=22, pred=37]
office0:   8%|▊         | 8/100 [00:12<02:27,  1.60s/frame, gt=24, pred=39]
office0:   9%|▉         | 9/100 [00:14<02:25,  1.60s/frame, gt=22, pred=37]
office0:  10%|█         | 10/100 [00:15<02:18,  1.54s/frame, gt=20, pred=33]
office0:  11%|█         | 11/100 [00:16<02:12,  1.48s/frame, gt=20, pred=32]
office0:  12%|█▏        | 12/100 [00:18<02:06,  1.44s/frame, gt=16, pred=32]
office0:  13%|█▎        | 13/100 [00:19<01:52,  1.30s/frame, gt=15, pred=19]
office0:  14%|█▍        | 14/100 [00:20<01:50,  1.28s/frame, gt=15, pred=29]
office0:  15%|█▌        | 15/100 [00:21<01:41,  1.19s/frame, gt=10, pred=22]
office0:  16%|█▌        | 16/100 [00:22<01:33,  1.11s/frame, gt=10, pred=19]
office0:  17%|█▋        | 17/100 [00:23<01:25,  1.03s/frame, gt=12, pred=12]
office0:  18%|█▊        | 18/100 [00:24<01:20,  1.02frame/s, gt=12, pred=14]
office0:  19%|█▉        | 19/100 [00:25<01:23,  1.04s/frame, gt=14, pred=29]
office0:  20%|██        | 20/100 [00:26<01:23,  1.04s/frame, gt=10, pred=25]
office0:  21%|██        | 21/100 [00:27<01:23,  1.05s/frame, gt=10, pred=27]
office0:  22%|██▏       | 22/100 [00:28<01:20,  1.03s/frame, gt=10, pred=21]
office0:  23%|██▎       | 23/100 [00:29<01:17,  1.00s/frame, gt=11, pred=21]
office0:  24%|██▍       | 24/100 [00:30<01:13,  1.03frame/s, gt=9, pred=19] 
office0:  25%|██▌       | 25/100 [00:31<01:10,  1.06frame/s, gt=10, pred=16]
office0:  26%|██▌       | 26/100 [00:32<01:09,  1.06frame/s, gt=10, pred=19]
office0:  27%|██▋       | 27/100 [00:33<01:09,  1.05frame/s, gt=10, pred=21]
office0:  28%|██▊       | 28/100 [00:34<01:10,  1.01frame/s, gt=9, pred=30] 
office0:  29%|██▉       | 29/100 [00:35<01:12,  1.02s/frame, gt=11, pred=28]
office0:  30%|███       | 30/100 [00:36<01:14,  1.06s/frame, gt=13, pred=28]
office0:  31%|███       | 31/100 [00:37<01:10,  1.03s/frame, gt=8, pred=23] 
office0:  32%|███▏      | 32/100 [00:38<01:13,  1.08s/frame, gt=8, pred=35]
office0:  33%|███▎      | 33/100 [00:39<01:13,  1.10s/frame, gt=8, pred=35]
office0:  34%|███▍      | 34/100 [00:40<01:12,  1.10s/frame, gt=11, pred=29]
office0:  35%|███▌      | 35/100 [00:41<01:12,  1.11s/frame, gt=13, pred=29]
office0:  36%|███▌      | 36/100 [00:43<01:22,  1.29s/frame, gt=20, pred=41]
office0:  37%|███▋      | 37/100 [00:45<01:28,  1.41s/frame, gt=25, pred=36]
office0:  38%|███▊      | 38/100 [00:47<01:36,  1.56s/frame, gt=28, pred=40]
office0:  39%|███▉      | 39/100 [00:49<01:45,  1.73s/frame, gt=28, pred=46]
office0:  40%|████      | 40/100 [00:51<01:44,  1.74s/frame, gt=26, pred=39]
office0:  41%|████      | 41/100 [00:52<01:38,  1.68s/frame, gt=28, pred=30]
office0:  42%|████▏     | 42/100 [00:54<01:34,  1.63s/frame, gt=30, pred=28]
office0:  43%|████▎     | 43/100 [00:55<01:34,  1.65s/frame, gt=30, pred=33]
office0:  44%|████▍     | 44/100 [00:57<01:25,  1.53s/frame, gt=20, pred=23]
office0:  45%|████▌     | 45/100 [00:58<01:18,  1.43s/frame, gt=18, pred=23]
office0:  46%|████▌     | 46/100 [00:59<01:10,  1.31s/frame, gt=15, pred=19]
office0:  47%|████▋     | 47/100 [01:00<01:05,  1.23s/frame, gt=17, pred=18]
office0:  48%|████▊     | 48/100 [01:01<01:03,  1.23s/frame, gt=15, pred=28]
office0:  49%|████▉     | 49/100 [01:02<01:04,  1.26s/frame, gt=15, pred=32]
office0:  50%|█████     | 50/100 [01:04<01:03,  1.26s/frame, gt=17, pred=29]
office0:  51%|█████     | 51/100 [01:05<01:03,  1.29s/frame, gt=18, pred=31]
office0:  52%|█████▏    | 52/100 [01:07<01:04,  1.35s/frame, gt=18, pred=36]
office0:  53%|█████▎    | 53/100 [01:08<01:06,  1.41s/frame, gt=21, pred=36]
office0:  54%|█████▍    | 54/100 [01:10<01:06,  1.45s/frame, gt=21, pred=35]
office0:  55%|█████▌    | 55/100 [01:11<01:05,  1.45s/frame, gt=22, pred=31]
office0:  56%|█████▌    | 56/100 [01:13<01:06,  1.52s/frame, gt=24, pred=37]
office0:  57%|█████▋    | 57/100 [01:14<01:06,  1.54s/frame, gt=26, pred=34]
office0:  58%|█████▊    | 58/100 [01:16<01:04,  1.54s/frame, gt=28, pred=31]
office0:  59%|█████▉    | 59/100 [01:18<01:06,  1.62s/frame, gt=31, pred=37]
office0:  60%|██████    | 60/100 [01:20<01:08,  1.71s/frame, gt=32, pred=39]
office0:  61%|██████    | 61/100 [01:22<01:09,  1.77s/frame, gt=32, pred=37]
office0:  62%|██████▏   | 62/100 [01:23<01:09,  1.82s/frame, gt=33, pred=39]
office0:  63%|██████▎   | 63/100 [01:25<01:07,  1.83s/frame, gt=33, pred=37]
office0:  64%|██████▍   | 64/100 [01:27<01:08,  1.90s/frame, gt=33, pred=42]
office0:  65%|██████▌   | 65/100 [01:29<01:08,  1.96s/frame, gt=29, pred=45]
office0:  66%|██████▌   | 66/100 [01:31<01:04,  1.89s/frame, gt=29, pred=36]
office0:  67%|██████▋   | 67/100 [01:33<00:59,  1.82s/frame, gt=27, pred=36]
office0:  68%|██████▊   | 68/100 [01:35<00:59,  1.87s/frame, gt=26, pred=45]
office0:  69%|██████▉   | 69/100 [01:36<00:55,  1.79s/frame, gt=28, pred=34]
office0:  70%|███████   | 70/100 [01:38<00:55,  1.84s/frame, gt=28, pred=43]
office0:  71%|███████   | 71/100 [01:40<00:52,  1.82s/frame, gt=28, pred=38]
office0:  72%|███████▏  | 72/100 [01:42<00:50,  1.79s/frame, gt=28, pred=37]
office0:  73%|███████▎  | 73/100 [01:44<00:48,  1.79s/frame, gt=27, pred=40]
office0:  74%|███████▍  | 74/100 [01:45<00:45,  1.77s/frame, gt=27, pred=37]
office0:  75%|███████▌  | 75/100 [01:47<00:44,  1.79s/frame, gt=27, pred=41]
office0:  76%|███████▌  | 76/100 [01:49<00:44,  1.85s/frame, gt=26, pred=45]
office0:  77%|███████▋  | 77/100 [01:51<00:40,  1.77s/frame, gt=23, pred=37]
office0:  78%|███████▊  | 78/100 [01:53<00:38,  1.75s/frame, gt=21, pred=40]
office0:  79%|███████▉  | 79/100 [01:54<00:34,  1.66s/frame, gt=19, pred=36]
office0:  80%|████████  | 80/100 [01:55<00:30,  1.52s/frame, gt=10, pred=32]
office0:  81%|████████  | 81/100 [01:56<00:26,  1.41s/frame, gt=7, pred=33] 
office0:  82%|████████▏ | 82/100 [01:57<00:23,  1.31s/frame, gt=7, pred=31]
office0:  83%|████████▎ | 83/100 [01:58<00:20,  1.23s/frame, gt=5, pred=32]
office0:  84%|████████▍ | 84/100 [02:00<00:19,  1.21s/frame, gt=5, pred=37]
office0:  85%|████████▌ | 85/100 [02:01<00:18,  1.26s/frame, gt=5, pred=46]
office0:  86%|████████▌ | 86/100 [02:02<00:17,  1.28s/frame, gt=5, pred=44]
office0:  87%|████████▋ | 87/100 [02:04<00:16,  1.27s/frame, gt=5, pred=40]
office0:  88%|████████▊ | 88/100 [02:05<00:14,  1.23s/frame, gt=5, pred=37]
office0:  89%|████████▉ | 89/100 [02:06<00:13,  1.26s/frame, gt=5, pred=43]
office0:  90%|█████████ | 90/100 [02:07<00:11,  1.13s/frame, gt=3, pred=21]
office0:  91%|█████████ | 91/100 [02:08<00:09,  1.08s/frame, gt=10, pred=22]
office0:  92%|█████████▏| 92/100 [02:09<00:09,  1.15s/frame, gt=15, pred=32]
office0:  93%|█████████▎| 93/100 [02:10<00:08,  1.21s/frame, gt=17, pred=33]
office0:  94%|█████████▍| 94/100 [02:12<00:07,  1.23s/frame, gt=17, pred=30]
office0:  95%|█████████▌| 95/100 [02:13<00:06,  1.24s/frame, gt=20, pred=27]
office0:  96%|█████████▌| 96/100 [02:14<00:05,  1.27s/frame, gt=17, pred=32]
office0:  97%|█████████▋| 97/100 [02:16<00:03,  1.31s/frame, gt=19, pred=32]
office0:  98%|█████████▊| 98/100 [02:17<00:02,  1.24s/frame, gt=16, pred=22]
office0:  99%|█████████▉| 99/100 [02:18<00:01,  1.22s/frame, gt=15, pred=27]
office0: 100%|██████████| 100/100 [02:19<00:00,  1.16s/frame, gt=14, pred=21]
office0: 100%|██████████| 100/100 [02:19<00:00,  1.40s/frame, gt=14, pred=21]
