
office0:   0%|          | 0/100 [00:00<?, ?frame/s]
office0:   1%|          | 1/100 [00:04<06:47,  4.11s/frame, gt=22, pred=56]
office0:   2%|▏         | 2/100 [00:07<06:03,  3.71s/frame, gt=22, pred=56]
office0:   3%|▎         | 3/100 [00:10<05:47,  3.58s/frame, gt=22, pred=54]
office0:   4%|▍         | 4/100 [00:14<05:44,  3.59s/frame, gt=22, pred=59]
office0:   5%|▌         | 5/100 [00:18<05:41,  3.59s/frame, gt=22, pred=59]
office0:   6%|▌         | 6/100 [00:21<05:30,  3.51s/frame, gt=22, pred=53]
office0:   7%|▋         | 7/100 [00:25<05:29,  3.54s/frame, gt=22, pred=61]
office0:   8%|▊         | 8/100 [00:29<05:40,  3.70s/frame, gt=24, pred=67]
office0:   9%|▉         | 9/100 [00:32<05:36,  3.69s/frame, gt=22, pred=63]
office0:  10%|█         | 10/100 [00:36<05:39,  3.77s/frame, gt=20, pred=71]
office0:  11%|█         | 11/100 [00:40<05:38,  3.80s/frame, gt=20, pred=70]
office0:  12%|█▏        | 12/100 [00:43<05:19,  3.63s/frame, gt=16, pred=59]
office0:  13%|█▎        | 13/100 [00:47<05:02,  3.47s/frame, gt=15, pred=57]
office0:  14%|█▍        | 14/100 [00:50<04:53,  3.41s/frame, gt=15, pred=60]
office0:  15%|█▌        | 15/100 [00:52<04:29,  3.18s/frame, gt=10, pred=44]
office0:  16%|█▌        | 16/100 [00:55<04:08,  2.96s/frame, gt=10, pred=42]
office0:  17%|█▋        | 17/100 [00:57<03:48,  2.75s/frame, gt=12, pred=26]
office0:  18%|█▊        | 18/100 [00:59<03:32,  2.60s/frame, gt=12, pred=25]
office0:  19%|█▉        | 19/100 [01:03<03:44,  2.77s/frame, gt=14, pred=58]
office0:  20%|██        | 20/100 [01:05<03:36,  2.71s/frame, gt=10, pred=44]
office0:  21%|██        | 21/100 [01:08<03:30,  2.66s/frame, gt=10, pred=42]
office0:  22%|██▏       | 22/100 [01:10<03:21,  2.58s/frame, gt=10, pred=39]
office0:  23%|██▎       | 23/100 [01:12<03:12,  2.50s/frame, gt=11, pred=36]
office0:  24%|██▍       | 24/100 [01:15<03:04,  2.43s/frame, gt=9, pred=35] 
office0:  25%|██▌       | 25/100 [01:17<02:56,  2.35s/frame, gt=10, pred=28]
office0:  26%|██▌       | 26/100 [01:19<02:51,  2.32s/frame, gt=10, pred=30]
office0:  27%|██▋       | 27/100 [01:21<02:50,  2.34s/frame, gt=10, pred=39]
office0:  28%|██▊       | 28/100 [01:24<02:59,  2.49s/frame, gt=9, pred=62] 
office0:  29%|██▉       | 29/100 [01:27<03:02,  2.58s/frame, gt=11, pred=56]
office0:  30%|███       | 30/100 [01:30<03:02,  2.61s/frame, gt=13, pred=51]
office0:  31%|███       | 31/100 [01:32<02:53,  2.52s/frame, gt=8, pred=39] 
office0:  32%|███▏      | 32/100 [01:35<02:55,  2.59s/frame, gt=8, pred=60]
office0:  33%|███▎      | 33/100 [01:38<02:59,  2.68s/frame, gt=8, pred=63]
office0:  34%|███▍      | 34/100 [01:41<03:10,  2.89s/frame, gt=11, pred=71]
office0:  35%|███▌      | 35/100 [01:45<03:28,  3.20s/frame, gt=13, pred=79]
office0:  36%|███▌      | 36/100 [01:49<03:43,  3.49s/frame, gt=20, pred=74]
office0:  37%|███▋      | 37/100 [01:53<03:54,  3.72s/frame, gt=25, pred=70]
office0:  38%|███▊      | 38/100 [01:59<04:16,  4.13s/frame, gt=28, pred=83]
office0:  39%|███▉      | 39/100 [02:04<04:29,  4.42s/frame, gt=28, pred=83]
office0:  40%|████      | 40/100 [02:07<04:14,  4.24s/frame, gt=26, pred=61]
office0:  41%|████      | 41/100 [02:11<04:03,  4.12s/frame, gt=28, pred=60]
office0:  42%|████▏     | 42/100 [02:15<03:59,  4.12s/frame, gt=30, pred=57]
office0:  43%|████▎     | 43/100 [02:19<03:52,  4.08s/frame, gt=30, pred=52]
office0:  44%|████▍     | 44/100 [02:22<03:29,  3.74s/frame, gt=20, pred=34]
office0:  45%|████▌     | 45/100 [02:25<03:10,  3.46s/frame, gt=18, pred=35]
office0:  46%|████▌     | 46/100 [02:28<02:58,  3.31s/frame, gt=15, pred=33]
office0:  47%|████▋     | 47/100 [02:31<02:44,  3.09s/frame, gt=17, pred=34]
office0:  48%|████▊     | 48/100 [02:34<02:39,  3.07s/frame, gt=15, pred=48]
office0:  49%|████▉     | 49/100 [02:37<02:35,  3.06s/frame, gt=15, pred=49]
office0:  50%|█████     | 50/100 [02:40<02:36,  3.13s/frame, gt=17, pred=56]
office0:  51%|█████     | 51/100 [02:43<02:35,  3.18s/frame, gt=18, pred=55]
office0:  52%|█████▏    | 52/100 [02:47<02:38,  3.30s/frame, gt=18, pred=61]
office0:  53%|█████▎    | 53/100 [02:51<02:43,  3.49s/frame, gt=21, pred=68]
office0:  54%|█████▍    | 54/100 [02:55<02:44,  3.58s/frame, gt=21, pred=66]
office0:  55%|█████▌    | 55/100 [02:59<02:47,  3.71s/frame, gt=22, pred=61]
office0:  56%|█████▌    | 56/100 [03:03<02:50,  3.87s/frame, gt=24, pred=65]
office0:  57%|█████▋    | 57/100 [03:07<02:46,  3.86s/frame, gt=26, pred=62]
office0:  58%|█████▊    | 58/100 [03:10<02:37,  3.75s/frame, gt=28, pred=54]
office0:  59%|█████▉    | 59/100 [03:14<02:34,  3.78s/frame, gt=31, pred=59]
office0:  60%|██████    | 60/100 [03:18<02:35,  3.88s/frame, gt=32, pred=63]
office0:  61%|██████    | 61/100 [03:22<02:34,  3.97s/frame, gt=32, pred=64]
office0:  62%|██████▏   | 62/100 [03:27<02:35,  4.10s/frame, gt=33, pred=68]
office0:  63%|██████▎   | 63/100 [03:31<02:32,  4.13s/frame, gt=33, pred=63]
office0:  64%|██████▍   | 64/100 [03:36<02:36,  4.34s/frame, gt=33, pred=75]
office0:  65%|██████▌   | 65/100 [03:40<02:33,  4.37s/frame, gt=29, pred=72]
office0:  66%|██████▌   | 66/100 [03:44<02:26,  4.30s/frame, gt=29, pred=66]
office0:  67%|██████▋   | 67/100 [03:48<02:19,  4.23s/frame, gt=27, pred=67]
office0:  68%|██████▊   | 68/100 [03:53<02:15,  4.23s/frame, gt=26, pred=74]
office0:  69%|██████▉   | 69/100 [03:57<02:13,  4.31s/frame, gt=28, pred=75]
office0:  70%|███████   | 70/100 [04:02<02:13,  4.46s/frame, gt=28, pred=80]
office0:  71%|███████   | 71/100 [04:07<02:13,  4.59s/frame, gt=28, pred=82]
office0:  72%|███████▏  | 72/100 [04:12<02:10,  4.65s/frame, gt=28, pred=79]
office0:  73%|███████▎  | 73/100 [04:16<02:02,  4.53s/frame, gt=27, pred=74]
office0:  74%|███████▍  | 74/100 [04:20<01:56,  4.47s/frame, gt=27, pred=73]
office0:  75%|███████▌  | 75/100 [04:25<01:55,  4.62s/frame, gt=27, pred=83]
office0:  76%|███████▌  | 76/100 [04:30<01:49,  4.55s/frame, gt=26, pred=75]
office0:  77%|███████▋  | 77/100 [04:35<01:49,  4.76s/frame, gt=23, pred=92]
office0:  78%|███████▊  | 78/100 [04:39<01:42,  4.67s/frame, gt=21, pred=79]
office0:  79%|███████▉  | 79/100 [04:43<01:33,  4.46s/frame, gt=19, pred=75]
office0:  80%|████████  | 80/100 [04:46<01:21,  4.10s/frame, gt=10, pred=69]
office0:  81%|████████  | 81/100 [04:50<01:14,  3.91s/frame, gt=7, pred=77] 
office0:  82%|████████▏ | 82/100 [04:53<01:04,  3.58s/frame, gt=7, pred=63]
office0:  83%|████████▎ | 83/100 [04:56<00:57,  3.36s/frame, gt=5, pred=67]
office0:  84%|████████▍ | 84/100 [04:59<00:52,  3.28s/frame, gt=5, pred=74]
office0:  85%|████████▌ | 85/100 [05:02<00:49,  3.29s/frame, gt=5, pred=80]
office0:  86%|████████▌ | 86/100 [05:05<00:45,  3.26s/frame, gt=5, pred=77]
office0:  87%|████████▋ | 87/100 [05:08<00:42,  3.24s/frame, gt=5, pred=75]
office0:  88%|████████▊ | 88/100 [05:12<00:39,  3.26s/frame, gt=5, pred=79]
office0:  89%|████████▉ | 89/100 [05:15<00:36,  3.28s/frame, gt=5, pred=80]
office0:  90%|█████████ | 90/100 [05:17<00:28,  2.86s/frame, gt=3, pred=30]
office0:  91%|█████████ | 91/100 [05:19<00:24,  2.75s/frame, gt=10, pred=42]
office0:  92%|█████████▏| 92/100 [05:22<00:22,  2.83s/frame, gt=15, pred=54]
office0:  93%|█████████▎| 93/100 [05:26<00:20,  2.93s/frame, gt=17, pred=58]
office0:  94%|█████████▍| 94/100 [05:29<00:17,  2.99s/frame, gt=17, pred=56]
office0:  95%|█████████▌| 95/100 [05:32<00:15,  3.18s/frame, gt=20, pred=62]
office0:  96%|█████████▌| 96/100 [05:36<00:13,  3.33s/frame, gt=17, pred=67]
office0:  97%|█████████▋| 97/100 [05:40<00:10,  3.44s/frame, gt=19, pred=65]
office0:  98%|█████████▊| 98/100 [05:43<00:06,  3.29s/frame, gt=16, pred=48]
office0:  99%|█████████▉| 99/100 [05:46<00:03,  3.21s/frame, gt=15, pred=51]
office0: 100%|██████████| 100/100 [05:48<00:00,  3.02s/frame, gt=14, pred=43]
office0: 100%|██████████| 100/100 [05:48<00:00,  3.49s/frame, gt=14, pred=43]
