
office0:   0%|          | 0/100 [00:00<?, ?frame/s]/robodata/smodak/repos/ovo/thirdParty/segment-anything-2/sam2/modeling/sam/transformer.py:270: UserWarning: Memory efficient kernel not used because: (Triggered internally at /pytorch/aten/src/ATen/native/transformers/cuda/sdp_utils.cpp:986.)
  out = F.scaled_dot_product_attention(q, k, v, dropout_p=dropout_p)
/robodata/smodak/repos/ovo/thirdParty/segment-anything-2/sam2/modeling/sam/transformer.py:270: UserWarning: Memory Efficient attention has been runtime disabled. (Triggered internally at /pytorch/aten/src/ATen/native/transformers/sdp_utils_cpp.h:552.)
  out = F.scaled_dot_product_attention(q, k, v, dropout_p=dropout_p)
/robodata/smodak/repos/ovo/thirdParty/segment-anything-2/sam2/modeling/sam/transformer.py:270: UserWarning: Flash attention kernel not used because: (Triggered internally at /pytorch/aten/src/ATen/native/transformers/cuda/sdp_utils.cpp:988.)
  out = F.scaled_dot_product_attention(q, k, v, dropout_p=dropout_p)
/robodata/smodak/repos/ovo/thirdParty/segment-anything-2/sam2/modeling/sam/transformer.py:270: UserWarning: Expected query, key and value to all be of dtype: {Half, BFloat16}. Got Query dtype: float, Key dtype: float, and Value dtype: float instead. (Triggered internally at /pytorch/aten/src/ATen/native/transformers/sdp_utils_cpp.h:91.)
  out = F.scaled_dot_product_attention(q, k, v, dropout_p=dropout_p)
/robodata/smodak/repos/ovo/thirdParty/segment-anything-2/sam2/modeling/sam/transformer.py:270: UserWarning: cuDNN attention kernel not used because: (Triggered internally at /pytorch/aten/src/ATen/native/transformers/cuda/sdp_utils.cpp:990.)
  out = F.scaled_dot_product_attention(q, k, v, dropout_p=dropout_p)
/opt/miniconda3/envs/ovo/lib/python3.10/site-packages/torch/nn/modules/module.py:1790: UserWarning: Flash Attention kernel failed due to: No available kernel. Aborting execution.
Falling back to all available kernels for scaled_dot_product_attention (which may have a slower speed).
  return forward_call(*args, **kwargs)

office0:   1%|          | 1/100 [00:06<11:23,  6.90s/frame, gt=22, pred=37]
office0:   2%|▏         | 2/100 [00:13<10:36,  6.49s/frame, gt=22, pred=37]
office0:   3%|▎         | 3/100 [00:19<10:08,  6.27s/frame, gt=22, pred=33]
office0:   4%|▍         | 4/100 [00:25<09:53,  6.18s/frame, gt=22, pred=35]
office0:   5%|▌         | 5/100 [00:31<09:43,  6.14s/frame, gt=22, pred=36]
office0:   6%|▌         | 6/100 [00:37<09:39,  6.17s/frame, gt=22, pred=38]
office0:   7%|▋         | 7/100 [00:43<09:26,  6.09s/frame, gt=22, pred=36]
office0:   8%|▊         | 8/100 [00:49<09:32,  6.23s/frame, gt=24, pred=46]
office0:   9%|▉         | 9/100 [00:56<09:38,  6.36s/frame, gt=22, pred=52]
office0:  10%|█         | 10/100 [01:02<09:31,  6.35s/frame, gt=20, pred=49]
office0:  11%|█         | 11/100 [01:09<09:20,  6.30s/frame, gt=20, pred=47]
office0:  12%|█▏        | 12/100 [01:14<09:04,  6.18s/frame, gt=16, pred=38]
office0:  13%|█▎        | 13/100 [01:20<08:51,  6.11s/frame, gt=15, pred=41]
office0:  14%|█▍        | 14/100 [01:26<08:38,  6.03s/frame, gt=15, pred=40]
office0:  15%|█▌        | 15/100 [01:32<08:17,  5.85s/frame, gt=10, pred=24]
office0:  16%|█▌        | 16/100 [01:37<07:56,  5.67s/frame, gt=10, pred=22]
office0:  17%|█▋        | 17/100 [01:42<07:41,  5.56s/frame, gt=12, pred=14]
office0:  18%|█▊        | 18/100 [01:47<07:24,  5.43s/frame, gt=12, pred=11]
office0:  19%|█▉        | 19/100 [01:53<07:22,  5.47s/frame, gt=14, pred=38]
office0:  20%|██        | 20/100 [01:58<07:09,  5.37s/frame, gt=10, pred=25]
office0:  21%|██        | 21/100 [02:03<07:01,  5.34s/frame, gt=10, pred=28]
office0:  22%|██▏       | 22/100 [02:08<06:50,  5.27s/frame, gt=10, pred=22]
office0:  23%|██▎       | 23/100 [02:14<06:40,  5.21s/frame, gt=11, pred=22]
office0:  24%|██▍       | 24/100 [02:19<06:30,  5.14s/frame, gt=9, pred=19] 
office0:  25%|██▌       | 25/100 [02:24<06:23,  5.12s/frame, gt=10, pred=20]
office0:  26%|██▌       | 26/100 [02:29<06:16,  5.09s/frame, gt=10, pred=18]
office0:  27%|██▋       | 27/100 [02:34<06:10,  5.08s/frame, gt=10, pred=26]
office0:  28%|██▊       | 28/100 [02:39<06:07,  5.11s/frame, gt=9, pred=32] 
office0:  29%|██▉       | 29/100 [02:44<06:04,  5.13s/frame, gt=11, pred=30]
office0:  30%|███       | 30/100 [02:50<06:07,  5.25s/frame, gt=13, pred=31]
office0:  31%|███       | 31/100 [02:55<06:02,  5.26s/frame, gt=8, pred=24] 
office0:  32%|███▏      | 32/100 [03:00<05:58,  5.28s/frame, gt=8, pred=34]
office0:  33%|███▎      | 33/100 [03:05<05:51,  5.24s/frame, gt=8, pred=29]
office0:  34%|███▍      | 34/100 [03:11<05:49,  5.30s/frame, gt=11, pred=34]
office0:  35%|███▌      | 35/100 [03:16<05:48,  5.36s/frame, gt=13, pred=34]
office0:  36%|███▌      | 36/100 [03:22<05:56,  5.57s/frame, gt=20, pred=42]
office0:  37%|███▋      | 37/100 [03:28<06:00,  5.73s/frame, gt=25, pred=42]
office0:  38%|███▊      | 38/100 [03:35<06:03,  5.86s/frame, gt=28, pred=45]
office0:  39%|███▉      | 39/100 [03:41<06:05,  6.00s/frame, gt=28, pred=47]
office0:  40%|████      | 40/100 [03:47<06:03,  6.06s/frame, gt=26, pred=36]
office0:  41%|████      | 41/100 [03:53<05:57,  6.06s/frame, gt=28, pred=32]
office0:  42%|████▏     | 42/100 [03:59<05:55,  6.13s/frame, gt=30, pred=36]
office0:  43%|████▎     | 43/100 [04:06<05:53,  6.20s/frame, gt=30, pred=37]
office0:  44%|████▍     | 44/100 [04:12<05:40,  6.08s/frame, gt=20, pred=22]
office0:  45%|████▌     | 45/100 [04:17<05:28,  5.98s/frame, gt=18, pred=23]
office0:  46%|████▌     | 46/100 [04:23<05:16,  5.86s/frame, gt=15, pred=19]
office0:  47%|████▋     | 47/100 [04:29<05:07,  5.81s/frame, gt=17, pred=18]
office0:  48%|████▊     | 48/100 [04:34<05:00,  5.77s/frame, gt=15, pred=29]
office0:  49%|████▉     | 49/100 [04:40<04:54,  5.77s/frame, gt=15, pred=32]
office0:  50%|█████     | 50/100 [04:46<04:49,  5.79s/frame, gt=17, pred=36]
office0:  51%|█████     | 51/100 [04:52<04:44,  5.81s/frame, gt=18, pred=38]
office0:  52%|█████▏    | 52/100 [04:58<04:43,  5.91s/frame, gt=18, pred=44]
office0:  53%|█████▎    | 53/100 [05:04<04:40,  5.97s/frame, gt=21, pred=45]
office0:  54%|█████▍    | 54/100 [05:11<04:42,  6.15s/frame, gt=21, pred=53]
office0:  55%|█████▌    | 55/100 [05:17<04:38,  6.19s/frame, gt=22, pred=41]
office0:  56%|█████▌    | 56/100 [05:23<04:33,  6.21s/frame, gt=24, pred=39]
office0:  57%|█████▋    | 57/100 [05:29<04:28,  6.24s/frame, gt=26, pred=43]
office0:  58%|█████▊    | 58/100 [05:36<04:23,  6.28s/frame, gt=28, pred=41]
office0:  59%|█████▉    | 59/100 [05:42<04:20,  6.35s/frame, gt=31, pred=44]
office0:  60%|██████    | 60/100 [05:49<04:17,  6.44s/frame, gt=32, pred=46]
office0:  61%|██████    | 61/100 [05:56<04:13,  6.49s/frame, gt=32, pred=46]
office0:  62%|██████▏   | 62/100 [06:02<04:09,  6.55s/frame, gt=33, pred=48]
office0:  63%|██████▎   | 63/100 [06:09<04:02,  6.57s/frame, gt=33, pred=47]
office0:  64%|██████▍   | 64/100 [06:15<03:56,  6.57s/frame, gt=33, pred=48]
office0:  65%|██████▌   | 65/100 [06:22<03:47,  6.49s/frame, gt=29, pred=45]
office0:  66%|██████▌   | 66/100 [06:28<03:38,  6.41s/frame, gt=29, pred=42]
office0:  67%|██████▋   | 67/100 [06:34<03:27,  6.29s/frame, gt=27, pred=40]
office0:  68%|██████▊   | 68/100 [06:40<03:18,  6.19s/frame, gt=26, pred=42]
office0:  69%|██████▉   | 69/100 [06:46<03:08,  6.09s/frame, gt=28, pred=37]
office0:  70%|███████   | 70/100 [06:52<03:04,  6.14s/frame, gt=28, pred=45]
office0:  71%|███████   | 71/100 [06:58<02:59,  6.18s/frame, gt=28, pred=43]
office0:  72%|███████▏  | 72/100 [07:05<02:55,  6.25s/frame, gt=28, pred=45]
office0:  73%|███████▎  | 73/100 [07:11<02:48,  6.26s/frame, gt=27, pred=40]
office0:  74%|███████▍  | 74/100 [07:18<02:44,  6.34s/frame, gt=27, pred=49]
office0:  75%|███████▌  | 75/100 [07:24<02:38,  6.34s/frame, gt=27, pred=46]
office0:  76%|███████▌  | 76/100 [07:30<02:31,  6.31s/frame, gt=26, pred=46]
office0:  77%|███████▋  | 77/100 [07:36<02:23,  6.24s/frame, gt=23, pred=48]
office0:  78%|███████▊  | 78/100 [07:42<02:14,  6.09s/frame, gt=21, pred=38]
office0:  79%|███████▉  | 79/100 [07:48<02:05,  5.99s/frame, gt=19, pred=43]
office0:  80%|████████  | 80/100 [07:53<01:55,  5.79s/frame, gt=10, pred=38]
office0:  81%|████████  | 81/100 [07:58<01:47,  5.67s/frame, gt=7, pred=44] 
office0:  82%|████████▏ | 82/100 [08:04<01:40,  5.56s/frame, gt=7, pred=42]
office0:  83%|████████▎ | 83/100 [08:09<01:31,  5.40s/frame, gt=5, pred=36]
office0:  84%|████████▍ | 84/100 [08:14<01:25,  5.36s/frame, gt=5, pred=42]
office0:  85%|████████▌ | 85/100 [08:19<01:20,  5.36s/frame, gt=5, pred=47]
office0:  86%|████████▌ | 86/100 [08:25<01:14,  5.35s/frame, gt=5, pred=46]
office0:  87%|████████▋ | 87/100 [08:30<01:09,  5.31s/frame, gt=5, pred=43]
office0:  88%|████████▊ | 88/100 [08:35<01:03,  5.29s/frame, gt=5, pred=45]
office0:  89%|████████▉ | 89/100 [08:40<00:57,  5.27s/frame, gt=5, pred=46]
office0:  90%|█████████ | 90/100 [08:45<00:50,  5.07s/frame, gt=3, pred=15]
office0:  91%|█████████ | 91/100 [08:50<00:46,  5.16s/frame, gt=10, pred=35]
office0:  92%|█████████▏| 92/100 [08:56<00:42,  5.34s/frame, gt=15, pred=42]
office0:  93%|█████████▎| 93/100 [09:02<00:38,  5.55s/frame, gt=17, pred=48]
office0:  94%|█████████▍| 94/100 [09:08<00:33,  5.65s/frame, gt=17, pred=44]
office0:  95%|█████████▌| 95/100 [09:14<00:28,  5.74s/frame, gt=20, pred=41]
office0:  96%|█████████▌| 96/100 [09:20<00:23,  5.76s/frame, gt=17, pred=38]
office0:  97%|█████████▋| 97/100 [09:26<00:17,  5.80s/frame, gt=19, pred=39]
office0:  98%|█████████▊| 98/100 [09:31<00:11,  5.77s/frame, gt=16, pred=32]
office0:  99%|█████████▉| 99/100 [09:37<00:05,  5.69s/frame, gt=15, pred=32]
office0: 100%|██████████| 100/100 [09:42<00:00,  5.60s/frame, gt=14, pred=30]
office0: 100%|██████████| 100/100 [09:42<00:00,  5.83s/frame, gt=14, pred=30]
