
office0:   0%|          | 0/100 [00:00<?, ?frame/s]
office0:   1%|          | 1/100 [00:03<05:33,  3.37s/frame, gt=22, pred=54]
office0:   2%|▏         | 2/100 [00:06<04:52,  2.98s/frame, gt=22, pred=54]
office0:   3%|▎         | 3/100 [00:08<04:42,  2.91s/frame, gt=22, pred=56]
office0:   4%|▍         | 4/100 [00:11<04:36,  2.88s/frame, gt=22, pred=56]
office0:   5%|▌         | 5/100 [00:14<04:33,  2.88s/frame, gt=22, pred=58]
office0:   6%|▌         | 6/100 [00:17<04:23,  2.80s/frame, gt=22, pred=54]
office0:   7%|▋         | 7/100 [00:20<04:23,  2.83s/frame, gt=22, pred=58]
office0:   8%|▊         | 8/100 [00:23<04:24,  2.88s/frame, gt=24, pred=59]
office0:   9%|▉         | 9/100 [00:26<04:29,  2.96s/frame, gt=22, pred=65]
office0:  10%|█         | 10/100 [00:29<04:44,  3.16s/frame, gt=20, pred=77]
office0:  11%|█         | 11/100 [00:33<04:43,  3.18s/frame, gt=20, pred=69]
office0:  12%|█▏        | 12/100 [00:36<04:34,  3.12s/frame, gt=16, pred=63]
office0:  13%|█▎        | 13/100 [00:38<04:21,  3.01s/frame, gt=15, pred=61]
office0:  14%|█▍        | 14/100 [00:41<03:57,  2.77s/frame, gt=15, pred=46]
office0:  15%|█▌        | 15/100 [00:43<03:37,  2.56s/frame, gt=10, pred=46]
office0:  16%|█▌        | 16/100 [00:44<03:17,  2.35s/frame, gt=10, pred=40]
office0:  17%|█▋        | 17/100 [00:46<02:57,  2.14s/frame, gt=12, pred=29]
office0:  18%|█▊        | 18/100 [00:48<02:42,  1.98s/frame, gt=12, pred=27]
office0:  19%|█▉        | 19/100 [00:50<02:52,  2.13s/frame, gt=14, pred=54]
office0:  20%|██        | 20/100 [00:52<02:47,  2.09s/frame, gt=10, pred=42]
office0:  21%|██        | 21/100 [00:54<02:46,  2.11s/frame, gt=10, pred=49]
office0:  22%|██▏       | 22/100 [00:56<02:37,  2.03s/frame, gt=10, pred=40]
office0:  23%|██▎       | 23/100 [00:58<02:28,  1.92s/frame, gt=11, pred=34]
office0:  24%|██▍       | 24/100 [01:00<02:23,  1.89s/frame, gt=9, pred=39] 
office0:  25%|██▌       | 25/100 [01:01<02:14,  1.80s/frame, gt=10, pred=30]
office0:  26%|██▌       | 26/100 [01:03<02:10,  1.76s/frame, gt=10, pred=32]
office0:  27%|██▋       | 27/100 [01:05<02:09,  1.77s/frame, gt=10, pred=38]
office0:  28%|██▊       | 28/100 [01:07<02:21,  1.97s/frame, gt=9, pred=61] 
office0:  29%|██▉       | 29/100 [01:10<02:35,  2.20s/frame, gt=11, pred=66]
office0:  30%|███       | 30/100 [01:12<02:32,  2.18s/frame, gt=13, pred=47]
office0:  31%|███       | 31/100 [01:14<02:22,  2.06s/frame, gt=8, pred=42] 
office0:  32%|███▏      | 32/100 [01:16<02:28,  2.18s/frame, gt=8, pred=64]
office0:  33%|███▎      | 33/100 [01:19<02:31,  2.27s/frame, gt=8, pred=64]
office0:  34%|███▍      | 34/100 [01:21<02:33,  2.33s/frame, gt=11, pred=62]
office0:  35%|███▌      | 35/100 [01:24<02:44,  2.53s/frame, gt=13, pred=72]
office0:  36%|███▌      | 36/100 [01:28<02:56,  2.76s/frame, gt=20, pred=70]
office0:  37%|███▋      | 37/100 [01:32<03:20,  3.18s/frame, gt=25, pred=81]
office0:  38%|███▊      | 38/100 [01:36<03:44,  3.62s/frame, gt=28, pred=87]
office0:  39%|███▉      | 39/100 [01:40<03:50,  3.78s/frame, gt=28, pred=79]
office0:  40%|████      | 40/100 [01:44<03:33,  3.56s/frame, gt=26, pred=58]
office0:  41%|████      | 41/100 [01:47<03:21,  3.42s/frame, gt=28, pred=56]
office0:  42%|████▏     | 42/100 [01:50<03:16,  3.39s/frame, gt=30, pred=56]
office0:  43%|████▎     | 43/100 [01:53<03:09,  3.32s/frame, gt=30, pred=53]
office0:  44%|████▍     | 44/100 [01:55<02:48,  3.00s/frame, gt=20, pred=36]
office0:  45%|████▌     | 45/100 [01:58<02:32,  2.77s/frame, gt=18, pred=38]
office0:  46%|████▌     | 46/100 [02:00<02:16,  2.53s/frame, gt=15, pred=32]
office0:  47%|████▋     | 47/100 [02:01<02:02,  2.32s/frame, gt=17, pred=31]
office0:  48%|████▊     | 48/100 [02:04<01:59,  2.30s/frame, gt=15, pred=46]
office0:  49%|████▉     | 49/100 [02:06<01:58,  2.32s/frame, gt=15, pred=50]
office0:  50%|█████     | 50/100 [02:09<02:01,  2.43s/frame, gt=17, pred=57]
office0:  51%|█████     | 51/100 [02:12<02:10,  2.66s/frame, gt=18, pred=67]
office0:  52%|█████▏    | 52/100 [02:15<02:12,  2.76s/frame, gt=18, pred=63]
office0:  53%|█████▎    | 53/100 [02:18<02:18,  2.94s/frame, gt=21, pred=70]
office0:  54%|█████▍    | 54/100 [02:21<02:18,  3.01s/frame, gt=21, pred=64]
office0:  55%|█████▌    | 55/100 [02:25<02:16,  3.04s/frame, gt=22, pred=60]
office0:  56%|█████▌    | 56/100 [02:28<02:17,  3.12s/frame, gt=24, pred=64]
office0:  57%|█████▋    | 57/100 [02:31<02:16,  3.17s/frame, gt=26, pred=64]
office0:  58%|█████▊    | 58/100 [02:34<02:08,  3.05s/frame, gt=28, pred=52]
office0:  59%|█████▉    | 59/100 [02:37<02:09,  3.16s/frame, gt=31, pred=62]
office0:  60%|██████    | 60/100 [02:41<02:14,  3.37s/frame, gt=32, pred=69]
office0:  61%|██████    | 61/100 [02:45<02:18,  3.54s/frame, gt=32, pred=71]
office0:  62%|██████▏   | 62/100 [02:49<02:20,  3.71s/frame, gt=33, pred=73]
office0:  63%|██████▎   | 63/100 [02:53<02:18,  3.75s/frame, gt=33, pred=69]
office0:  64%|██████▍   | 64/100 [02:57<02:18,  3.85s/frame, gt=33, pred=75]
office0:  65%|██████▌   | 65/100 [03:00<02:08,  3.68s/frame, gt=29, pred=64]
office0:  66%|██████▌   | 66/100 [03:04<02:05,  3.68s/frame, gt=29, pred=70]
office0:  67%|██████▋   | 67/100 [03:07<01:56,  3.52s/frame, gt=27, pred=62]
office0:  68%|██████▊   | 68/100 [03:11<01:56,  3.63s/frame, gt=26, pred=78]
office0:  69%|██████▉   | 69/100 [03:15<01:53,  3.65s/frame, gt=28, pred=71]
office0:  70%|███████   | 70/100 [03:19<01:51,  3.72s/frame, gt=28, pred=76]
office0:  71%|███████   | 71/100 [03:23<01:51,  3.84s/frame, gt=28, pred=79]
office0:  72%|███████▏  | 72/100 [03:27<01:48,  3.89s/frame, gt=28, pred=78]
office0:  73%|███████▎  | 73/100 [03:31<01:43,  3.85s/frame, gt=27, pred=74]
office0:  74%|███████▍  | 74/100 [03:35<01:40,  3.87s/frame, gt=27, pred=78]
office0:  75%|███████▌  | 75/100 [03:38<01:36,  3.87s/frame, gt=27, pred=76]
office0:  76%|███████▌  | 76/100 [03:43<01:34,  3.96s/frame, gt=26, pred=83]
office0:  77%|███████▋  | 77/100 [03:47<01:33,  4.05s/frame, gt=23, pred=86]
office0:  78%|███████▊  | 78/100 [03:51<01:29,  4.07s/frame, gt=21, pred=85]
office0:  79%|███████▉  | 79/100 [03:55<01:22,  3.92s/frame, gt=19, pred=76]
office0:  80%|████████  | 80/100 [03:58<01:13,  3.66s/frame, gt=10, pred=75]
office0:  81%|████████  | 81/100 [04:00<01:03,  3.34s/frame, gt=7, pred=67] 
office0:  82%|████████▏ | 82/100 [04:03<00:56,  3.12s/frame, gt=7, pred=69]
office0:  83%|████████▎ | 83/100 [04:05<00:50,  2.96s/frame, gt=5, pred=69]
office0:  84%|████████▍ | 84/100 [04:08<00:47,  2.95s/frame, gt=5, pred=78]
office0:  85%|████████▌ | 85/100 [04:12<00:45,  3.04s/frame, gt=5, pred=83]
office0:  86%|████████▌ | 86/100 [04:15<00:43,  3.13s/frame, gt=5, pred=87]
office0:  87%|████████▋ | 87/100 [04:18<00:40,  3.09s/frame, gt=5, pred=80]
office0:  88%|████████▊ | 88/100 [04:21<00:36,  3.06s/frame, gt=5, pred=80]
office0:  89%|████████▉ | 89/100 [04:24<00:33,  3.01s/frame, gt=5, pred=76]
office0:  90%|█████████ | 90/100 [04:25<00:25,  2.57s/frame, gt=3, pred=40]
office0:  91%|█████████ | 91/100 [04:27<00:21,  2.39s/frame, gt=10, pred=41]
office0:  92%|█████████▏| 92/100 [04:29<00:18,  2.32s/frame, gt=15, pred=45]
office0:  93%|█████████▎| 93/100 [04:32<00:16,  2.34s/frame, gt=17, pred=53]
office0:  94%|█████████▍| 94/100 [04:34<00:14,  2.37s/frame, gt=17, pred=52]
office0:  95%|█████████▌| 95/100 [04:37<00:12,  2.58s/frame, gt=20, pred=65]
office0:  96%|█████████▌| 96/100 [04:40<00:10,  2.69s/frame, gt=17, pred=65]
office0:  97%|█████████▋| 97/100 [04:43<00:08,  2.70s/frame, gt=19, pred=58]
office0:  98%|█████████▊| 98/100 [04:46<00:05,  2.66s/frame, gt=16, pred=56]
office0:  99%|█████████▉| 99/100 [04:48<00:02,  2.57s/frame, gt=15, pred=50]
office0: 100%|██████████| 100/100 [04:50<00:00,  2.44s/frame, gt=14, pred=46]
office0: 100%|██████████| 100/100 [04:50<00:00,  2.91s/frame, gt=14, pred=46]
