
office0:   0%|          | 0/100 [00:00<?, ?frame/s]/robodata/smodak/repos/ovo/thirdParty/segment-anything-2/sam2/modeling/sam/transformer.py:270: UserWarning: Memory efficient kernel not used because: (Triggered internally at /pytorch/aten/src/ATen/native/transformers/cuda/sdp_utils.cpp:986.)
  out = F.scaled_dot_product_attention(q, k, v, dropout_p=dropout_p)
/robodata/smodak/repos/ovo/thirdParty/segment-anything-2/sam2/modeling/sam/transformer.py:270: UserWarning: Memory Efficient attention has been runtime disabled. (Triggered internally at /pytorch/aten/src/ATen/native/transformers/sdp_utils_cpp.h:552.)
  out = F.scaled_dot_product_attention(q, k, v, dropout_p=dropout_p)
/robodata/smodak/repos/ovo/thirdParty/segment-anything-2/sam2/modeling/sam/transformer.py:270: UserWarning: Flash attention kernel not used because: (Triggered internally at /pytorch/aten/src/ATen/native/transformers/cuda/sdp_utils.cpp:988.)
  out = F.scaled_dot_product_attention(q, k, v, dropout_p=dropout_p)
/robodata/smodak/repos/ovo/thirdParty/segment-anything-2/sam2/modeling/sam/transformer.py:270: UserWarning: Expected query, key and value to all be of dtype: {Half, BFloat16}. Got Query dtype: float, Key dtype: float, and Value dtype: float instead. (Triggered internally at /pytorch/aten/src/ATen/native/transformers/sdp_utils_cpp.h:91.)
  out = F.scaled_dot_product_attention(q, k, v, dropout_p=dropout_p)
/robodata/smodak/repos/ovo/thirdParty/segment-anything-2/sam2/modeling/sam/transformer.py:270: UserWarning: cuDNN attention kernel not used because: (Triggered internally at /pytorch/aten/src/ATen/native/transformers/cuda/sdp_utils.cpp:990.)
  out = F.scaled_dot_product_attention(q, k, v, dropout_p=dropout_p)
/opt/miniconda3/envs/ovo/lib/python3.10/site-packages/torch/nn/modules/module.py:1790: UserWarning: Flash Attention kernel failed due to: No available kernel. Aborting execution.
Falling back to all available kernels for scaled_dot_product_attention (which may have a slower speed).
  return forward_call(*args, **kwargs)

office0:   1%|          | 1/100 [00:01<02:59,  1.81s/frame, gt=22, pred=23]
office0:   2%|▏         | 2/100 [00:03<02:29,  1.52s/frame, gt=22, pred=27]
office0:   3%|▎         | 3/100 [00:04<02:18,  1.43s/frame, gt=22, pred=27]
office0:   4%|▍         | 4/100 [00:05<02:10,  1.36s/frame, gt=22, pred=27]
office0:   5%|▌         | 5/100 [00:06<02:04,  1.31s/frame, gt=22, pred=26]
office0:   6%|▌         | 6/100 [00:08<01:59,  1.28s/frame, gt=22, pred=26]
office0:   7%|▋         | 7/100 [00:09<01:56,  1.25s/frame, gt=22, pred=26]
office0:   8%|▊         | 8/100 [00:10<01:54,  1.25s/frame, gt=24, pred=25]
office0:   9%|▉         | 9/100 [00:12<01:59,  1.32s/frame, gt=22, pred=33]
office0:  10%|█         | 10/100 [00:13<01:59,  1.33s/frame, gt=20, pred=31]
office0:  11%|█         | 11/100 [00:14<01:54,  1.29s/frame, gt=20, pred=27]
office0:  12%|█▏        | 12/100 [00:15<01:50,  1.26s/frame, gt=16, pred=27]
office0:  13%|█▎        | 13/100 [00:17<01:49,  1.26s/frame, gt=15, pred=33]
office0:  14%|█▍        | 14/100 [00:18<01:42,  1.19s/frame, gt=15, pred=23]
office0:  15%|█▌        | 15/100 [00:18<01:31,  1.08s/frame, gt=10, pred=16]
office0:  16%|█▌        | 16/100 [00:19<01:25,  1.01s/frame, gt=10, pred=13]
office0:  17%|█▋        | 17/100 [00:20<01:20,  1.03frame/s, gt=12, pred=10]
office0:  18%|█▊        | 18/100 [00:21<01:16,  1.07frame/s, gt=12, pred=9] 
office0:  19%|█▉        | 19/100 [00:22<01:13,  1.11frame/s, gt=14, pred=16]
office0:  20%|██        | 20/100 [00:23<01:10,  1.13frame/s, gt=10, pred=17]
office0:  21%|██        | 21/100 [00:24<01:10,  1.12frame/s, gt=10, pred=19]
office0:  22%|██▏       | 22/100 [00:24<01:06,  1.17frame/s, gt=10, pred=13]
office0:  23%|██▎       | 23/100 [00:25<01:02,  1.22frame/s, gt=11, pred=11]
office0:  24%|██▍       | 24/100 [00:26<01:01,  1.23frame/s, gt=9, pred=15] 
office0:  25%|██▌       | 25/100 [00:27<01:00,  1.24frame/s, gt=10, pred=13]
office0:  26%|██▌       | 26/100 [00:27<00:59,  1.24frame/s, gt=10, pred=15]
office0:  27%|██▋       | 27/100 [00:28<00:59,  1.24frame/s, gt=10, pred=17]
office0:  28%|██▊       | 28/100 [00:29<00:55,  1.29frame/s, gt=9, pred=14] 
office0:  29%|██▉       | 29/100 [00:30<00:54,  1.29frame/s, gt=11, pred=15]
office0:  30%|███       | 30/100 [00:31<00:57,  1.23frame/s, gt=13, pred=20]
office0:  31%|███       | 31/100 [00:31<00:54,  1.26frame/s, gt=8, pred=14] 
office0:  32%|███▏      | 32/100 [00:32<00:54,  1.26frame/s, gt=8, pred=19]
office0:  33%|███▎      | 33/100 [00:33<00:51,  1.30frame/s, gt=8, pred=15]
office0:  34%|███▍      | 34/100 [00:34<00:53,  1.24frame/s, gt=11, pred=22]
office0:  35%|███▌      | 35/100 [00:35<00:53,  1.21frame/s, gt=13, pred=19]
office0:  36%|███▌      | 36/100 [00:36<00:59,  1.08frame/s, gt=20, pred=26]
office0:  37%|███▋      | 37/100 [00:37<01:04,  1.03s/frame, gt=25, pred=26]
office0:  38%|███▊      | 38/100 [00:38<01:08,  1.11s/frame, gt=28, pred=26]
office0:  39%|███▉      | 39/100 [00:40<01:10,  1.16s/frame, gt=28, pred=26]
office0:  40%|████      | 40/100 [00:41<01:11,  1.18s/frame, gt=26, pred=24]
office0:  41%|████      | 41/100 [00:42<01:12,  1.22s/frame, gt=28, pred=23]
office0:  42%|████▏     | 42/100 [00:44<01:16,  1.32s/frame, gt=30, pred=26]
office0:  43%|████▎     | 43/100 [00:45<01:18,  1.37s/frame, gt=30, pred=25]
office0:  44%|████▍     | 44/100 [00:46<01:14,  1.33s/frame, gt=20, pred=18]
office0:  45%|████▌     | 45/100 [00:48<01:09,  1.27s/frame, gt=18, pred=15]
office0:  46%|████▌     | 46/100 [00:49<01:04,  1.20s/frame, gt=15, pred=12]
office0:  47%|████▋     | 47/100 [00:50<01:01,  1.16s/frame, gt=17, pred=13]
office0:  48%|████▊     | 48/100 [00:51<01:00,  1.16s/frame, gt=15, pred=20]
office0:  49%|████▉     | 49/100 [00:52<00:59,  1.16s/frame, gt=15, pred=24]
office0:  50%|█████     | 50/100 [00:53<01:01,  1.23s/frame, gt=17, pred=30]
office0:  51%|█████     | 51/100 [00:55<01:01,  1.25s/frame, gt=18, pred=29]
office0:  52%|█████▏    | 52/100 [00:56<01:00,  1.27s/frame, gt=18, pred=31]
office0:  53%|█████▎    | 53/100 [00:57<01:00,  1.30s/frame, gt=21, pred=30]
office0:  54%|█████▍    | 54/100 [00:59<01:01,  1.34s/frame, gt=21, pred=31]
office0:  55%|█████▌    | 55/100 [01:00<01:00,  1.34s/frame, gt=22, pred=28]
office0:  56%|█████▌    | 56/100 [01:02<01:00,  1.37s/frame, gt=24, pred=29]
office0:  57%|█████▋    | 57/100 [01:03<01:00,  1.40s/frame, gt=26, pred=31]
office0:  58%|█████▊    | 58/100 [01:05<00:59,  1.42s/frame, gt=28, pred=28]
office0:  59%|█████▉    | 59/100 [01:06<00:58,  1.43s/frame, gt=31, pred=28]
office0:  60%|██████    | 60/100 [01:08<00:59,  1.48s/frame, gt=32, pred=31]
office0:  61%|██████    | 61/100 [01:09<00:59,  1.51s/frame, gt=32, pred=31]
office0:  62%|██████▏   | 62/100 [01:11<01:00,  1.58s/frame, gt=33, pred=34]
office0:  63%|██████▎   | 63/100 [01:13<00:58,  1.57s/frame, gt=33, pred=30]
office0:  64%|██████▍   | 64/100 [01:14<00:56,  1.58s/frame, gt=33, pred=32]
office0:  65%|██████▌   | 65/100 [01:15<00:51,  1.48s/frame, gt=29, pred=24]
office0:  66%|██████▌   | 66/100 [01:17<00:50,  1.47s/frame, gt=29, pred=30]
office0:  67%|██████▋   | 67/100 [01:18<00:46,  1.41s/frame, gt=27, pred=27]
office0:  68%|██████▊   | 68/100 [01:19<00:42,  1.33s/frame, gt=26, pred=24]
office0:  69%|██████▉   | 69/100 [01:20<00:39,  1.28s/frame, gt=28, pred=23]
office0:  70%|███████   | 70/100 [01:22<00:38,  1.29s/frame, gt=28, pred=27]
office0:  71%|███████   | 71/100 [01:23<00:36,  1.27s/frame, gt=28, pred=25]
office0:  72%|███████▏  | 72/100 [01:24<00:37,  1.32s/frame, gt=28, pred=30]
office0:  73%|███████▎  | 73/100 [01:26<00:34,  1.29s/frame, gt=27, pred=25]
office0:  74%|███████▍  | 74/100 [01:27<00:33,  1.28s/frame, gt=27, pred=26]
office0:  75%|███████▌  | 75/100 [01:28<00:33,  1.34s/frame, gt=27, pred=32]
office0:  76%|███████▌  | 76/100 [01:30<00:31,  1.32s/frame, gt=26, pred=28]
office0:  77%|███████▋  | 77/100 [01:31<00:29,  1.30s/frame, gt=23, pred=29]
office0:  78%|███████▊  | 78/100 [01:32<00:27,  1.23s/frame, gt=21, pred=23]
office0:  79%|███████▉  | 79/100 [01:33<00:24,  1.17s/frame, gt=19, pred=23]
office0:  80%|████████  | 80/100 [01:34<00:21,  1.06s/frame, gt=10, pred=18]
office0:  81%|████████  | 81/100 [01:35<00:18,  1.00frame/s, gt=7, pred=24] 
office0:  82%|████████▏ | 82/100 [01:35<00:16,  1.08frame/s, gt=7, pred=19]
office0:  83%|████████▎ | 83/100 [01:36<00:14,  1.18frame/s, gt=5, pred=14]
office0:  84%|████████▍ | 84/100 [01:37<00:12,  1.23frame/s, gt=5, pred=20]
office0:  85%|████████▌ | 85/100 [01:38<00:12,  1.24frame/s, gt=5, pred=23]
office0:  86%|████████▌ | 86/100 [01:38<00:11,  1.26frame/s, gt=5, pred=23]
office0:  87%|████████▋ | 87/100 [01:39<00:10,  1.26frame/s, gt=5, pred=23]
office0:  88%|████████▊ | 88/100 [01:40<00:09,  1.28frame/s, gt=5, pred=22]
office0:  89%|████████▉ | 89/100 [01:41<00:08,  1.30frame/s, gt=5, pred=20]
office0:  90%|█████████ | 90/100 [01:41<00:07,  1.37frame/s, gt=3, pred=13]
office0:  91%|█████████ | 91/100 [01:42<00:07,  1.22frame/s, gt=10, pred=28]
office0:  92%|█████████▏| 92/100 [01:43<00:07,  1.10frame/s, gt=15, pred=28]
office0:  93%|█████████▎| 93/100 [01:45<00:06,  1.03frame/s, gt=17, pred=27]
office0:  94%|█████████▍| 94/100 [01:46<00:06,  1.03s/frame, gt=17, pred=27]
office0:  95%|█████████▌| 95/100 [01:47<00:05,  1.14s/frame, gt=20, pred=33]
office0:  96%|█████████▌| 96/100 [01:48<00:04,  1.18s/frame, gt=17, pred=31]
office0:  97%|█████████▋| 97/100 [01:49<00:03,  1.17s/frame, gt=19, pred=25]
office0:  98%|█████████▊| 98/100 [01:51<00:02,  1.13s/frame, gt=16, pred=22]
office0:  99%|█████████▉| 99/100 [01:51<00:01,  1.08s/frame, gt=15, pred=18]
office0: 100%|██████████| 100/100 [01:53<00:00,  1.06s/frame, gt=14, pred=22]
office0: 100%|██████████| 100/100 [01:53<00:00,  1.13s/frame, gt=14, pred=22]
