
office0:   0%|          | 0/100 [00:00<?, ?frame/s]/robodata/smodak/repos/ovo/thirdParty/segment-anything-2/sam2/modeling/sam/transformer.py:270: UserWarning: Memory efficient kernel not used because: (Triggered internally at /pytorch/aten/src/ATen/native/transformers/cuda/sdp_utils.cpp:986.)
  out = F.scaled_dot_product_attention(q, k, v, dropout_p=dropout_p)
/robodata/smodak/repos/ovo/thirdParty/segment-anything-2/sam2/modeling/sam/transformer.py:270: UserWarning: Memory Efficient attention has been runtime disabled. (Triggered internally at /pytorch/aten/src/ATen/native/transformers/sdp_utils_cpp.h:552.)
  out = F.scaled_dot_product_attention(q, k, v, dropout_p=dropout_p)
/robodata/smodak/repos/ovo/thirdParty/segment-anything-2/sam2/modeling/sam/transformer.py:270: UserWarning: Flash attention kernel not used because: (Triggered internally at /pytorch/aten/src/ATen/native/transformers/cuda/sdp_utils.cpp:988.)
  out = F.scaled_dot_product_attention(q, k, v, dropout_p=dropout_p)
/robodata/smodak/repos/ovo/thirdParty/segment-anything-2/sam2/modeling/sam/transformer.py:270: UserWarning: Expected query, key and value to all be of dtype: {Half, BFloat16}. Got Query dtype: float, Key dtype: float, and Value dtype: float instead. (Triggered internally at /pytorch/aten/src/ATen/native/transformers/sdp_utils_cpp.h:91.)
  out = F.scaled_dot_product_attention(q, k, v, dropout_p=dropout_p)
/robodata/smodak/repos/ovo/thirdParty/segment-anything-2/sam2/modeling/sam/transformer.py:270: UserWarning: cuDNN attention kernel not used because: (Triggered internally at /pytorch/aten/src/ATen/native/transformers/cuda/sdp_utils.cpp:990.)
  out = F.scaled_dot_product_attention(q, k, v, dropout_p=dropout_p)
/opt/miniconda3/envs/ovo/lib/python3.10/site-packages/torch/nn/modules/module.py:1790: UserWarning: Flash Attention kernel failed due to: No available kernel. Aborting execution.
Falling back to all available kernels for scaled_dot_product_attention (which may have a slower speed).
  return forward_call(*args, **kwargs)

office0:   1%|          | 1/100 [00:01<02:29,  1.51s/frame, gt=22, pred=19]
office0:   2%|▏         | 2/100 [00:02<01:43,  1.06s/frame, gt=22, pred=17]
office0:   3%|▎         | 3/100 [00:02<01:27,  1.11frame/s, gt=22, pred=17]
office0:   4%|▍         | 4/100 [00:03<01:20,  1.20frame/s, gt=22, pred=19]
office0:   5%|▌         | 5/100 [00:04<01:15,  1.26frame/s, gt=22, pred=18]
office0:   6%|▌         | 6/100 [00:05<01:10,  1.33frame/s, gt=22, pred=17]
office0:   7%|▋         | 7/100 [00:05<01:08,  1.35frame/s, gt=22, pred=19]
office0:   8%|▊         | 8/100 [00:06<01:08,  1.35frame/s, gt=24, pred=18]
office0:   9%|▉         | 9/100 [00:07<01:07,  1.36frame/s, gt=22, pred=18]
office0:  10%|█         | 10/100 [00:07<01:04,  1.40frame/s, gt=20, pred=17]
office0:  11%|█         | 11/100 [00:08<01:00,  1.46frame/s, gt=20, pred=16]
office0:  12%|█▏        | 12/100 [00:09<00:57,  1.54frame/s, gt=16, pred=14]
office0:  13%|█▎        | 13/100 [00:09<00:54,  1.58frame/s, gt=15, pred=16]
office0:  14%|█▍        | 14/100 [00:10<00:53,  1.60frame/s, gt=15, pred=16]
office0:  15%|█▌        | 15/100 [00:10<00:48,  1.76frame/s, gt=10, pred=9] 
office0:  16%|█▌        | 16/100 [00:11<00:44,  1.90frame/s, gt=10, pred=8]
office0:  17%|█▋        | 17/100 [00:11<00:42,  1.96frame/s, gt=12, pred=8]
office0:  18%|█▊        | 18/100 [00:12<00:40,  2.01frame/s, gt=12, pred=9]
office0:  19%|█▉        | 19/100 [00:12<00:40,  1.98frame/s, gt=14, pred=13]
office0:  20%|██        | 20/100 [00:13<00:40,  2.00frame/s, gt=10, pred=12]
office0:  21%|██        | 21/100 [00:13<00:38,  2.07frame/s, gt=10, pred=10]
office0:  22%|██▏       | 22/100 [00:14<00:36,  2.13frame/s, gt=10, pred=10]
office0:  23%|██▎       | 23/100 [00:14<00:34,  2.21frame/s, gt=11, pred=7] 
office0:  24%|██▍       | 24/100 [00:14<00:33,  2.26frame/s, gt=9, pred=7] 
office0:  25%|██▌       | 25/100 [00:15<00:31,  2.35frame/s, gt=10, pred=6]
office0:  26%|██▌       | 26/100 [00:15<00:31,  2.35frame/s, gt=10, pred=8]
office0:  27%|██▋       | 27/100 [00:16<00:31,  2.30frame/s, gt=10, pred=11]
office0:  28%|██▊       | 28/100 [00:16<00:31,  2.30frame/s, gt=9, pred=11] 
office0:  29%|██▉       | 29/100 [00:16<00:30,  2.34frame/s, gt=11, pred=9]
office0:  30%|███       | 30/100 [00:17<00:30,  2.32frame/s, gt=13, pred=9]
office0:  31%|███       | 31/100 [00:17<00:29,  2.33frame/s, gt=8, pred=9] 
office0:  32%|███▏      | 32/100 [00:18<00:28,  2.40frame/s, gt=8, pred=9]
office0:  33%|███▎      | 33/100 [00:18<00:26,  2.49frame/s, gt=8, pred=8]
office0:  34%|███▍      | 34/100 [00:18<00:26,  2.47frame/s, gt=11, pred=9]
office0:  35%|███▌      | 35/100 [00:19<00:26,  2.43frame/s, gt=13, pred=9]
office0:  36%|███▌      | 36/100 [00:20<00:30,  2.12frame/s, gt=20, pred=15]
office0:  37%|███▋      | 37/100 [00:20<00:34,  1.84frame/s, gt=25, pred=17]
office0:  38%|███▊      | 38/100 [00:21<00:37,  1.65frame/s, gt=28, pred=17]
office0:  39%|███▉      | 39/100 [00:22<00:38,  1.59frame/s, gt=28, pred=14]
office0:  40%|████      | 40/100 [00:22<00:39,  1.50frame/s, gt=26, pred=18]
office0:  41%|████      | 41/100 [00:23<00:40,  1.46frame/s, gt=28, pred=15]
office0:  42%|████▏     | 42/100 [00:24<00:41,  1.40frame/s, gt=30, pred=16]
office0:  43%|████▎     | 43/100 [00:25<00:43,  1.30frame/s, gt=30, pred=18]
office0:  44%|████▍     | 44/100 [00:26<00:42,  1.32frame/s, gt=20, pred=14]
office0:  45%|████▌     | 45/100 [00:26<00:40,  1.37frame/s, gt=18, pred=12]
office0:  46%|████▌     | 46/100 [00:27<00:36,  1.49frame/s, gt=15, pred=9] 
office0:  47%|████▋     | 47/100 [00:27<00:34,  1.56frame/s, gt=17, pred=9]
office0:  48%|████▊     | 48/100 [00:28<00:32,  1.62frame/s, gt=15, pred=12]
office0:  49%|████▉     | 49/100 [00:29<00:32,  1.55frame/s, gt=15, pred=19]
office0:  50%|█████     | 50/100 [00:29<00:31,  1.59frame/s, gt=17, pred=14]
office0:  51%|█████     | 51/100 [00:30<00:31,  1.55frame/s, gt=18, pred=18]
office0:  52%|█████▏    | 52/100 [00:31<00:31,  1.54frame/s, gt=18, pred=18]
office0:  53%|█████▎    | 53/100 [00:31<00:31,  1.48frame/s, gt=21, pred=19]
office0:  54%|█████▍    | 54/100 [00:32<00:32,  1.41frame/s, gt=21, pred=21]
office0:  55%|█████▌    | 55/100 [00:33<00:30,  1.46frame/s, gt=22, pred=14]
office0:  56%|█████▌    | 56/100 [00:33<00:30,  1.45frame/s, gt=24, pred=16]
office0:  57%|█████▋    | 57/100 [00:34<00:31,  1.36frame/s, gt=26, pred=22]
office0:  58%|█████▊    | 58/100 [00:35<00:31,  1.35frame/s, gt=28, pred=17]
office0:  59%|█████▉    | 59/100 [00:36<00:32,  1.25frame/s, gt=31, pred=22]
office0:  60%|██████    | 60/100 [00:37<00:33,  1.18frame/s, gt=32, pred=22]
office0:  61%|██████    | 61/100 [00:38<00:33,  1.15frame/s, gt=32, pred=21]
office0:  62%|██████▏   | 62/100 [00:39<00:31,  1.22frame/s, gt=33, pred=14]
office0:  63%|██████▎   | 63/100 [00:39<00:29,  1.25frame/s, gt=33, pred=15]
office0:  64%|██████▍   | 64/100 [00:40<00:29,  1.22frame/s, gt=33, pred=19]
office0:  65%|██████▌   | 65/100 [00:41<00:28,  1.22frame/s, gt=29, pred=18]
office0:  66%|██████▌   | 66/100 [00:42<00:26,  1.26frame/s, gt=29, pred=15]
office0:  67%|██████▋   | 67/100 [00:42<00:24,  1.33frame/s, gt=27, pred=14]
office0:  68%|██████▊   | 68/100 [00:43<00:23,  1.34frame/s, gt=26, pred=18]
office0:  69%|██████▉   | 69/100 [00:44<00:22,  1.37frame/s, gt=28, pred=14]
office0:  70%|███████   | 70/100 [00:44<00:21,  1.40frame/s, gt=28, pred=12]
office0:  71%|███████   | 71/100 [00:45<00:20,  1.39frame/s, gt=28, pred=15]
office0:  72%|███████▏  | 72/100 [00:46<00:19,  1.43frame/s, gt=28, pred=13]
office0:  73%|███████▎  | 73/100 [00:46<00:18,  1.47frame/s, gt=27, pred=13]
office0:  74%|███████▍  | 74/100 [00:47<00:17,  1.50frame/s, gt=27, pred=12]
office0:  75%|███████▌  | 75/100 [00:48<00:16,  1.53frame/s, gt=27, pred=12]
office0:  76%|███████▌  | 76/100 [00:48<00:15,  1.50frame/s, gt=26, pred=16]
office0:  77%|███████▋  | 77/100 [00:49<00:15,  1.47frame/s, gt=23, pred=18]
office0:  78%|███████▊  | 78/100 [00:50<00:14,  1.52frame/s, gt=21, pred=14]
office0:  79%|███████▉  | 79/100 [00:50<00:12,  1.64frame/s, gt=19, pred=10]
office0:  80%|████████  | 80/100 [00:51<00:11,  1.79frame/s, gt=10, pred=10]
office0:  81%|████████  | 81/100 [00:51<00:10,  1.89frame/s, gt=7, pred=13] 
office0:  82%|████████▏ | 82/100 [00:52<00:08,  2.00frame/s, gt=7, pred=10]
office0:  83%|████████▎ | 83/100 [00:52<00:07,  2.20frame/s, gt=5, pred=7] 
office0:  84%|████████▍ | 84/100 [00:52<00:06,  2.30frame/s, gt=5, pred=10]
office0:  85%|████████▌ | 85/100 [00:53<00:06,  2.30frame/s, gt=5, pred=14]
office0:  86%|████████▌ | 86/100 [00:53<00:06,  2.32frame/s, gt=5, pred=13]
office0:  87%|████████▋ | 87/100 [00:54<00:05,  2.41frame/s, gt=5, pred=9] 
office0:  88%|████████▊ | 88/100 [00:54<00:04,  2.45frame/s, gt=5, pred=11]
office0:  89%|████████▉ | 89/100 [00:54<00:04,  2.49frame/s, gt=5, pred=9] 
office0:  90%|█████████ | 90/100 [00:55<00:03,  2.56frame/s, gt=3, pred=9]
office0:  91%|█████████ | 91/100 [00:55<00:03,  2.31frame/s, gt=10, pred=15]
office0:  92%|█████████▏| 92/100 [00:56<00:03,  2.05frame/s, gt=15, pred=16]
office0:  93%|█████████▎| 93/100 [00:57<00:03,  1.78frame/s, gt=17, pred=20]
office0:  94%|█████████▍| 94/100 [00:57<00:03,  1.63frame/s, gt=17, pred=20]
office0:  95%|█████████▌| 95/100 [00:58<00:03,  1.58frame/s, gt=20, pred=17]
office0:  96%|█████████▌| 96/100 [00:59<00:02,  1.62frame/s, gt=17, pred=14]
office0:  97%|█████████▋| 97/100 [00:59<00:01,  1.60frame/s, gt=19, pred=16]
office0:  98%|█████████▊| 98/100 [01:00<00:01,  1.60frame/s, gt=16, pred=14]
office0:  99%|█████████▉| 99/100 [01:00<00:00,  1.64frame/s, gt=15, pred=14]
office0: 100%|██████████| 100/100 [01:01<00:00,  1.70frame/s, gt=14, pred=12]
office0: 100%|██████████| 100/100 [01:01<00:00,  1.63frame/s, gt=14, pred=12]
