{
  "dataset_name": "Replica",
  "scene_name": "office0",
  "metric_name": "mask_ap",
  "metric_value": 0.259854860900191,
  "metrics": {
    "ap_50": 0.33029510011493163,
    "ap_55": 0.3165790154527902,
    "ap_60": 0.30706695519068683,
    "ap_65": 0.2866491482944088,
    "ap_70": 0.26955344080292953,
    "ap_75": 0.254029726724555,
    "ap_80": 0.24870052845527685,
    "ap_85": 0.23811721928204238,
    "ap_90": 0.20628099260288923,
    "ap_95": 0.14127648208139978,
    "ap": 0.259854860900191
  },
  "n_frames": 100,
  "frame_samples": 100,
  "frame_sample_seed": 0,
  "sam_model_level_inst": 24,
  "diagnostics": {
    "num_eval_classes": 1,
    "num_eval_entries": 100,
    "gt_instances_per_class": {
      "1": 1824
    },
    "pred_instances_per_class": {
      "1": 2001
    }
  },
  "sam_sort_mode": "score",
  "sam_min_mask_area_perc": 0.001,
  "sam_max_mask_area_perc": 0.0,
  "sam_points_per_side": 12,
  "sam_points_per_batch": 32,
  "sam_pred_iou_thresh": 0.84,
  "sam_stability_score_thresh": 0.92,
  "sam_stability_score_offset": 1.0,
  "sam_mask_threshold": 0.0,
  "sam_box_nms_thresh": 0.7,
  "sam_crop_n_layers": 0,
  "sam_crop_nms_thresh": 0.7,
  "sam_crop_overlap_ratio": 0.6,
  "sam_crop_n_points_downscale_factor": 1,
  "sam_min_mask_region_area": 0,
  "sam_use_m2m": false,
  "sam_multimask_output": true,
  "sam2_mode": "eval",
  "sam2_hydra_overrides": [],
  "sam2_apply_postprocessing": true,
  "sam_score_pred_iou_power": 2.0,
  "sam_score_stability_power": 1.0,
  "sam_score_area_power": 0.0,
  "mask_overlap_rescore_thresh": 0.0,
  "mask_overlap_rescore_power": 1.0,
  "mask_dedupe_iou_thresh": 0.85,
  "mask_containment_thresh": 0.0
}
