
office0:   0%|          | 0/100 [00:00<?, ?frame/s]/robodata/smodak/repos/ovo/thirdParty/segment-anything-2/sam2/modeling/sam/transformer.py:270: UserWarning: Memory efficient kernel not used because: (Triggered internally at /pytorch/aten/src/ATen/native/transformers/cuda/sdp_utils.cpp:986.)
  out = F.scaled_dot_product_attention(q, k, v, dropout_p=dropout_p)
/robodata/smodak/repos/ovo/thirdParty/segment-anything-2/sam2/modeling/sam/transformer.py:270: UserWarning: Memory Efficient attention has been runtime disabled. (Triggered internally at /pytorch/aten/src/ATen/native/transformers/sdp_utils_cpp.h:552.)
  out = F.scaled_dot_product_attention(q, k, v, dropout_p=dropout_p)
/robodata/smodak/repos/ovo/thirdParty/segment-anything-2/sam2/modeling/sam/transformer.py:270: UserWarning: Flash attention kernel not used because: (Triggered internally at /pytorch/aten/src/ATen/native/transformers/cuda/sdp_utils.cpp:988.)
  out = F.scaled_dot_product_attention(q, k, v, dropout_p=dropout_p)
/robodata/smodak/repos/ovo/thirdParty/segment-anything-2/sam2/modeling/sam/transformer.py:270: UserWarning: Expected query, key and value to all be of dtype: {Half, BFloat16}. Got Query dtype: float, Key dtype: float, and Value dtype: float instead. (Triggered internally at /pytorch/aten/src/ATen/native/transformers/sdp_utils_cpp.h:91.)
  out = F.scaled_dot_product_attention(q, k, v, dropout_p=dropout_p)
/robodata/smodak/repos/ovo/thirdParty/segment-anything-2/sam2/modeling/sam/transformer.py:270: UserWarning: cuDNN attention kernel not used because: (Triggered internally at /pytorch/aten/src/ATen/native/transformers/cuda/sdp_utils.cpp:990.)
  out = F.scaled_dot_product_attention(q, k, v, dropout_p=dropout_p)
/opt/miniconda3/envs/ovo/lib/python3.10/site-packages/torch/nn/modules/module.py:1790: UserWarning: Flash Attention kernel failed due to: No available kernel. Aborting execution.
Falling back to all available kernels for scaled_dot_product_attention (which may have a slower speed).
  return forward_call(*args, **kwargs)

office0:   1%|          | 1/100 [00:02<04:22,  2.65s/frame, gt=22, pred=22]
office0:   2%|▏         | 2/100 [00:04<03:37,  2.22s/frame, gt=22, pred=24]
office0:   3%|▎         | 3/100 [00:06<03:20,  2.07s/frame, gt=22, pred=23]
office0:   4%|▍         | 4/100 [00:08<03:12,  2.00s/frame, gt=22, pred=23]
office0:   5%|▌         | 5/100 [00:10<03:02,  1.93s/frame, gt=22, pred=21]
office0:   6%|▌         | 6/100 [00:12<03:00,  1.92s/frame, gt=22, pred=22]
office0:   7%|▋         | 7/100 [00:13<02:53,  1.87s/frame, gt=22, pred=20]
office0:   8%|▊         | 8/100 [00:15<02:52,  1.87s/frame, gt=24, pred=23]
office0:   9%|▉         | 9/100 [00:17<02:51,  1.88s/frame, gt=22, pred=25]
office0:  10%|█         | 10/100 [00:19<02:48,  1.87s/frame, gt=20, pred=24]
office0:  11%|█         | 11/100 [00:21<02:43,  1.84s/frame, gt=20, pred=24]
office0:  12%|█▏        | 12/100 [00:22<02:37,  1.79s/frame, gt=16, pred=18]
office0:  13%|█▎        | 13/100 [00:24<02:31,  1.74s/frame, gt=15, pred=17]
office0:  14%|█▍        | 14/100 [00:26<02:26,  1.70s/frame, gt=15, pred=16]
office0:  15%|█▌        | 15/100 [00:27<02:18,  1.63s/frame, gt=10, pred=11]
office0:  16%|█▌        | 16/100 [00:29<02:13,  1.58s/frame, gt=10, pred=12]
office0:  17%|█▋        | 17/100 [00:30<02:07,  1.54s/frame, gt=12, pred=8] 
office0:  18%|█▊        | 18/100 [00:31<02:03,  1.50s/frame, gt=12, pred=8]
office0:  19%|█▉        | 19/100 [00:33<02:00,  1.49s/frame, gt=14, pred=12]
office0:  20%|██        | 20/100 [00:34<01:57,  1.47s/frame, gt=10, pred=11]
office0:  21%|██        | 21/100 [00:36<01:54,  1.45s/frame, gt=10, pred=10]
office0:  22%|██▏       | 22/100 [00:37<01:52,  1.44s/frame, gt=10, pred=7] 
office0:  23%|██▎       | 23/100 [00:38<01:49,  1.42s/frame, gt=11, pred=7]
office0:  24%|██▍       | 24/100 [00:40<01:46,  1.40s/frame, gt=9, pred=8] 
office0:  25%|██▌       | 25/100 [00:41<01:45,  1.41s/frame, gt=10, pred=9]
office0:  26%|██▌       | 26/100 [00:43<01:44,  1.41s/frame, gt=10, pred=10]
office0:  27%|██▋       | 27/100 [00:44<01:42,  1.41s/frame, gt=10, pred=11]
office0:  28%|██▊       | 28/100 [00:45<01:41,  1.40s/frame, gt=9, pred=12] 
office0:  29%|██▉       | 29/100 [00:47<01:39,  1.40s/frame, gt=11, pred=10]
office0:  30%|███       | 30/100 [00:48<01:39,  1.42s/frame, gt=13, pred=11]
office0:  31%|███       | 31/100 [00:50<01:38,  1.42s/frame, gt=8, pred=11] 
office0:  32%|███▏      | 32/100 [00:51<01:37,  1.43s/frame, gt=8, pred=14]
office0:  33%|███▎      | 33/100 [00:53<01:34,  1.41s/frame, gt=8, pred=9] 
office0:  34%|███▍      | 34/100 [00:54<01:34,  1.43s/frame, gt=11, pred=14]
office0:  35%|███▌      | 35/100 [00:56<01:34,  1.46s/frame, gt=13, pred=16]
office0:  36%|███▌      | 36/100 [00:57<01:37,  1.53s/frame, gt=20, pred=19]
office0:  37%|███▋      | 37/100 [00:59<01:40,  1.59s/frame, gt=25, pred=19]
office0:  38%|███▊      | 38/100 [01:01<01:41,  1.64s/frame, gt=28, pred=19]
office0:  39%|███▉      | 39/100 [01:03<01:43,  1.70s/frame, gt=28, pred=21]
office0:  40%|████      | 40/100 [01:04<01:44,  1.73s/frame, gt=26, pred=19]
office0:  41%|████      | 41/100 [01:06<01:45,  1.79s/frame, gt=28, pred=22]
office0:  42%|████▏     | 42/100 [01:08<01:44,  1.80s/frame, gt=30, pred=18]
office0:  43%|████▎     | 43/100 [01:10<01:42,  1.80s/frame, gt=30, pred=18]
office0:  44%|████▍     | 44/100 [01:12<01:37,  1.75s/frame, gt=20, pred=14]
office0:  45%|████▌     | 45/100 [01:13<01:34,  1.71s/frame, gt=18, pred=15]
office0:  46%|████▌     | 46/100 [01:15<01:29,  1.66s/frame, gt=15, pred=11]
office0:  47%|████▋     | 47/100 [01:16<01:26,  1.63s/frame, gt=17, pred=11]
office0:  48%|████▊     | 48/100 [01:18<01:23,  1.61s/frame, gt=15, pred=14]
office0:  49%|████▉     | 49/100 [01:20<01:23,  1.63s/frame, gt=15, pred=20]
office0:  50%|█████     | 50/100 [01:21<01:20,  1.62s/frame, gt=17, pred=15]
office0:  51%|█████     | 51/100 [01:23<01:20,  1.64s/frame, gt=18, pred=20]
office0:  52%|█████▏    | 52/100 [01:25<01:19,  1.66s/frame, gt=18, pred=20]
office0:  53%|█████▎    | 53/100 [01:26<01:19,  1.70s/frame, gt=21, pred=22]
office0:  54%|█████▍    | 54/100 [01:28<01:20,  1.75s/frame, gt=21, pred=25]
office0:  55%|█████▌    | 55/100 [01:30<01:18,  1.75s/frame, gt=22, pred=19]
office0:  56%|█████▌    | 56/100 [01:32<01:17,  1.76s/frame, gt=24, pred=21]
office0:  57%|█████▋    | 57/100 [01:34<01:17,  1.79s/frame, gt=26, pred=22]
office0:  58%|█████▊    | 58/100 [01:36<01:17,  1.86s/frame, gt=28, pred=25]
office0:  59%|█████▉    | 59/100 [01:38<01:19,  1.93s/frame, gt=31, pred=27]
office0:  60%|██████    | 60/100 [01:40<01:19,  1.99s/frame, gt=32, pred=26]
office0:  61%|██████    | 61/100 [01:42<01:18,  2.02s/frame, gt=32, pred=25]
office0:  62%|██████▏   | 62/100 [01:44<01:15,  1.99s/frame, gt=33, pred=22]
office0:  63%|██████▎   | 63/100 [01:46<01:14,  2.00s/frame, gt=33, pred=25]
office0:  64%|██████▍   | 64/100 [01:48<01:13,  2.03s/frame, gt=33, pred=27]
office0:  65%|██████▌   | 65/100 [01:50<01:09,  1.99s/frame, gt=29, pred=22]
office0:  66%|██████▌   | 66/100 [01:52<01:06,  1.96s/frame, gt=29, pred=22]
office0:  67%|██████▋   | 67/100 [01:54<01:04,  1.94s/frame, gt=27, pred=25]
office0:  68%|██████▊   | 68/100 [01:55<01:00,  1.89s/frame, gt=26, pred=21]
office0:  69%|██████▉   | 69/100 [01:57<00:56,  1.82s/frame, gt=28, pred=15]
office0:  70%|███████   | 70/100 [01:59<00:54,  1.81s/frame, gt=28, pred=19]
office0:  71%|███████   | 71/100 [02:01<00:50,  1.76s/frame, gt=28, pred=15]
office0:  72%|███████▏  | 72/100 [02:02<00:49,  1.76s/frame, gt=28, pred=18]
office0:  73%|███████▎  | 73/100 [02:04<00:47,  1.74s/frame, gt=27, pred=17]
office0:  74%|███████▍  | 74/100 [02:06<00:46,  1.77s/frame, gt=27, pred=21]
office0:  75%|███████▌  | 75/100 [02:08<00:45,  1.83s/frame, gt=27, pred=26]
office0:  76%|███████▌  | 76/100 [02:10<00:43,  1.83s/frame, gt=26, pred=22]
office0:  77%|███████▋  | 77/100 [02:11<00:40,  1.77s/frame, gt=23, pred=18]
office0:  78%|███████▊  | 78/100 [02:13<00:38,  1.75s/frame, gt=21, pred=20]
office0:  79%|███████▉  | 79/100 [02:14<00:35,  1.69s/frame, gt=19, pred=16]
office0:  80%|████████  | 80/100 [02:16<00:32,  1.62s/frame, gt=10, pred=14]
office0:  81%|████████  | 81/100 [02:17<00:29,  1.56s/frame, gt=7, pred=15] 
office0:  82%|████████▏ | 82/100 [02:19<00:27,  1.52s/frame, gt=7, pred=15]
office0:  83%|████████▎ | 83/100 [02:20<00:25,  1.47s/frame, gt=5, pred=14]
office0:  84%|████████▍ | 84/100 [02:22<00:23,  1.44s/frame, gt=5, pred=13]
office0:  85%|████████▌ | 85/100 [02:23<00:21,  1.44s/frame, gt=5, pred=17]
office0:  86%|████████▌ | 86/100 [02:24<00:19,  1.42s/frame, gt=5, pred=15]
office0:  87%|████████▋ | 87/100 [02:26<00:18,  1.40s/frame, gt=5, pred=12]
office0:  88%|████████▊ | 88/100 [02:27<00:16,  1.40s/frame, gt=5, pred=17]
office0:  89%|████████▉ | 89/100 [02:28<00:15,  1.39s/frame, gt=5, pred=13]
office0:  90%|█████████ | 90/100 [02:30<00:13,  1.37s/frame, gt=3, pred=11]
office0:  91%|█████████ | 91/100 [02:31<00:12,  1.44s/frame, gt=10, pred=22]
office0:  92%|█████████▏| 92/100 [02:33<00:11,  1.48s/frame, gt=15, pred=18]
office0:  93%|█████████▎| 93/100 [02:35<00:11,  1.58s/frame, gt=17, pred=26]
office0:  94%|█████████▍| 94/100 [02:36<00:09,  1.62s/frame, gt=17, pred=22]
office0:  95%|█████████▌| 95/100 [02:38<00:08,  1.65s/frame, gt=20, pred=19]
office0:  96%|█████████▌| 96/100 [02:40<00:06,  1.63s/frame, gt=17, pred=15]
office0:  97%|█████████▋| 97/100 [02:41<00:04,  1.62s/frame, gt=19, pred=16]
office0:  98%|█████████▊| 98/100 [02:43<00:03,  1.63s/frame, gt=16, pred=20]
office0:  99%|█████████▉| 99/100 [02:45<00:01,  1.60s/frame, gt=15, pred=15]
office0: 100%|██████████| 100/100 [02:46<00:00,  1.60s/frame, gt=14, pred=19]
office0: 100%|██████████| 100/100 [02:46<00:00,  1.67s/frame, gt=14, pred=19]
