{
  "dataset_name": "Replica",
  "scene_name": "office0",
  "metric_name": "mask_ap",
  "metric_value": 0.285105140178381,
  "metrics": {
    "ap_50": 0.363692555802586,
    "ap_55": 0.34761262308711766,
    "ap_60": 0.3356578654214501,
    "ap_65": 0.314030769263102,
    "ap_70": 0.297853630924666,
    "ap_75": 0.2802355013900817,
    "ap_80": 0.27545436993245803,
    "ap_85": 0.25910967462841383,
    "ap_90": 0.2254835126609119,
    "ap_95": 0.15192089867302289,
    "ap": 0.285105140178381
  },
  "n_frames": 100,
  "frame_samples": 100,
  "frame_sample_seed": 0,
  "sam_model_level_inst": 24,
  "diagnostics": {
    "num_eval_classes": 1,
    "num_eval_entries": 100,
    "gt_instances_per_class": {
      "1": 1824
    },
    "pred_instances_per_class": {
      "1": 2491
    }
  },
  "sam_sort_mode": "score",
  "sam_min_mask_area_perc": 0.001,
  "sam_max_mask_area_perc": 0.0,
  "sam_points_per_side": 20,
  "sam_points_per_batch": 64,
  "sam_pred_iou_thresh": 0.88,
  "sam_stability_score_thresh": 0.92,
  "sam_stability_score_offset": 1.0,
  "sam_mask_threshold": 0.0,
  "sam_box_nms_thresh": 0.7,
  "sam_crop_n_layers": 0,
  "sam_crop_nms_thresh": 0.7,
  "sam_crop_overlap_ratio": 0.6,
  "sam_crop_n_points_downscale_factor": 1,
  "sam_min_mask_region_area": 0,
  "sam_use_m2m": false,
  "sam_multimask_output": true,
  "sam2_mode": "eval",
  "sam2_hydra_overrides": [],
  "sam2_apply_postprocessing": true,
  "sam_score_pred_iou_power": 2.0,
  "sam_score_stability_power": 1.0,
  "sam_score_area_power": 0.0,
  "mask_overlap_rescore_thresh": 0.0,
  "mask_overlap_rescore_power": 1.0,
  "mask_dedupe_iou_thresh": 0.85,
  "mask_containment_thresh": 0.0
}
