
office0:   0%|          | 0/100 [00:00<?, ?frame/s]
office0:   1%|          | 1/100 [00:03<06:09,  3.73s/frame, gt=22, pred=51]
office0:   2%|▏         | 2/100 [00:06<05:32,  3.39s/frame, gt=22, pred=56]
office0:   3%|▎         | 3/100 [00:10<05:22,  3.33s/frame, gt=22, pred=59]
office0:   4%|▍         | 4/100 [00:13<05:11,  3.25s/frame, gt=22, pred=55]
office0:   5%|▌         | 5/100 [00:16<05:05,  3.21s/frame, gt=22, pred=56]
office0:   6%|▌         | 6/100 [00:19<05:05,  3.25s/frame, gt=22, pred=61]
office0:   7%|▋         | 7/100 [00:23<05:06,  3.30s/frame, gt=22, pred=63]
office0:   8%|▊         | 8/100 [00:26<05:11,  3.39s/frame, gt=24, pred=65]
office0:   9%|▉         | 9/100 [00:30<05:06,  3.37s/frame, gt=22, pred=63]
office0:  10%|█         | 10/100 [00:33<05:04,  3.38s/frame, gt=20, pred=69]
office0:  11%|█         | 11/100 [00:36<05:01,  3.39s/frame, gt=20, pred=68]
office0:  12%|█▏        | 12/100 [00:40<04:52,  3.32s/frame, gt=16, pred=62]
office0:  13%|█▎        | 13/100 [00:43<04:40,  3.23s/frame, gt=15, pred=63]
office0:  14%|█▍        | 14/100 [00:45<04:27,  3.11s/frame, gt=15, pred=56]
office0:  15%|█▌        | 15/100 [00:48<04:06,  2.90s/frame, gt=10, pred=47]
office0:  16%|█▌        | 16/100 [00:50<03:44,  2.67s/frame, gt=10, pred=38]
office0:  17%|█▋        | 17/100 [00:52<03:22,  2.44s/frame, gt=12, pred=26]
office0:  18%|█▊        | 18/100 [00:54<03:06,  2.27s/frame, gt=12, pred=26]
office0:  19%|█▉        | 19/100 [00:57<03:20,  2.48s/frame, gt=14, pred=60]
office0:  20%|██        | 20/100 [00:59<03:17,  2.47s/frame, gt=10, pred=48]
office0:  21%|██        | 21/100 [01:01<03:12,  2.43s/frame, gt=10, pred=46]
office0:  22%|██▏       | 22/100 [01:04<03:04,  2.36s/frame, gt=10, pred=42]
office0:  23%|██▎       | 23/100 [01:06<02:55,  2.28s/frame, gt=11, pred=38]
office0:  24%|██▍       | 24/100 [01:08<02:50,  2.25s/frame, gt=9, pred=41] 
office0:  25%|██▌       | 25/100 [01:10<02:42,  2.16s/frame, gt=10, pred=31]
office0:  26%|██▌       | 26/100 [01:12<02:36,  2.11s/frame, gt=10, pred=31]
office0:  27%|██▋       | 27/100 [01:14<02:37,  2.16s/frame, gt=10, pred=42]
office0:  28%|██▊       | 28/100 [01:17<02:47,  2.33s/frame, gt=9, pred=63] 
office0:  29%|██▉       | 29/100 [01:20<02:58,  2.51s/frame, gt=11, pred=65]
office0:  30%|███       | 30/100 [01:22<02:56,  2.51s/frame, gt=13, pred=50]
office0:  31%|███       | 31/100 [01:24<02:44,  2.39s/frame, gt=8, pred=42] 
office0:  32%|███▏      | 32/100 [01:27<02:46,  2.44s/frame, gt=8, pred=61]
office0:  33%|███▎      | 33/100 [01:30<02:54,  2.61s/frame, gt=8, pred=71]
office0:  34%|███▍      | 34/100 [01:33<02:58,  2.70s/frame, gt=11, pred=66]
office0:  35%|███▌      | 35/100 [01:36<03:07,  2.89s/frame, gt=13, pred=73]
office0:  36%|███▌      | 36/100 [01:40<03:28,  3.26s/frame, gt=20, pred=81]
office0:  37%|███▋      | 37/100 [01:44<03:39,  3.49s/frame, gt=25, pred=76]
office0:  38%|███▊      | 38/100 [01:49<03:50,  3.71s/frame, gt=28, pred=77]
office0:  39%|███▉      | 39/100 [01:53<04:06,  4.04s/frame, gt=28, pred=85]
office0:  40%|████      | 40/100 [01:57<04:01,  4.02s/frame, gt=26, pred=69]
office0:  41%|████      | 41/100 [02:01<03:43,  3.79s/frame, gt=28, pred=54]
office0:  42%|████▏     | 42/100 [02:04<03:36,  3.73s/frame, gt=30, pred=53]
office0:  43%|████▎     | 43/100 [02:08<03:32,  3.73s/frame, gt=30, pred=57]
office0:  44%|████▍     | 44/100 [02:11<03:09,  3.38s/frame, gt=20, pred=31]
office0:  45%|████▌     | 45/100 [02:13<02:53,  3.15s/frame, gt=18, pred=37]
office0:  46%|████▌     | 46/100 [02:16<02:39,  2.95s/frame, gt=15, pred=35]
office0:  47%|████▋     | 47/100 [02:18<02:23,  2.72s/frame, gt=17, pred=33]
office0:  48%|████▊     | 48/100 [02:21<02:22,  2.74s/frame, gt=15, pred=52]
office0:  49%|████▉     | 49/100 [02:23<02:20,  2.76s/frame, gt=15, pred=51]
office0:  50%|█████     | 50/100 [02:26<02:17,  2.76s/frame, gt=17, pred=53]
office0:  51%|█████     | 51/100 [02:29<02:19,  2.84s/frame, gt=18, pred=59]
office0:  52%|█████▏    | 52/100 [02:32<02:21,  2.95s/frame, gt=18, pred=62]
office0:  53%|█████▎    | 53/100 [02:36<02:28,  3.16s/frame, gt=21, pred=71]
office0:  54%|█████▍    | 54/100 [02:39<02:27,  3.20s/frame, gt=21, pred=63]
office0:  55%|█████▌    | 55/100 [02:43<02:26,  3.26s/frame, gt=22, pred=59]
office0:  56%|█████▌    | 56/100 [02:46<02:25,  3.31s/frame, gt=24, pred=60]
office0:  57%|█████▋    | 57/100 [02:50<02:24,  3.37s/frame, gt=26, pred=64]
office0:  58%|█████▊    | 58/100 [02:53<02:18,  3.30s/frame, gt=28, pred=56]
office0:  59%|█████▉    | 59/100 [02:56<02:18,  3.39s/frame, gt=31, pred=62]
office0:  60%|██████    | 60/100 [03:00<02:21,  3.55s/frame, gt=32, pred=69]
office0:  61%|██████    | 61/100 [03:04<02:21,  3.62s/frame, gt=32, pred=66]
office0:  62%|██████▏   | 62/100 [03:08<02:21,  3.71s/frame, gt=33, pred=69]
office0:  63%|██████▎   | 63/100 [03:12<02:23,  3.88s/frame, gt=33, pred=72]
office0:  64%|██████▍   | 64/100 [03:16<02:22,  3.96s/frame, gt=33, pred=74]
office0:  65%|██████▌   | 65/100 [03:20<02:16,  3.90s/frame, gt=29, pred=69]
office0:  66%|██████▌   | 66/100 [03:24<02:07,  3.76s/frame, gt=29, pred=64]
office0:  67%|██████▋   | 67/100 [03:27<02:01,  3.70s/frame, gt=27, pred=68]
office0:  68%|██████▊   | 68/100 [03:31<01:57,  3.68s/frame, gt=26, pred=70]
office0:  69%|██████▉   | 69/100 [03:35<01:55,  3.72s/frame, gt=28, pred=71]
office0:  70%|███████   | 70/100 [03:39<01:56,  3.89s/frame, gt=28, pred=78]
office0:  71%|███████   | 71/100 [03:43<01:55,  3.99s/frame, gt=28, pred=77]
office0:  72%|███████▏  | 72/100 [03:47<01:53,  4.06s/frame, gt=28, pred=76]
office0:  73%|███████▎  | 73/100 [03:52<01:50,  4.10s/frame, gt=27, pred=78]
office0:  74%|███████▍  | 74/100 [03:56<01:49,  4.20s/frame, gt=27, pred=84]
office0:  75%|███████▌  | 75/100 [04:00<01:44,  4.19s/frame, gt=27, pred=78]
office0:  76%|███████▌  | 76/100 [04:04<01:40,  4.19s/frame, gt=26, pred=79]
office0:  77%|███████▋  | 77/100 [04:09<01:38,  4.28s/frame, gt=23, pred=88]
office0:  78%|███████▊  | 78/100 [04:13<01:33,  4.23s/frame, gt=21, pred=82]
office0:  79%|███████▉  | 79/100 [04:17<01:26,  4.10s/frame, gt=19, pred=78]
office0:  80%|████████  | 80/100 [04:20<01:16,  3.80s/frame, gt=10, pred=74]
office0:  81%|████████  | 81/100 [04:23<01:06,  3.51s/frame, gt=7, pred=68] 
office0:  82%|████████▏ | 82/100 [04:26<00:59,  3.30s/frame, gt=7, pred=69]
office0:  83%|████████▎ | 83/100 [04:28<00:52,  3.11s/frame, gt=5, pred=67]
office0:  84%|████████▍ | 84/100 [04:31<00:49,  3.07s/frame, gt=5, pred=74]
office0:  85%|████████▌ | 85/100 [04:35<00:48,  3.22s/frame, gt=5, pred=87]
office0:  86%|████████▌ | 86/100 [04:38<00:45,  3.28s/frame, gt=5, pred=85]
office0:  87%|████████▋ | 87/100 [04:41<00:41,  3.21s/frame, gt=5, pred=76]
office0:  88%|████████▊ | 88/100 [04:44<00:38,  3.20s/frame, gt=5, pred=79]
office0:  89%|████████▉ | 89/100 [04:48<00:34,  3.18s/frame, gt=5, pred=80]
office0:  90%|█████████ | 90/100 [04:49<00:27,  2.72s/frame, gt=3, pred=35]
office0:  91%|█████████ | 91/100 [04:51<00:23,  2.57s/frame, gt=10, pred=42]
office0:  92%|█████████▏| 92/100 [04:54<00:20,  2.60s/frame, gt=15, pred=55]
office0:  93%|█████████▎| 93/100 [04:57<00:18,  2.66s/frame, gt=17, pred=57]
office0:  94%|█████████▍| 94/100 [05:00<00:16,  2.70s/frame, gt=17, pred=55]
office0:  95%|█████████▌| 95/100 [05:03<00:14,  2.90s/frame, gt=20, pred=65]
office0:  96%|█████████▌| 96/100 [05:06<00:11,  2.99s/frame, gt=17, pred=65]
office0:  97%|█████████▋| 97/100 [05:09<00:08,  3.00s/frame, gt=19, pred=59]
office0:  98%|█████████▊| 98/100 [05:12<00:05,  2.84s/frame, gt=16, pred=46]
office0:  99%|█████████▉| 99/100 [05:14<00:02,  2.78s/frame, gt=15, pred=51]
office0: 100%|██████████| 100/100 [05:17<00:00,  2.67s/frame, gt=14, pred=47]
office0: 100%|██████████| 100/100 [05:17<00:00,  3.17s/frame, gt=14, pred=47]
