
office0:   0%|          | 0/100 [00:00<?, ?frame/s]
office0:   1%|          | 1/100 [00:02<03:49,  2.32s/frame, gt=22, pred=33]
office0:   2%|▏         | 2/100 [00:03<02:52,  1.76s/frame, gt=22, pred=27]
office0:   3%|▎         | 3/100 [00:04<02:29,  1.54s/frame, gt=22, pred=27]
office0:   4%|▍         | 4/100 [00:06<02:17,  1.43s/frame, gt=22, pred=28]
office0:   5%|▌         | 5/100 [00:07<02:20,  1.48s/frame, gt=22, pred=34]
office0:   6%|▌         | 6/100 [00:09<02:19,  1.48s/frame, gt=22, pred=32]
office0:   7%|▋         | 7/100 [00:10<02:22,  1.53s/frame, gt=22, pred=38]
office0:   8%|▊         | 8/100 [00:12<02:24,  1.57s/frame, gt=24, pred=36]
office0:   9%|▉         | 9/100 [00:14<02:22,  1.56s/frame, gt=22, pred=32]
office0:  10%|█         | 10/100 [00:15<02:12,  1.48s/frame, gt=20, pred=28]
office0:  11%|█         | 11/100 [00:16<02:04,  1.39s/frame, gt=20, pred=27]
office0:  12%|█▏        | 12/100 [00:17<01:58,  1.35s/frame, gt=16, pred=29]
office0:  13%|█▎        | 13/100 [00:18<01:48,  1.25s/frame, gt=15, pred=19]
office0:  14%|█▍        | 14/100 [00:20<01:45,  1.23s/frame, gt=15, pred=26]
office0:  15%|█▌        | 15/100 [00:21<01:38,  1.15s/frame, gt=10, pred=21]
office0:  16%|█▌        | 16/100 [00:21<01:30,  1.08s/frame, gt=10, pred=17]
office0:  17%|█▋        | 17/100 [00:22<01:24,  1.01s/frame, gt=12, pred=13]
office0:  18%|█▊        | 18/100 [00:23<01:18,  1.04frame/s, gt=12, pred=12]
office0:  19%|█▉        | 19/100 [00:24<01:20,  1.00frame/s, gt=14, pred=24]
office0:  20%|██        | 20/100 [00:25<01:18,  1.02frame/s, gt=10, pred=20]
office0:  21%|██        | 21/100 [00:26<01:18,  1.01frame/s, gt=10, pred=24]
office0:  22%|██▏       | 22/100 [00:27<01:16,  1.02frame/s, gt=10, pred=20]
office0:  23%|██▎       | 23/100 [00:28<01:13,  1.05frame/s, gt=11, pred=18]
office0:  24%|██▍       | 24/100 [00:29<01:09,  1.09frame/s, gt=9, pred=16] 
office0:  25%|██▌       | 25/100 [00:30<01:07,  1.12frame/s, gt=10, pred=16]
office0:  26%|██▌       | 26/100 [00:31<01:05,  1.13frame/s, gt=10, pred=16]
office0:  27%|██▋       | 27/100 [00:32<01:05,  1.11frame/s, gt=10, pred=19]
office0:  28%|██▊       | 28/100 [00:33<01:06,  1.08frame/s, gt=9, pred=26] 
office0:  29%|██▉       | 29/100 [00:34<01:07,  1.05frame/s, gt=11, pred=25]
office0:  30%|███       | 30/100 [00:35<01:08,  1.03frame/s, gt=13, pred=23]
office0:  31%|███       | 31/100 [00:35<01:06,  1.03frame/s, gt=8, pred=23] 
office0:  32%|███▏      | 32/100 [00:37<01:08,  1.00s/frame, gt=8, pred=31]
office0:  33%|███▎      | 33/100 [00:38<01:11,  1.06s/frame, gt=8, pred=35]
office0:  34%|███▍      | 34/100 [00:39<01:09,  1.06s/frame, gt=11, pred=27]
office0:  35%|███▌      | 35/100 [00:40<01:10,  1.09s/frame, gt=13, pred=28]
office0:  36%|███▌      | 36/100 [00:41<01:17,  1.21s/frame, gt=20, pred=36]
office0:  37%|███▋      | 37/100 [00:43<01:21,  1.29s/frame, gt=25, pred=32]
office0:  38%|███▊      | 38/100 [00:45<01:33,  1.51s/frame, gt=28, pred=40]
office0:  39%|███▉      | 39/100 [00:47<01:44,  1.71s/frame, gt=28, pred=43]
office0:  40%|████      | 40/100 [00:49<01:40,  1.68s/frame, gt=26, pred=34]
office0:  41%|████      | 41/100 [00:50<01:34,  1.60s/frame, gt=28, pred=26]
office0:  42%|████▏     | 42/100 [00:52<01:30,  1.56s/frame, gt=30, pred=27]
office0:  43%|████▎     | 43/100 [00:53<01:26,  1.52s/frame, gt=30, pred=25]
office0:  44%|████▍     | 44/100 [00:54<01:20,  1.43s/frame, gt=20, pred=23]
office0:  45%|████▌     | 45/100 [00:55<01:13,  1.33s/frame, gt=18, pred=20]
office0:  46%|████▌     | 46/100 [00:56<01:06,  1.23s/frame, gt=15, pred=17]
office0:  47%|████▋     | 47/100 [00:57<01:00,  1.15s/frame, gt=17, pred=16]
office0:  48%|████▊     | 48/100 [00:58<00:58,  1.13s/frame, gt=15, pred=23]
office0:  49%|████▉     | 49/100 [01:00<01:00,  1.18s/frame, gt=15, pred=31]
office0:  50%|█████     | 50/100 [01:01<00:59,  1.18s/frame, gt=17, pred=26]
office0:  51%|█████     | 51/100 [01:02<01:00,  1.24s/frame, gt=18, pred=32]
office0:  52%|█████▏    | 52/100 [01:04<01:02,  1.29s/frame, gt=18, pred=33]
office0:  53%|█████▎    | 53/100 [01:05<01:02,  1.33s/frame, gt=21, pred=32]
office0:  54%|█████▍    | 54/100 [01:07<01:02,  1.37s/frame, gt=21, pred=33]
office0:  55%|█████▌    | 55/100 [01:08<01:01,  1.36s/frame, gt=22, pred=29]
office0:  56%|█████▌    | 56/100 [01:09<01:02,  1.43s/frame, gt=24, pred=35]
office0:  57%|█████▋    | 57/100 [01:11<01:03,  1.48s/frame, gt=26, pred=34]
office0:  58%|█████▊    | 58/100 [01:13<01:02,  1.49s/frame, gt=28, pred=30]
office0:  59%|█████▉    | 59/100 [01:14<01:03,  1.56s/frame, gt=31, pred=33]
office0:  60%|██████    | 60/100 [01:16<01:06,  1.67s/frame, gt=32, pred=36]
office0:  61%|██████    | 61/100 [01:18<01:08,  1.76s/frame, gt=32, pred=36]
office0:  62%|██████▏   | 62/100 [01:20<01:07,  1.77s/frame, gt=33, pred=33]
office0:  63%|██████▎   | 63/100 [01:22<01:05,  1.78s/frame, gt=33, pred=33]
office0:  64%|██████▍   | 64/100 [01:24<01:10,  1.96s/frame, gt=33, pred=41]
office0:  65%|██████▌   | 65/100 [01:26<01:09,  1.97s/frame, gt=29, pred=40]
office0:  66%|██████▌   | 66/100 [01:28<01:03,  1.88s/frame, gt=29, pred=33]
office0:  67%|██████▋   | 67/100 [01:29<00:58,  1.78s/frame, gt=27, pred=33]
office0:  68%|██████▊   | 68/100 [01:31<00:57,  1.79s/frame, gt=26, pred=40]
office0:  69%|██████▉   | 69/100 [01:33<00:52,  1.70s/frame, gt=28, pred=31]
office0:  70%|███████   | 70/100 [01:35<00:53,  1.77s/frame, gt=28, pred=39]
office0:  71%|███████   | 71/100 [01:36<00:50,  1.75s/frame, gt=28, pred=35]
office0:  72%|███████▏  | 72/100 [01:38<00:46,  1.67s/frame, gt=28, pred=31]
office0:  73%|███████▎  | 73/100 [01:39<00:43,  1.61s/frame, gt=27, pred=32]
office0:  74%|███████▍  | 74/100 [01:41<00:43,  1.66s/frame, gt=27, pred=37]
office0:  75%|███████▌  | 75/100 [01:43<00:39,  1.60s/frame, gt=27, pred=31]
office0:  76%|███████▌  | 76/100 [01:44<00:40,  1.67s/frame, gt=26, pred=40]
office0:  77%|███████▋  | 77/100 [01:46<00:37,  1.62s/frame, gt=23, pred=35]
office0:  78%|███████▊  | 78/100 [01:48<00:36,  1.66s/frame, gt=21, pred=41]
office0:  79%|███████▉  | 79/100 [01:49<00:33,  1.58s/frame, gt=19, pred=34]
office0:  80%|████████  | 80/100 [01:50<00:28,  1.42s/frame, gt=10, pred=27]
office0:  81%|████████  | 81/100 [01:51<00:25,  1.32s/frame, gt=7, pred=30] 
office0:  82%|████████▏ | 82/100 [01:52<00:22,  1.23s/frame, gt=7, pred=28]
office0:  83%|████████▎ | 83/100 [01:53<00:19,  1.13s/frame, gt=5, pred=26]
office0:  84%|████████▍ | 84/100 [01:54<00:17,  1.11s/frame, gt=5, pred=33]
office0:  85%|████████▌ | 85/100 [01:55<00:16,  1.12s/frame, gt=5, pred=37]
office0:  86%|████████▌ | 86/100 [01:56<00:15,  1.11s/frame, gt=5, pred=34]
office0:  87%|████████▋ | 87/100 [01:57<00:14,  1.09s/frame, gt=5, pred=32]
office0:  88%|████████▊ | 88/100 [01:58<00:12,  1.06s/frame, gt=5, pred=31]
office0:  89%|████████▉ | 89/100 [01:59<00:11,  1.06s/frame, gt=5, pred=34]
office0:  90%|█████████ | 90/100 [02:00<00:09,  1.03frame/s, gt=3, pred=18]
office0:  91%|█████████ | 91/100 [02:01<00:08,  1.03frame/s, gt=10, pred=22]
office0:  92%|█████████▏| 92/100 [02:02<00:08,  1.01s/frame, gt=15, pred=25]
office0:  93%|█████████▎| 93/100 [02:04<00:07,  1.08s/frame, gt=17, pred=29]
office0:  94%|█████████▍| 94/100 [02:05<00:06,  1.11s/frame, gt=17, pred=26]
office0:  95%|█████████▌| 95/100 [02:06<00:05,  1.15s/frame, gt=20, pred=27]
office0:  96%|█████████▌| 96/100 [02:07<00:04,  1.16s/frame, gt=17, pred=27]
office0:  97%|█████████▋| 97/100 [02:08<00:03,  1.19s/frame, gt=19, pred=29]
office0:  98%|█████████▊| 98/100 [02:09<00:02,  1.14s/frame, gt=16, pred=20]
office0:  99%|█████████▉| 99/100 [02:10<00:01,  1.12s/frame, gt=15, pred=24]
office0: 100%|██████████| 100/100 [02:12<00:00,  1.09s/frame, gt=14, pred=22]
office0: 100%|██████████| 100/100 [02:12<00:00,  1.32s/frame, gt=14, pred=22]
