
office0:   0%|          | 0/100 [00:00<?, ?frame/s]
office0:   1%|          | 1/100 [00:03<06:17,  3.81s/frame, gt=22, pred=52]
office0:   2%|▏         | 2/100 [00:06<05:29,  3.36s/frame, gt=22, pred=50]
office0:   3%|▎         | 3/100 [00:10<05:18,  3.28s/frame, gt=22, pred=52]
office0:   4%|▍         | 4/100 [00:13<05:19,  3.32s/frame, gt=22, pred=55]
office0:   5%|▌         | 5/100 [00:16<05:14,  3.31s/frame, gt=22, pred=52]
office0:   6%|▌         | 6/100 [00:19<05:06,  3.26s/frame, gt=22, pred=49]
office0:   7%|▋         | 7/100 [00:23<05:04,  3.28s/frame, gt=22, pred=54]
office0:   8%|▊         | 8/100 [00:26<05:15,  3.43s/frame, gt=24, pred=60]
office0:   9%|▉         | 9/100 [00:30<05:13,  3.44s/frame, gt=22, pred=59]
office0:  10%|█         | 10/100 [00:33<05:03,  3.37s/frame, gt=20, pred=58]
office0:  11%|█         | 11/100 [00:36<04:50,  3.26s/frame, gt=20, pred=55]
office0:  12%|█▏        | 12/100 [00:39<04:36,  3.14s/frame, gt=16, pred=49]
office0:  13%|█▎        | 13/100 [00:42<04:22,  3.01s/frame, gt=15, pred=47]
office0:  14%|█▍        | 14/100 [00:44<04:09,  2.90s/frame, gt=15, pred=47]
office0:  15%|█▌        | 15/100 [00:47<03:54,  2.76s/frame, gt=10, pred=38]
office0:  16%|█▌        | 16/100 [00:49<03:41,  2.63s/frame, gt=10, pred=35]
office0:  17%|█▋        | 17/100 [00:51<03:31,  2.54s/frame, gt=12, pred=26]
office0:  18%|█▊        | 18/100 [00:54<03:19,  2.44s/frame, gt=12, pred=22]
office0:  19%|█▉        | 19/100 [00:57<03:28,  2.57s/frame, gt=14, pred=47]
office0:  20%|██        | 20/100 [00:59<03:24,  2.55s/frame, gt=10, pred=37]
office0:  21%|██        | 21/100 [01:01<03:17,  2.50s/frame, gt=10, pred=32]
office0:  22%|██▏       | 22/100 [01:04<03:12,  2.46s/frame, gt=10, pred=33]
office0:  23%|██▎       | 23/100 [01:06<03:06,  2.43s/frame, gt=11, pred=31]
office0:  24%|██▍       | 24/100 [01:08<02:56,  2.32s/frame, gt=9, pred=25] 
office0:  25%|██▌       | 25/100 [01:10<02:52,  2.30s/frame, gt=10, pred=27]
office0:  26%|██▌       | 26/100 [01:13<02:50,  2.30s/frame, gt=10, pred=26]
office0:  27%|██▋       | 27/100 [01:15<02:50,  2.33s/frame, gt=10, pred=33]
office0:  28%|██▊       | 28/100 [01:18<02:57,  2.46s/frame, gt=9, pred=54] 
office0:  29%|██▉       | 29/100 [01:21<02:57,  2.49s/frame, gt=11, pred=46]
office0:  30%|███       | 30/100 [01:23<02:56,  2.52s/frame, gt=13, pred=44]
office0:  31%|███       | 31/100 [01:25<02:50,  2.47s/frame, gt=8, pred=36] 
office0:  32%|███▏      | 32/100 [01:28<02:45,  2.44s/frame, gt=8, pred=48]
office0:  33%|███▎      | 33/100 [01:31<02:48,  2.51s/frame, gt=8, pred=53]
office0:  34%|███▍      | 34/100 [01:33<02:53,  2.63s/frame, gt=11, pred=60]
office0:  35%|███▌      | 35/100 [01:37<03:04,  2.84s/frame, gt=13, pred=66]
office0:  36%|███▌      | 36/100 [01:40<03:11,  3.00s/frame, gt=20, pred=59]
office0:  37%|███▋      | 37/100 [01:44<03:24,  3.25s/frame, gt=25, pred=64]
office0:  38%|███▊      | 38/100 [01:48<03:45,  3.64s/frame, gt=28, pred=71]
office0:  39%|███▉      | 39/100 [01:53<03:55,  3.86s/frame, gt=28, pred=70]
office0:  40%|████      | 40/100 [01:57<03:47,  3.79s/frame, gt=26, pred=56]
office0:  41%|████      | 41/100 [02:00<03:38,  3.71s/frame, gt=28, pred=52]
office0:  42%|████▏     | 42/100 [02:04<03:37,  3.74s/frame, gt=30, pred=50]
office0:  43%|████▎     | 43/100 [02:07<03:30,  3.69s/frame, gt=30, pred=42]
office0:  44%|████▍     | 44/100 [02:10<03:13,  3.45s/frame, gt=20, pred=30]
office0:  45%|████▌     | 45/100 [02:13<02:58,  3.24s/frame, gt=18, pred=32]
office0:  46%|████▌     | 46/100 [02:16<02:48,  3.12s/frame, gt=15, pred=27]
office0:  47%|████▋     | 47/100 [02:18<02:35,  2.93s/frame, gt=17, pred=30]
office0:  48%|████▊     | 48/100 [02:21<02:27,  2.85s/frame, gt=15, pred=38]
office0:  49%|████▉     | 49/100 [02:24<02:25,  2.84s/frame, gt=15, pred=45]
office0:  50%|█████     | 50/100 [02:27<02:26,  2.93s/frame, gt=17, pred=51]
office0:  51%|█████     | 51/100 [02:30<02:27,  3.00s/frame, gt=18, pred=52]
office0:  52%|█████▏    | 52/100 [02:33<02:27,  3.06s/frame, gt=18, pred=55]
office0:  53%|█████▎    | 53/100 [02:37<02:28,  3.15s/frame, gt=21, pred=57]
office0:  54%|█████▍    | 54/100 [02:40<02:26,  3.19s/frame, gt=21, pred=56]
office0:  55%|█████▌    | 55/100 [02:44<02:29,  3.33s/frame, gt=22, pred=55]
office0:  56%|█████▌    | 56/100 [02:47<02:33,  3.48s/frame, gt=24, pred=59]
office0:  57%|█████▋    | 57/100 [02:51<02:26,  3.40s/frame, gt=26, pred=50]
office0:  58%|█████▊    | 58/100 [02:54<02:19,  3.32s/frame, gt=28, pred=47]
office0:  59%|█████▉    | 59/100 [02:57<02:17,  3.35s/frame, gt=31, pred=51]
office0:  60%|██████    | 60/100 [03:01<02:19,  3.48s/frame, gt=32, pred=55]
office0:  61%|██████    | 61/100 [03:05<02:17,  3.53s/frame, gt=32, pred=53]
office0:  62%|██████▏   | 62/100 [03:09<02:19,  3.68s/frame, gt=33, pred=60]
office0:  63%|██████▎   | 63/100 [03:13<02:19,  3.76s/frame, gt=33, pred=57]
office0:  64%|██████▍   | 64/100 [03:17<02:22,  3.96s/frame, gt=33, pred=68]
office0:  65%|██████▌   | 65/100 [03:21<02:19,  3.99s/frame, gt=29, pred=63]
office0:  66%|██████▌   | 66/100 [03:25<02:14,  3.97s/frame, gt=29, pred=62]
office0:  67%|██████▋   | 67/100 [03:29<02:06,  3.83s/frame, gt=27, pred=56]
office0:  68%|██████▊   | 68/100 [03:33<02:03,  3.86s/frame, gt=26, pred=66]
office0:  69%|██████▉   | 69/100 [03:36<02:00,  3.89s/frame, gt=28, pred=64]
office0:  70%|███████   | 70/100 [03:41<02:00,  4.01s/frame, gt=28, pred=70]
office0:  71%|███████   | 71/100 [03:45<01:58,  4.08s/frame, gt=28, pred=68]
office0:  72%|███████▏  | 72/100 [03:49<01:53,  4.07s/frame, gt=28, pred=65]
office0:  73%|███████▎  | 73/100 [03:53<01:47,  3.97s/frame, gt=27, pred=62]
office0:  74%|███████▍  | 74/100 [03:57<01:42,  3.95s/frame, gt=27, pred=64]
office0:  75%|███████▌  | 75/100 [04:01<01:42,  4.12s/frame, gt=27, pred=73]
office0:  76%|███████▌  | 76/100 [04:05<01:37,  4.08s/frame, gt=26, pred=67]
office0:  77%|███████▋  | 77/100 [04:09<01:35,  4.14s/frame, gt=23, pred=75]
office0:  78%|███████▊  | 78/100 [04:13<01:30,  4.09s/frame, gt=21, pred=71]
office0:  79%|███████▉  | 79/100 [04:17<01:20,  3.85s/frame, gt=19, pred=62]
office0:  80%|████████  | 80/100 [04:19<01:10,  3.53s/frame, gt=10, pred=58]
office0:  81%|████████  | 81/100 [04:22<01:02,  3.30s/frame, gt=7, pred=61] 
office0:  82%|████████▏ | 82/100 [04:25<00:55,  3.07s/frame, gt=7, pred=53]
office0:  83%|████████▎ | 83/100 [04:27<00:48,  2.87s/frame, gt=5, pred=55]
office0:  84%|████████▍ | 84/100 [04:30<00:45,  2.86s/frame, gt=5, pred=67]
office0:  85%|████████▌ | 85/100 [04:33<00:42,  2.86s/frame, gt=5, pred=68]
office0:  86%|████████▌ | 86/100 [04:36<00:40,  2.90s/frame, gt=5, pred=72]
office0:  87%|████████▋ | 87/100 [04:39<00:37,  2.91s/frame, gt=5, pred=68]
office0:  88%|████████▊ | 88/100 [04:41<00:34,  2.84s/frame, gt=5, pred=63]
office0:  89%|████████▉ | 89/100 [04:44<00:31,  2.83s/frame, gt=5, pred=68]
office0:  90%|█████████ | 90/100 [04:46<00:25,  2.52s/frame, gt=3, pred=27]
office0:  91%|█████████ | 91/100 [04:49<00:22,  2.50s/frame, gt=10, pred=39]
office0:  92%|█████████▏| 92/100 [04:51<00:20,  2.62s/frame, gt=15, pred=54]
office0:  93%|█████████▎| 93/100 [04:54<00:18,  2.66s/frame, gt=17, pred=49]
office0:  94%|█████████▍| 94/100 [04:57<00:16,  2.74s/frame, gt=17, pred=47]
office0:  95%|█████████▌| 95/100 [05:00<00:14,  2.85s/frame, gt=20, pred=52]
office0:  96%|█████████▌| 96/100 [05:03<00:11,  2.95s/frame, gt=17, pred=58]
office0:  97%|█████████▋| 97/100 [05:06<00:08,  2.95s/frame, gt=19, pred=51]
office0:  98%|█████████▊| 98/100 [05:09<00:05,  2.86s/frame, gt=16, pred=41]
office0:  99%|█████████▉| 99/100 [05:12<00:02,  2.82s/frame, gt=15, pred=45]
office0: 100%|██████████| 100/100 [05:14<00:00,  2.71s/frame, gt=14, pred=40]
office0: 100%|██████████| 100/100 [05:14<00:00,  3.15s/frame, gt=14, pred=40]
