
office0:   0%|          | 0/100 [00:00<?, ?frame/s]
office0:   1%|          | 1/100 [00:08<14:20,  8.69s/frame, gt=22, pred=69]
office0:   2%|▏         | 2/100 [00:16<13:30,  8.27s/frame, gt=22, pred=70]
office0:   3%|▎         | 3/100 [00:24<13:06,  8.11s/frame, gt=22, pred=70]
office0:   4%|▍         | 4/100 [00:32<12:55,  8.07s/frame, gt=22, pred=68]
office0:   5%|▌         | 5/100 [00:40<12:43,  8.04s/frame, gt=22, pred=69]
office0:   6%|▌         | 6/100 [00:48<12:34,  8.02s/frame, gt=22, pred=70]
office0:   7%|▋         | 7/100 [00:56<12:32,  8.09s/frame, gt=22, pred=74]
office0:   8%|▊         | 8/100 [01:05<12:39,  8.26s/frame, gt=24, pred=80]
office0:   9%|▉         | 9/100 [01:13<12:34,  8.29s/frame, gt=22, pred=76]
office0:  10%|█         | 10/100 [01:23<12:58,  8.65s/frame, gt=20, pred=104]
office0:  11%|█         | 11/100 [01:32<13:11,  8.90s/frame, gt=20, pred=100]
office0:  12%|█▏        | 12/100 [01:41<13:00,  8.87s/frame, gt=16, pred=90] 
office0:  13%|█▎        | 13/100 [01:49<12:29,  8.62s/frame, gt=15, pred=79]
office0:  14%|█▍        | 14/100 [01:57<12:06,  8.45s/frame, gt=15, pred=80]
office0:  15%|█▌        | 15/100 [02:04<11:25,  8.07s/frame, gt=10, pred=67]
office0:  16%|█▌        | 16/100 [02:11<10:44,  7.68s/frame, gt=10, pred=65]
office0:  17%|█▋        | 17/100 [02:17<09:49,  7.11s/frame, gt=12, pred=31]
office0:  18%|█▊        | 18/100 [02:23<09:11,  6.72s/frame, gt=12, pred=33]
office0:  19%|█▉        | 19/100 [02:31<09:35,  7.11s/frame, gt=14, pred=84]
office0:  20%|██        | 20/100 [02:37<09:14,  6.94s/frame, gt=10, pred=56]
office0:  21%|██        | 21/100 [02:44<08:57,  6.80s/frame, gt=10, pred=55]
office0:  22%|██▏       | 22/100 [02:50<08:41,  6.68s/frame, gt=10, pred=53]
office0:  23%|██▎       | 23/100 [02:57<08:28,  6.61s/frame, gt=11, pred=54]
office0:  24%|██▍       | 24/100 [03:03<08:17,  6.54s/frame, gt=9, pred=50] 
office0:  25%|██▌       | 25/100 [03:09<07:57,  6.37s/frame, gt=10, pred=38]
office0:  26%|██▌       | 26/100 [03:15<07:41,  6.24s/frame, gt=10, pred=38]
office0:  27%|██▋       | 27/100 [03:21<07:42,  6.34s/frame, gt=10, pred=56]
office0:  28%|██▊       | 28/100 [03:29<08:00,  6.67s/frame, gt=9, pred=80] 
office0:  29%|██▉       | 29/100 [03:37<08:21,  7.06s/frame, gt=11, pred=84]
office0:  30%|███       | 30/100 [03:44<08:25,  7.22s/frame, gt=13, pred=70]
office0:  31%|███       | 31/100 [03:51<08:05,  7.03s/frame, gt=8, pred=52] 
office0:  32%|███▏      | 32/100 [03:59<08:15,  7.29s/frame, gt=8, pred=87]
office0:  33%|███▎      | 33/100 [04:07<08:23,  7.51s/frame, gt=8, pred=89]
office0:  34%|███▍      | 34/100 [04:15<08:31,  7.76s/frame, gt=11, pred=90]
office0:  35%|███▌      | 35/100 [04:24<08:46,  8.10s/frame, gt=13, pred=97]
office0:  36%|███▌      | 36/100 [04:34<09:16,  8.70s/frame, gt=20, pred=107]
office0:  37%|███▋      | 37/100 [04:45<09:39,  9.20s/frame, gt=25, pred=107]
office0:  38%|███▊      | 38/100 [04:56<10:06,  9.78s/frame, gt=28, pred=112]
office0:  39%|███▉      | 39/100 [05:06<10:13, 10.05s/frame, gt=28, pred=109]
office0:  40%|████      | 40/100 [05:15<09:41,  9.69s/frame, gt=26, pred=81] 
office0:  41%|████      | 41/100 [05:24<09:09,  9.31s/frame, gt=28, pred=76]
office0:  42%|████▏     | 42/100 [05:32<08:45,  9.06s/frame, gt=30, pred=71]
office0:  43%|████▎     | 43/100 [05:41<08:24,  8.85s/frame, gt=30, pred=72]
office0:  44%|████▍     | 44/100 [05:47<07:40,  8.23s/frame, gt=20, pred=42]
office0:  45%|████▌     | 45/100 [05:54<07:08,  7.80s/frame, gt=18, pred=48]
office0:  46%|████▌     | 46/100 [06:01<06:40,  7.41s/frame, gt=15, pred=45]
office0:  47%|████▋     | 47/100 [06:07<06:15,  7.09s/frame, gt=17, pred=44]
office0:  48%|████▊     | 48/100 [06:14<06:08,  7.08s/frame, gt=15, pred=60]
office0:  49%|████▉     | 49/100 [06:21<06:07,  7.20s/frame, gt=15, pred=69]
office0:  50%|█████     | 50/100 [06:29<06:03,  7.28s/frame, gt=17, pred=67]
office0:  51%|█████     | 51/100 [06:37<06:04,  7.43s/frame, gt=18, pred=73]
office0:  52%|█████▏    | 52/100 [06:45<06:09,  7.69s/frame, gt=18, pred=80]
office0:  53%|█████▎    | 53/100 [06:54<06:16,  8.01s/frame, gt=21, pred=89]
office0:  54%|█████▍    | 54/100 [07:03<06:20,  8.27s/frame, gt=21, pred=90]
office0:  55%|█████▌    | 55/100 [07:11<06:11,  8.26s/frame, gt=22, pred=72]
office0:  56%|█████▌    | 56/100 [07:20<06:11,  8.45s/frame, gt=24, pred=82]
office0:  57%|█████▋    | 57/100 [07:29<06:07,  8.55s/frame, gt=26, pred=82]
office0:  58%|█████▊    | 58/100 [07:37<05:56,  8.50s/frame, gt=28, pred=74]
office0:  59%|█████▉    | 59/100 [07:47<06:01,  8.82s/frame, gt=31, pred=88]
office0:  60%|██████    | 60/100 [07:56<05:57,  8.94s/frame, gt=32, pred=86]
office0:  61%|██████    | 61/100 [08:05<05:49,  8.97s/frame, gt=32, pred=82]
office0:  62%|██████▏   | 62/100 [08:15<05:49,  9.21s/frame, gt=33, pred=91]
office0:  63%|██████▎   | 63/100 [08:25<05:50,  9.47s/frame, gt=33, pred=96]
office0:  64%|██████▍   | 64/100 [08:34<05:37,  9.38s/frame, gt=33, pred=87]
office0:  65%|██████▌   | 65/100 [08:43<05:27,  9.34s/frame, gt=29, pred=90]
office0:  66%|██████▌   | 66/100 [08:52<05:15,  9.28s/frame, gt=29, pred=87]
office0:  67%|██████▋   | 67/100 [09:01<05:04,  9.24s/frame, gt=27, pred=90]
office0:  68%|██████▊   | 68/100 [09:11<05:01,  9.41s/frame, gt=26, pred=100]
office0:  69%|██████▉   | 69/100 [09:21<04:59,  9.67s/frame, gt=28, pred=106]
office0:  70%|███████   | 70/100 [09:32<05:00, 10.02s/frame, gt=28, pred=114]
office0:  71%|███████   | 71/100 [09:43<04:55, 10.20s/frame, gt=28, pred=109]
office0:  72%|███████▏  | 72/100 [09:53<04:46, 10.25s/frame, gt=28, pred=105]
office0:  73%|███████▎  | 73/100 [10:03<04:33, 10.13s/frame, gt=27, pred=99] 
office0:  74%|███████▍  | 74/100 [10:14<04:28, 10.33s/frame, gt=27, pred=113]
office0:  75%|███████▌  | 75/100 [10:25<04:21, 10.46s/frame, gt=27, pred=114]
office0:  76%|███████▌  | 76/100 [10:35<04:11, 10.47s/frame, gt=26, pred=112]
office0:  77%|███████▋  | 77/100 [10:46<04:01, 10.52s/frame, gt=23, pred=115]
office0:  78%|███████▊  | 78/100 [10:56<03:51, 10.53s/frame, gt=21, pred=117]
office0:  79%|███████▉  | 79/100 [11:06<03:35, 10.25s/frame, gt=19, pred=104]
office0:  80%|████████  | 80/100 [11:14<03:13,  9.66s/frame, gt=10, pred=92] 
office0:  81%|████████  | 81/100 [11:23<02:56,  9.31s/frame, gt=7, pred=97] 
office0:  82%|████████▏ | 82/100 [11:31<02:41,  8.98s/frame, gt=7, pred=93]
office0:  83%|████████▎ | 83/100 [11:39<02:28,  8.73s/frame, gt=5, pred=99]
office0:  84%|████████▍ | 84/100 [11:48<02:19,  8.73s/frame, gt=5, pred=111]
office0:  85%|████████▌ | 85/100 [11:56<02:09,  8.62s/frame, gt=5, pred=102]
office0:  86%|████████▌ | 86/100 [12:05<02:01,  8.69s/frame, gt=5, pred=113]
office0:  87%|████████▋ | 87/100 [12:14<01:52,  8.67s/frame, gt=5, pred=106]
office0:  88%|████████▊ | 88/100 [12:22<01:42,  8.55s/frame, gt=5, pred=102]
office0:  89%|████████▉ | 89/100 [12:30<01:33,  8.53s/frame, gt=5, pred=107]
office0:  90%|█████████ | 90/100 [12:36<01:16,  7.62s/frame, gt=3, pred=39] 
office0:  91%|█████████ | 91/100 [12:42<01:04,  7.21s/frame, gt=10, pred=48]
office0:  92%|█████████▏| 92/100 [12:49<00:57,  7.19s/frame, gt=15, pred=68]
office0:  93%|█████████▎| 93/100 [12:57<00:51,  7.36s/frame, gt=17, pred=78]
office0:  94%|█████████▍| 94/100 [13:05<00:44,  7.45s/frame, gt=17, pred=76]
office0:  95%|█████████▌| 95/100 [13:13<00:38,  7.78s/frame, gt=20, pred=84]
office0:  96%|█████████▌| 96/100 [13:22<00:31,  7.98s/frame, gt=17, pred=89]
office0:  97%|█████████▋| 97/100 [13:30<00:24,  8.08s/frame, gt=19, pred=84]
office0:  98%|█████████▊| 98/100 [13:38<00:15,  7.92s/frame, gt=16, pred=66]
office0:  99%|█████████▉| 99/100 [13:45<00:07,  7.75s/frame, gt=15, pred=70]
office0: 100%|██████████| 100/100 [13:52<00:00,  7.61s/frame, gt=14, pred=70]
office0: 100%|██████████| 100/100 [13:52<00:00,  8.33s/frame, gt=14, pred=70]
