
office0:   0%|          | 0/100 [00:00<?, ?frame/s]
office0:   1%|          | 1/100 [00:02<03:41,  2.24s/frame, gt=22, pred=30]
office0:   2%|▏         | 2/100 [00:03<02:44,  1.67s/frame, gt=22, pred=26]
office0:   3%|▎         | 3/100 [00:04<02:22,  1.46s/frame, gt=22, pred=25]
office0:   4%|▍         | 4/100 [00:06<02:13,  1.40s/frame, gt=22, pred=27]
office0:   5%|▌         | 5/100 [00:07<02:16,  1.44s/frame, gt=22, pred=31]
office0:   6%|▌         | 6/100 [00:08<02:14,  1.43s/frame, gt=22, pred=29]
office0:   7%|▋         | 7/100 [00:10<02:22,  1.54s/frame, gt=22, pred=33]
office0:   8%|▊         | 8/100 [00:12<02:28,  1.62s/frame, gt=24, pred=35]
office0:   9%|▉         | 9/100 [00:13<02:23,  1.58s/frame, gt=22, pred=31]
office0:  10%|█         | 10/100 [00:15<02:12,  1.47s/frame, gt=20, pred=26]
office0:  11%|█         | 11/100 [00:16<02:02,  1.38s/frame, gt=20, pred=24]
office0:  12%|█▏        | 12/100 [00:17<01:54,  1.30s/frame, gt=16, pred=25]
office0:  13%|█▎        | 13/100 [00:18<01:42,  1.18s/frame, gt=15, pred=16]
office0:  14%|█▍        | 14/100 [00:19<01:38,  1.15s/frame, gt=15, pred=24]
office0:  15%|█▌        | 15/100 [00:20<01:31,  1.08s/frame, gt=10, pred=19]
office0:  16%|█▌        | 16/100 [00:21<01:24,  1.01s/frame, gt=10, pred=16]
office0:  17%|█▋        | 17/100 [00:22<01:17,  1.07frame/s, gt=12, pred=8] 
office0:  18%|█▊        | 18/100 [00:22<01:13,  1.12frame/s, gt=12, pred=11]
office0:  19%|█▉        | 19/100 [00:23<01:16,  1.06frame/s, gt=14, pred=23]
office0:  20%|██        | 20/100 [00:24<01:14,  1.07frame/s, gt=10, pred=19]
office0:  21%|██        | 21/100 [00:25<01:14,  1.06frame/s, gt=10, pred=22]
office0:  22%|██▏       | 22/100 [00:26<01:11,  1.09frame/s, gt=10, pred=17]
office0:  23%|██▎       | 23/100 [00:27<01:09,  1.11frame/s, gt=11, pred=16]
office0:  24%|██▍       | 24/100 [00:28<01:06,  1.15frame/s, gt=9, pred=14] 
office0:  25%|██▌       | 25/100 [00:29<01:03,  1.17frame/s, gt=10, pred=13]
office0:  26%|██▌       | 26/100 [00:29<01:03,  1.17frame/s, gt=10, pred=14]
office0:  27%|██▋       | 27/100 [00:30<01:03,  1.16frame/s, gt=10, pred=17]
office0:  28%|██▊       | 28/100 [00:31<01:04,  1.12frame/s, gt=9, pred=25] 
office0:  29%|██▉       | 29/100 [00:32<01:03,  1.12frame/s, gt=11, pred=20]
office0:  30%|███       | 30/100 [00:33<01:04,  1.09frame/s, gt=13, pred=21]
office0:  31%|███       | 31/100 [00:34<01:03,  1.09frame/s, gt=8, pred=22] 
office0:  32%|███▏      | 32/100 [00:35<01:04,  1.05frame/s, gt=8, pred=28]
office0:  33%|███▎      | 33/100 [00:36<01:06,  1.01frame/s, gt=8, pred=31]
office0:  34%|███▍      | 34/100 [00:37<01:05,  1.01frame/s, gt=11, pred=25]
office0:  35%|███▌      | 35/100 [00:38<01:04,  1.01frame/s, gt=13, pred=23]
office0:  36%|███▌      | 36/100 [00:39<01:09,  1.08s/frame, gt=20, pred=31]
office0:  37%|███▋      | 37/100 [00:41<01:12,  1.16s/frame, gt=25, pred=29]
office0:  38%|███▊      | 38/100 [00:42<01:20,  1.30s/frame, gt=28, pred=36]
office0:  39%|███▉      | 39/100 [00:44<01:28,  1.45s/frame, gt=28, pred=40]
office0:  40%|████      | 40/100 [00:46<01:27,  1.46s/frame, gt=26, pred=33]
office0:  41%|████      | 41/100 [00:47<01:22,  1.40s/frame, gt=28, pred=25]
office0:  42%|████▏     | 42/100 [00:48<01:20,  1.38s/frame, gt=30, pred=24]
office0:  43%|████▎     | 43/100 [00:50<01:17,  1.35s/frame, gt=30, pred=22]
office0:  44%|████▍     | 44/100 [00:51<01:13,  1.31s/frame, gt=20, pred=23]
office0:  45%|████▌     | 45/100 [00:52<01:07,  1.23s/frame, gt=18, pred=19]
office0:  46%|████▌     | 46/100 [00:53<01:02,  1.15s/frame, gt=15, pred=16]
office0:  47%|████▋     | 47/100 [00:54<00:57,  1.09s/frame, gt=17, pred=15]
office0:  48%|████▊     | 48/100 [00:55<00:55,  1.07s/frame, gt=15, pred=20]
office0:  49%|████▉     | 49/100 [00:56<00:56,  1.10s/frame, gt=15, pred=28]
office0:  50%|█████     | 50/100 [00:57<00:55,  1.11s/frame, gt=17, pred=25]
office0:  51%|█████     | 51/100 [00:58<00:56,  1.16s/frame, gt=18, pred=29]
office0:  52%|█████▏    | 52/100 [01:00<00:56,  1.18s/frame, gt=18, pred=29]
office0:  53%|█████▎    | 53/100 [01:01<00:58,  1.23s/frame, gt=21, pred=31]
office0:  54%|█████▍    | 54/100 [01:02<00:57,  1.26s/frame, gt=21, pred=30]
office0:  55%|█████▌    | 55/100 [01:04<00:57,  1.28s/frame, gt=22, pred=28]
office0:  56%|█████▌    | 56/100 [01:05<00:59,  1.35s/frame, gt=24, pred=33]
office0:  57%|█████▋    | 57/100 [01:07<00:59,  1.39s/frame, gt=26, pred=32]
office0:  58%|█████▊    | 58/100 [01:08<00:58,  1.40s/frame, gt=28, pred=28]
office0:  59%|█████▉    | 59/100 [01:09<00:57,  1.41s/frame, gt=31, pred=28]
office0:  60%|██████    | 60/100 [01:11<00:58,  1.47s/frame, gt=32, pred=32]
office0:  61%|██████    | 61/100 [01:13<00:58,  1.50s/frame, gt=32, pred=31]
office0:  62%|██████▏   | 62/100 [01:14<00:57,  1.50s/frame, gt=33, pred=30]
office0:  63%|██████▎   | 63/100 [01:16<00:56,  1.53s/frame, gt=33, pred=31]
office0:  64%|██████▍   | 64/100 [01:18<00:58,  1.62s/frame, gt=33, pred=38]
office0:  65%|██████▌   | 65/100 [01:19<00:57,  1.65s/frame, gt=29, pred=37]
office0:  66%|██████▌   | 66/100 [01:21<00:54,  1.62s/frame, gt=29, pred=32]
office0:  67%|██████▋   | 67/100 [01:22<00:50,  1.53s/frame, gt=27, pred=28]
office0:  68%|██████▊   | 68/100 [01:24<00:49,  1.54s/frame, gt=26, pred=35]
office0:  69%|██████▉   | 69/100 [01:25<00:46,  1.50s/frame, gt=28, pred=30]
office0:  70%|███████   | 70/100 [01:27<00:47,  1.57s/frame, gt=28, pred=38]
office0:  71%|███████   | 71/100 [01:28<00:45,  1.57s/frame, gt=28, pred=34]
office0:  72%|███████▏  | 72/100 [01:30<00:41,  1.50s/frame, gt=28, pred=27]
office0:  73%|███████▎  | 73/100 [01:31<00:39,  1.45s/frame, gt=27, pred=28]
office0:  74%|███████▍  | 74/100 [01:33<00:38,  1.47s/frame, gt=27, pred=34]
office0:  75%|███████▌  | 75/100 [01:34<00:35,  1.42s/frame, gt=27, pred=27]
office0:  76%|███████▌  | 76/100 [01:35<00:34,  1.42s/frame, gt=26, pred=32]
office0:  77%|███████▋  | 77/100 [01:37<00:32,  1.40s/frame, gt=23, pred=30]
office0:  78%|███████▊  | 78/100 [01:38<00:31,  1.42s/frame, gt=21, pred=36]
office0:  79%|███████▉  | 79/100 [01:39<00:28,  1.38s/frame, gt=19, pred=31]
office0:  80%|████████  | 80/100 [01:40<00:25,  1.27s/frame, gt=10, pred=25]
office0:  81%|████████  | 81/100 [01:41<00:22,  1.19s/frame, gt=7, pred=27] 
office0:  82%|████████▏ | 82/100 [01:42<00:20,  1.11s/frame, gt=7, pred=25]
office0:  83%|████████▎ | 83/100 [01:43<00:17,  1.05s/frame, gt=5, pred=26]
office0:  84%|████████▍ | 84/100 [01:44<00:16,  1.00s/frame, gt=5, pred=26]
office0:  85%|████████▌ | 85/100 [01:45<00:15,  1.01s/frame, gt=5, pred=33]
office0:  86%|████████▌ | 86/100 [01:46<00:14,  1.01s/frame, gt=5, pred=31]
office0:  87%|████████▋ | 87/100 [01:47<00:12,  1.01frame/s, gt=5, pred=28]
office0:  88%|████████▊ | 88/100 [01:48<00:11,  1.03frame/s, gt=5, pred=27]
office0:  89%|████████▉ | 89/100 [01:49<00:10,  1.03frame/s, gt=5, pred=30]
office0:  90%|█████████ | 90/100 [01:50<00:08,  1.11frame/s, gt=3, pred=16]
office0:  91%|█████████ | 91/100 [01:51<00:08,  1.10frame/s, gt=10, pred=20]
office0:  92%|█████████▏| 92/100 [01:52<00:07,  1.04frame/s, gt=15, pred=25]
office0:  93%|█████████▎| 93/100 [01:53<00:07,  1.03s/frame, gt=17, pred=28]
office0:  94%|█████████▍| 94/100 [01:54<00:06,  1.05s/frame, gt=17, pred=24]
office0:  95%|█████████▌| 95/100 [01:55<00:05,  1.08s/frame, gt=20, pred=24]
office0:  96%|█████████▌| 96/100 [01:56<00:04,  1.09s/frame, gt=17, pred=25]
office0:  97%|█████████▋| 97/100 [01:58<00:03,  1.13s/frame, gt=19, pred=27]
office0:  98%|█████████▊| 98/100 [01:59<00:02,  1.08s/frame, gt=16, pred=18]
office0:  99%|█████████▉| 99/100 [02:00<00:01,  1.05s/frame, gt=15, pred=21]
office0: 100%|██████████| 100/100 [02:00<00:00,  1.00frame/s, gt=14, pred=15]
office0: 100%|██████████| 100/100 [02:00<00:00,  1.21s/frame, gt=14, pred=15]
