
office0:   0%|          | 0/100 [00:00<?, ?frame/s]
office0:   1%|          | 1/100 [00:02<04:21,  2.64s/frame, gt=22, pred=41]
office0:   2%|▏         | 2/100 [00:04<03:26,  2.11s/frame, gt=22, pred=36]
office0:   3%|▎         | 3/100 [00:06<03:10,  1.96s/frame, gt=22, pred=38]
office0:   4%|▍         | 4/100 [00:08<03:04,  1.92s/frame, gt=22, pred=40]
office0:   5%|▌         | 5/100 [00:10<03:06,  1.96s/frame, gt=22, pred=43]
office0:   6%|▌         | 6/100 [00:11<03:02,  1.94s/frame, gt=22, pred=41]
office0:   7%|▋         | 7/100 [00:13<02:58,  1.92s/frame, gt=22, pred=41]
office0:   8%|▊         | 8/100 [00:15<02:56,  1.91s/frame, gt=24, pred=41]
office0:   9%|▉         | 9/100 [00:17<02:52,  1.89s/frame, gt=22, pred=41]
office0:  10%|█         | 10/100 [00:19<02:57,  1.97s/frame, gt=20, pred=51]
office0:  11%|█         | 11/100 [00:21<02:56,  1.98s/frame, gt=20, pred=48]
office0:  12%|█▏        | 12/100 [00:23<02:44,  1.87s/frame, gt=16, pred=38]
office0:  13%|█▎        | 13/100 [00:25<02:37,  1.81s/frame, gt=15, pred=40]
office0:  14%|█▍        | 14/100 [00:26<02:25,  1.70s/frame, gt=15, pred=33]
office0:  15%|█▌        | 15/100 [00:27<02:13,  1.57s/frame, gt=10, pred=29]
office0:  16%|█▌        | 16/100 [00:29<02:04,  1.48s/frame, gt=10, pred=28]
office0:  17%|█▋        | 17/100 [00:30<01:53,  1.36s/frame, gt=12, pred=17]
office0:  18%|█▊        | 18/100 [00:31<01:45,  1.29s/frame, gt=12, pred=17]
office0:  19%|█▉        | 19/100 [00:32<01:47,  1.33s/frame, gt=14, pred=32]
office0:  20%|██        | 20/100 [00:33<01:43,  1.30s/frame, gt=10, pred=25]
office0:  21%|██        | 21/100 [00:35<01:44,  1.32s/frame, gt=10, pred=31]
office0:  22%|██▏       | 22/100 [00:36<01:42,  1.31s/frame, gt=10, pred=30]
office0:  23%|██▎       | 23/100 [00:37<01:35,  1.25s/frame, gt=11, pred=21]
office0:  24%|██▍       | 24/100 [00:38<01:30,  1.20s/frame, gt=9, pred=21] 
office0:  25%|██▌       | 25/100 [00:39<01:27,  1.17s/frame, gt=10, pred=20]
office0:  26%|██▌       | 26/100 [00:40<01:25,  1.16s/frame, gt=10, pred=22]
office0:  27%|██▋       | 27/100 [00:42<01:25,  1.18s/frame, gt=10, pred=25]
office0:  28%|██▊       | 28/100 [00:43<01:28,  1.23s/frame, gt=9, pred=36] 
office0:  29%|██▉       | 29/100 [00:44<01:32,  1.31s/frame, gt=11, pred=38]
office0:  30%|███       | 30/100 [00:46<01:34,  1.35s/frame, gt=13, pred=36]
office0:  31%|███       | 31/100 [00:47<01:32,  1.34s/frame, gt=8, pred=32] 
office0:  32%|███▏      | 32/100 [00:49<01:31,  1.35s/frame, gt=8, pred=39]
office0:  33%|███▎      | 33/100 [00:50<01:30,  1.35s/frame, gt=8, pred=37]
office0:  34%|███▍      | 34/100 [00:51<01:31,  1.39s/frame, gt=11, pred=40]
office0:  35%|███▌      | 35/100 [00:53<01:38,  1.51s/frame, gt=13, pred=47]
office0:  36%|███▌      | 36/100 [00:55<01:49,  1.71s/frame, gt=20, pred=51]
office0:  37%|███▋      | 37/100 [00:58<02:04,  1.98s/frame, gt=25, pred=54]
office0:  38%|███▊      | 38/100 [01:01<02:19,  2.25s/frame, gt=28, pred=55]
office0:  39%|███▉      | 39/100 [01:04<02:27,  2.42s/frame, gt=28, pred=54]
office0:  40%|████      | 40/100 [01:06<02:19,  2.33s/frame, gt=26, pred=44]
office0:  41%|████      | 41/100 [01:08<02:16,  2.31s/frame, gt=28, pred=44]
office0:  42%|████▏     | 42/100 [01:10<02:15,  2.33s/frame, gt=30, pred=43]
office0:  43%|████▎     | 43/100 [01:13<02:08,  2.26s/frame, gt=30, pred=37]
office0:  44%|████▍     | 44/100 [01:14<01:54,  2.05s/frame, gt=20, pred=27]
office0:  45%|████▌     | 45/100 [01:16<01:43,  1.89s/frame, gt=18, pred=28]
office0:  46%|████▌     | 46/100 [01:17<01:32,  1.72s/frame, gt=15, pred=20]
office0:  47%|████▋     | 47/100 [01:18<01:23,  1.57s/frame, gt=17, pred=19]
office0:  48%|████▊     | 48/100 [01:20<01:20,  1.54s/frame, gt=15, pred=31]
office0:  49%|████▉     | 49/100 [01:21<01:19,  1.56s/frame, gt=15, pred=36]
office0:  50%|█████     | 50/100 [01:23<01:22,  1.64s/frame, gt=17, pred=41]
office0:  51%|█████     | 51/100 [01:25<01:22,  1.69s/frame, gt=18, pred=39]
office0:  52%|█████▏    | 52/100 [01:27<01:22,  1.73s/frame, gt=18, pred=41]
office0:  53%|█████▎    | 53/100 [01:29<01:24,  1.80s/frame, gt=21, pred=43]
office0:  54%|█████▍    | 54/100 [01:31<01:24,  1.84s/frame, gt=21, pred=44]
office0:  55%|█████▌    | 55/100 [01:33<01:28,  1.97s/frame, gt=22, pred=48]
office0:  56%|█████▌    | 56/100 [01:35<01:31,  2.07s/frame, gt=24, pred=47]
office0:  57%|█████▋    | 57/100 [01:37<01:26,  2.00s/frame, gt=26, pred=37]
office0:  58%|█████▊    | 58/100 [01:39<01:21,  1.95s/frame, gt=28, pred=35]
office0:  59%|█████▉    | 59/100 [01:42<01:29,  2.17s/frame, gt=31, pred=48]
office0:  60%|██████    | 60/100 [01:44<01:26,  2.15s/frame, gt=32, pred=39]
office0:  61%|██████    | 61/100 [01:46<01:23,  2.15s/frame, gt=32, pred=40]
office0:  62%|██████▏   | 62/100 [01:48<01:26,  2.27s/frame, gt=33, pred=46]
office0:  63%|██████▎   | 63/100 [01:51<01:25,  2.31s/frame, gt=33, pred=43]
office0:  64%|██████▍   | 64/100 [01:54<01:30,  2.52s/frame, gt=33, pred=51]
office0:  65%|██████▌   | 65/100 [01:56<01:26,  2.46s/frame, gt=29, pred=45]
office0:  66%|██████▌   | 66/100 [01:59<01:24,  2.49s/frame, gt=29, pred=49]
office0:  67%|██████▋   | 67/100 [02:01<01:20,  2.45s/frame, gt=27, pred=48]
office0:  68%|██████▊   | 68/100 [02:03<01:18,  2.44s/frame, gt=26, pred=50]
office0:  69%|██████▉   | 69/100 [02:06<01:12,  2.34s/frame, gt=28, pred=43]
office0:  70%|███████   | 70/100 [02:08<01:12,  2.43s/frame, gt=28, pred=52]
office0:  71%|███████   | 71/100 [02:11<01:12,  2.49s/frame, gt=28, pred=52]
office0:  72%|███████▏  | 72/100 [02:14<01:12,  2.57s/frame, gt=28, pred=53]
office0:  73%|███████▎  | 73/100 [02:16<01:08,  2.52s/frame, gt=27, pred=49]
office0:  74%|███████▍  | 74/100 [02:19<01:05,  2.53s/frame, gt=27, pred=51]
office0:  75%|███████▌  | 75/100 [02:22<01:06,  2.67s/frame, gt=27, pred=58]
office0:  76%|███████▌  | 76/100 [02:24<01:02,  2.61s/frame, gt=26, pred=50]
office0:  77%|███████▋  | 77/100 [02:27<01:01,  2.67s/frame, gt=23, pred=59]
office0:  78%|███████▊  | 78/100 [02:29<00:58,  2.68s/frame, gt=21, pred=60]
office0:  79%|███████▉  | 79/100 [02:32<00:52,  2.52s/frame, gt=19, pred=51]
office0:  80%|████████  | 80/100 [02:33<00:46,  2.31s/frame, gt=10, pred=50]
office0:  81%|████████  | 81/100 [02:35<00:39,  2.08s/frame, gt=7, pred=43] 
office0:  82%|████████▏ | 82/100 [02:37<00:34,  1.93s/frame, gt=7, pred=45]
office0:  83%|████████▎ | 83/100 [02:38<00:30,  1.77s/frame, gt=5, pred=40]
office0:  84%|████████▍ | 84/100 [02:39<00:26,  1.65s/frame, gt=5, pred=41]
office0:  85%|████████▌ | 85/100 [02:41<00:24,  1.60s/frame, gt=5, pred=45]
office0:  86%|████████▌ | 86/100 [02:42<00:22,  1.59s/frame, gt=5, pred=48]
office0:  87%|████████▋ | 87/100 [02:44<00:20,  1.55s/frame, gt=5, pred=46]
office0:  88%|████████▊ | 88/100 [02:46<00:19,  1.58s/frame, gt=5, pred=50]
office0:  89%|████████▉ | 89/100 [02:47<00:17,  1.60s/frame, gt=5, pred=51]
office0:  90%|█████████ | 90/100 [02:48<00:14,  1.41s/frame, gt=3, pred=21]
office0:  91%|█████████ | 91/100 [02:49<00:12,  1.38s/frame, gt=10, pred=31]
office0:  92%|█████████▏| 92/100 [02:51<00:11,  1.48s/frame, gt=15, pred=40]
office0:  93%|█████████▎| 93/100 [02:53<00:10,  1.56s/frame, gt=17, pred=40]
office0:  94%|█████████▍| 94/100 [02:55<00:09,  1.59s/frame, gt=17, pred=38]
office0:  95%|█████████▌| 95/100 [02:57<00:08,  1.71s/frame, gt=20, pred=44]
office0:  96%|█████████▌| 96/100 [02:58<00:06,  1.72s/frame, gt=17, pred=40]
office0:  97%|█████████▋| 97/100 [03:00<00:05,  1.76s/frame, gt=19, pred=42]
office0:  98%|█████████▊| 98/100 [03:02<00:03,  1.66s/frame, gt=16, pred=30]
office0:  99%|█████████▉| 99/100 [03:03<00:01,  1.58s/frame, gt=15, pred=31]
office0: 100%|██████████| 100/100 [03:04<00:00,  1.51s/frame, gt=14, pred=30]
office0: 100%|██████████| 100/100 [03:04<00:00,  1.85s/frame, gt=14, pred=30]
