
office0:   0%|          | 0/100 [00:00<?, ?frame/s]
office0:   1%|          | 1/100 [00:02<04:42,  2.85s/frame, gt=22, pred=44]
office0:   2%|▏         | 2/100 [00:05<04:03,  2.49s/frame, gt=22, pred=42]
office0:   3%|▎         | 3/100 [00:07<03:49,  2.37s/frame, gt=22, pred=44]
office0:   4%|▍         | 4/100 [00:09<03:45,  2.35s/frame, gt=22, pred=47]
office0:   5%|▌         | 5/100 [00:12<03:44,  2.36s/frame, gt=22, pred=48]
office0:   6%|▌         | 6/100 [00:14<03:43,  2.37s/frame, gt=22, pred=49]
office0:   7%|▋         | 7/100 [00:16<03:39,  2.36s/frame, gt=22, pred=48]
office0:   8%|▊         | 8/100 [00:19<03:49,  2.49s/frame, gt=24, pred=54]
office0:   9%|▉         | 9/100 [00:21<03:37,  2.39s/frame, gt=22, pred=44]
office0:  10%|█         | 10/100 [00:24<03:37,  2.42s/frame, gt=20, pred=53]
office0:  11%|█         | 11/100 [00:26<03:29,  2.35s/frame, gt=20, pred=47]
office0:  12%|█▏        | 12/100 [00:28<03:21,  2.29s/frame, gt=16, pred=45]
office0:  13%|█▎        | 13/100 [00:30<03:15,  2.25s/frame, gt=15, pred=46]
office0:  14%|█▍        | 14/100 [00:32<02:58,  2.08s/frame, gt=15, pred=30]
office0:  15%|█▌        | 15/100 [00:34<02:46,  1.96s/frame, gt=10, pred=34]
office0:  16%|█▌        | 16/100 [00:35<02:33,  1.82s/frame, gt=10, pred=27]
office0:  17%|█▋        | 17/100 [00:37<02:23,  1.73s/frame, gt=12, pred=24]
office0:  18%|█▊        | 18/100 [00:38<02:15,  1.65s/frame, gt=12, pred=22]
office0:  19%|█▉        | 19/100 [00:40<02:20,  1.73s/frame, gt=14, pred=41]
office0:  20%|██        | 20/100 [00:42<02:17,  1.71s/frame, gt=10, pred=33]
office0:  21%|██        | 21/100 [00:43<02:16,  1.73s/frame, gt=10, pred=38]
office0:  22%|██▏       | 22/100 [00:45<02:10,  1.67s/frame, gt=10, pred=31]
office0:  23%|██▎       | 23/100 [00:46<02:04,  1.62s/frame, gt=11, pred=28]
office0:  24%|██▍       | 24/100 [00:48<01:57,  1.55s/frame, gt=9, pred=23] 
office0:  25%|██▌       | 25/100 [00:49<01:54,  1.53s/frame, gt=10, pred=26]
office0:  26%|██▌       | 26/100 [00:51<01:52,  1.52s/frame, gt=10, pred=28]
office0:  27%|██▋       | 27/100 [00:52<01:51,  1.53s/frame, gt=10, pred=32]
office0:  28%|██▊       | 28/100 [00:54<01:56,  1.62s/frame, gt=9, pred=46] 
office0:  29%|██▉       | 29/100 [00:56<02:04,  1.76s/frame, gt=11, pred=51]
office0:  30%|███       | 30/100 [00:58<02:00,  1.73s/frame, gt=13, pred=34]
office0:  31%|███       | 31/100 [00:59<01:54,  1.66s/frame, gt=8, pred=32] 
office0:  32%|███▏      | 32/100 [01:01<01:52,  1.66s/frame, gt=8, pred=42]
office0:  33%|███▎      | 33/100 [01:03<01:54,  1.70s/frame, gt=8, pred=47]
office0:  34%|███▍      | 34/100 [01:05<01:56,  1.77s/frame, gt=11, pred=49]
office0:  35%|███▌      | 35/100 [01:07<02:02,  1.88s/frame, gt=13, pred=52]
office0:  36%|███▌      | 36/100 [01:09<02:11,  2.05s/frame, gt=20, pred=53]
office0:  37%|███▋      | 37/100 [01:12<02:26,  2.32s/frame, gt=25, pred=61]
office0:  38%|███▊      | 38/100 [01:16<02:45,  2.67s/frame, gt=28, pred=69]
office0:  39%|███▉      | 39/100 [01:19<02:51,  2.81s/frame, gt=28, pred=63]
office0:  40%|████      | 40/100 [01:22<02:43,  2.73s/frame, gt=26, pred=49]
office0:  41%|████      | 41/100 [01:24<02:35,  2.63s/frame, gt=28, pred=41]
office0:  42%|████▏     | 42/100 [01:27<02:35,  2.68s/frame, gt=30, pred=47]
office0:  43%|████▎     | 43/100 [01:29<02:30,  2.64s/frame, gt=30, pred=40]
office0:  44%|████▍     | 44/100 [01:31<02:18,  2.48s/frame, gt=20, pred=31]
office0:  45%|████▌     | 45/100 [01:33<02:08,  2.34s/frame, gt=18, pred=31]
office0:  46%|████▌     | 46/100 [01:35<01:57,  2.17s/frame, gt=15, pred=23]
office0:  47%|████▋     | 47/100 [01:37<01:47,  2.02s/frame, gt=17, pred=27]
office0:  48%|████▊     | 48/100 [01:39<01:44,  2.01s/frame, gt=15, pred=38]
office0:  49%|████▉     | 49/100 [01:41<01:42,  2.02s/frame, gt=15, pred=41]
office0:  50%|█████     | 50/100 [01:43<01:43,  2.07s/frame, gt=17, pred=44]
office0:  51%|█████     | 51/100 [01:46<01:47,  2.20s/frame, gt=18, pred=52]
office0:  52%|█████▏    | 52/100 [01:48<01:47,  2.24s/frame, gt=18, pred=49]
office0:  53%|█████▎    | 53/100 [01:50<01:49,  2.34s/frame, gt=21, pred=52]
office0:  54%|█████▍    | 54/100 [01:53<01:48,  2.36s/frame, gt=21, pred=47]
office0:  55%|█████▌    | 55/100 [01:56<01:52,  2.50s/frame, gt=22, pred=53]
office0:  56%|█████▌    | 56/100 [01:58<01:52,  2.57s/frame, gt=24, pred=50]
office0:  57%|█████▋    | 57/100 [02:01<01:52,  2.63s/frame, gt=26, pred=53]
office0:  58%|█████▊    | 58/100 [02:04<01:46,  2.54s/frame, gt=28, pred=43]
office0:  59%|█████▉    | 59/100 [02:06<01:47,  2.63s/frame, gt=31, pred=51]
office0:  60%|██████    | 60/100 [02:09<01:48,  2.71s/frame, gt=32, pred=52]
office0:  61%|██████    | 61/100 [02:12<01:47,  2.75s/frame, gt=32, pred=51]
office0:  62%|██████▏   | 62/100 [02:15<01:50,  2.91s/frame, gt=33, pred=59]
office0:  63%|██████▎   | 63/100 [02:19<01:52,  3.04s/frame, gt=33, pred=58]
office0:  64%|██████▍   | 64/100 [02:22<01:51,  3.10s/frame, gt=33, pred=60]
office0:  65%|██████▌   | 65/100 [02:25<01:42,  2.94s/frame, gt=29, pred=49]
office0:  66%|██████▌   | 66/100 [02:28<01:40,  2.97s/frame, gt=29, pred=58]
office0:  67%|██████▋   | 67/100 [02:30<01:35,  2.89s/frame, gt=27, pred=51]
office0:  68%|██████▊   | 68/100 [02:33<01:31,  2.86s/frame, gt=26, pred=57]
office0:  69%|██████▉   | 69/100 [02:36<01:29,  2.88s/frame, gt=28, pred=57]
office0:  70%|███████   | 70/100 [02:39<01:28,  2.96s/frame, gt=28, pred=61]
office0:  71%|███████   | 71/100 [02:42<01:28,  3.05s/frame, gt=28, pred=64]
office0:  72%|███████▏  | 72/100 [02:45<01:24,  3.01s/frame, gt=28, pred=58]
office0:  73%|███████▎  | 73/100 [02:48<01:20,  2.97s/frame, gt=27, pred=56]
office0:  74%|███████▍  | 74/100 [02:51<01:18,  3.03s/frame, gt=27, pred=63]
office0:  75%|███████▌  | 75/100 [02:55<01:18,  3.13s/frame, gt=27, pred=67]
office0:  76%|███████▌  | 76/100 [02:58<01:15,  3.13s/frame, gt=26, pred=63]
office0:  77%|███████▋  | 77/100 [03:01<01:11,  3.12s/frame, gt=23, pred=65]
office0:  78%|███████▊  | 78/100 [03:04<01:07,  3.07s/frame, gt=21, pred=63]
office0:  79%|███████▉  | 79/100 [03:06<01:00,  2.89s/frame, gt=19, pred=54]
office0:  80%|████████  | 80/100 [03:08<00:53,  2.66s/frame, gt=10, pred=52]
office0:  81%|████████  | 81/100 [03:10<00:46,  2.42s/frame, gt=7, pred=46] 
office0:  82%|████████▏ | 82/100 [03:12<00:40,  2.28s/frame, gt=7, pred=50]
office0:  83%|████████▎ | 83/100 [03:14<00:36,  2.13s/frame, gt=5, pred=47]
office0:  84%|████████▍ | 84/100 [03:16<00:32,  2.02s/frame, gt=5, pred=48]
office0:  85%|████████▌ | 85/100 [03:18<00:30,  2.05s/frame, gt=5, pred=58]
office0:  86%|████████▌ | 86/100 [03:20<00:29,  2.09s/frame, gt=5, pred=61]
office0:  87%|████████▋ | 87/100 [03:22<00:27,  2.09s/frame, gt=5, pred=57]
office0:  88%|████████▊ | 88/100 [03:24<00:25,  2.10s/frame, gt=5, pred=58]
office0:  89%|████████▉ | 89/100 [03:26<00:22,  2.09s/frame, gt=5, pred=57]
office0:  90%|█████████ | 90/100 [03:28<00:18,  1.86s/frame, gt=3, pred=30]
office0:  91%|█████████ | 91/100 [03:30<00:16,  1.83s/frame, gt=10, pred=37]
office0:  92%|█████████▏| 92/100 [03:31<00:14,  1.87s/frame, gt=15, pred=42]
office0:  93%|█████████▎| 93/100 [03:33<00:13,  1.88s/frame, gt=17, pred=40]
office0:  94%|█████████▍| 94/100 [03:35<00:11,  1.85s/frame, gt=17, pred=34]
office0:  95%|█████████▌| 95/100 [03:38<00:10,  2.03s/frame, gt=20, pred=51]
office0:  96%|█████████▌| 96/100 [03:40<00:08,  2.10s/frame, gt=17, pred=49]
office0:  97%|█████████▋| 97/100 [03:42<00:06,  2.11s/frame, gt=19, pred=42]
office0:  98%|█████████▊| 98/100 [03:44<00:04,  2.02s/frame, gt=16, pred=35]
office0:  99%|█████████▉| 99/100 [03:46<00:01,  1.99s/frame, gt=15, pred=39]
office0: 100%|██████████| 100/100 [03:48<00:00,  1.92s/frame, gt=14, pred=37]
office0: 100%|██████████| 100/100 [03:48<00:00,  2.28s/frame, gt=14, pred=37]
