
office0:   0%|          | 0/100 [00:00<?, ?frame/s]
office0:   1%|          | 1/100 [00:03<05:02,  3.05s/frame, gt=22, pred=51]
office0:   2%|▏         | 2/100 [00:05<04:27,  2.73s/frame, gt=22, pred=51]
office0:   3%|▎         | 3/100 [00:08<04:19,  2.67s/frame, gt=22, pred=53]
office0:   4%|▍         | 4/100 [00:10<04:20,  2.71s/frame, gt=22, pred=56]
office0:   5%|▌         | 5/100 [00:13<04:18,  2.72s/frame, gt=22, pred=56]
office0:   6%|▌         | 6/100 [00:16<04:09,  2.65s/frame, gt=22, pred=52]
office0:   7%|▋         | 7/100 [00:18<04:10,  2.69s/frame, gt=22, pred=56]
office0:   8%|▊         | 8/100 [00:21<04:13,  2.76s/frame, gt=24, pred=58]
office0:   9%|▉         | 9/100 [00:24<04:17,  2.83s/frame, gt=22, pred=61]
office0:  10%|█         | 10/100 [00:28<04:25,  2.95s/frame, gt=20, pred=70]
office0:  11%|█         | 11/100 [00:31<04:29,  3.02s/frame, gt=20, pred=67]
office0:  12%|█▏        | 12/100 [00:33<04:17,  2.92s/frame, gt=16, pred=58]
office0:  13%|█▎        | 13/100 [00:36<04:05,  2.82s/frame, gt=15, pred=60]
office0:  14%|█▍        | 14/100 [00:38<03:42,  2.59s/frame, gt=15, pred=43]
office0:  15%|█▌        | 15/100 [00:40<03:22,  2.38s/frame, gt=10, pred=43]
office0:  16%|█▌        | 16/100 [00:42<03:05,  2.20s/frame, gt=10, pred=38]
office0:  17%|█▋        | 17/100 [00:43<02:46,  2.00s/frame, gt=12, pred=26]
office0:  18%|█▊        | 18/100 [00:45<02:32,  1.86s/frame, gt=12, pred=25]
office0:  19%|█▉        | 19/100 [00:47<02:41,  1.99s/frame, gt=14, pred=52]
office0:  20%|██        | 20/100 [00:49<02:36,  1.95s/frame, gt=10, pred=40]
office0:  21%|██        | 21/100 [00:51<02:37,  1.99s/frame, gt=10, pred=48]
office0:  22%|██▏       | 22/100 [00:53<02:30,  1.92s/frame, gt=10, pred=40]
office0:  23%|██▎       | 23/100 [00:55<02:21,  1.84s/frame, gt=11, pred=34]
office0:  24%|██▍       | 24/100 [00:56<02:16,  1.80s/frame, gt=9, pred=37] 
office0:  25%|██▌       | 25/100 [00:58<02:09,  1.73s/frame, gt=10, pred=30]
office0:  26%|██▌       | 26/100 [00:59<02:05,  1.70s/frame, gt=10, pred=31]
office0:  27%|██▋       | 27/100 [01:01<02:05,  1.72s/frame, gt=10, pred=38]
office0:  28%|██▊       | 28/100 [01:03<02:16,  1.89s/frame, gt=9, pred=58] 
office0:  29%|██▉       | 29/100 [01:06<02:29,  2.11s/frame, gt=11, pred=63]
office0:  30%|███       | 30/100 [01:08<02:25,  2.08s/frame, gt=13, pred=45]
office0:  31%|███       | 31/100 [01:10<02:15,  1.97s/frame, gt=8, pred=39] 
office0:  32%|███▏      | 32/100 [01:12<02:21,  2.09s/frame, gt=8, pred=61]
office0:  33%|███▎      | 33/100 [01:14<02:23,  2.15s/frame, gt=8, pred=60]
office0:  34%|███▍      | 34/100 [01:17<02:25,  2.21s/frame, gt=11, pred=60]
office0:  35%|███▌      | 35/100 [01:20<02:34,  2.38s/frame, gt=13, pred=68]
office0:  36%|███▌      | 36/100 [01:23<02:47,  2.62s/frame, gt=20, pred=69]
office0:  37%|███▋      | 37/100 [01:26<03:04,  2.93s/frame, gt=25, pred=76]
office0:  38%|███▊      | 38/100 [01:31<03:27,  3.35s/frame, gt=28, pred=83]
office0:  39%|███▉      | 39/100 [01:34<03:31,  3.46s/frame, gt=28, pred=73]
office0:  40%|████      | 40/100 [01:37<03:17,  3.30s/frame, gt=26, pred=58]
office0:  41%|████      | 41/100 [01:40<03:08,  3.19s/frame, gt=28, pred=54]
office0:  42%|████▏     | 42/100 [01:44<03:05,  3.20s/frame, gt=30, pred=55]
office0:  43%|████▎     | 43/100 [01:47<03:00,  3.17s/frame, gt=30, pred=51]
office0:  44%|████▍     | 44/100 [01:49<02:41,  2.88s/frame, gt=20, pred=35]
office0:  45%|████▌     | 45/100 [01:51<02:26,  2.66s/frame, gt=18, pred=36]
office0:  46%|████▌     | 46/100 [01:53<02:11,  2.43s/frame, gt=15, pred=30]
office0:  47%|████▋     | 47/100 [01:55<01:58,  2.24s/frame, gt=17, pred=31]
office0:  48%|████▊     | 48/100 [01:57<01:56,  2.24s/frame, gt=15, pred=46]
office0:  49%|████▉     | 49/100 [01:59<01:55,  2.26s/frame, gt=15, pred=49]
office0:  50%|█████     | 50/100 [02:02<01:54,  2.29s/frame, gt=17, pred=50]
office0:  51%|█████     | 51/100 [02:04<01:59,  2.44s/frame, gt=18, pred=60]
office0:  52%|█████▏    | 52/100 [02:07<02:03,  2.57s/frame, gt=18, pred=61]
office0:  53%|█████▎    | 53/100 [02:10<02:07,  2.72s/frame, gt=21, pred=65]
office0:  54%|█████▍    | 54/100 [02:13<02:08,  2.80s/frame, gt=21, pred=62]
office0:  55%|█████▌    | 55/100 [02:16<02:09,  2.88s/frame, gt=22, pred=60]
office0:  56%|█████▌    | 56/100 [02:20<02:10,  2.97s/frame, gt=24, pred=62]
office0:  57%|█████▋    | 57/100 [02:23<02:09,  3.02s/frame, gt=26, pred=62]
office0:  58%|█████▊    | 58/100 [02:25<02:02,  2.92s/frame, gt=28, pred=51]
office0:  59%|█████▉    | 59/100 [02:29<02:03,  3.01s/frame, gt=31, pred=59]
office0:  60%|██████    | 60/100 [02:32<02:08,  3.20s/frame, gt=32, pred=67]
office0:  61%|██████    | 61/100 [02:36<02:09,  3.32s/frame, gt=32, pred=66]
office0:  62%|██████▏   | 62/100 [02:40<02:12,  3.48s/frame, gt=33, pred=70]
office0:  63%|██████▎   | 63/100 [02:43<02:09,  3.51s/frame, gt=33, pred=66]
office0:  64%|██████▍   | 64/100 [02:47<02:09,  3.60s/frame, gt=33, pred=71]
office0:  65%|██████▌   | 65/100 [02:50<02:00,  3.45s/frame, gt=29, pred=62]
office0:  66%|██████▌   | 66/100 [02:54<01:57,  3.46s/frame, gt=29, pred=68]
office0:  67%|██████▋   | 67/100 [02:57<01:49,  3.33s/frame, gt=27, pred=60]
office0:  68%|██████▊   | 68/100 [03:00<01:48,  3.39s/frame, gt=26, pred=73]
office0:  69%|██████▉   | 69/100 [03:04<01:45,  3.41s/frame, gt=28, pred=68]
office0:  70%|███████   | 70/100 [03:08<01:46,  3.55s/frame, gt=28, pred=76]
office0:  71%|███████   | 71/100 [03:11<01:45,  3.65s/frame, gt=28, pred=75]
office0:  72%|███████▏  | 72/100 [03:15<01:42,  3.67s/frame, gt=28, pred=74]
office0:  73%|███████▎  | 73/100 [03:19<01:39,  3.69s/frame, gt=27, pred=74]
office0:  74%|███████▍  | 74/100 [03:23<01:36,  3.70s/frame, gt=27, pred=75]
office0:  75%|███████▌  | 75/100 [03:26<01:32,  3.71s/frame, gt=27, pred=74]
office0:  76%|███████▌  | 76/100 [03:30<01:30,  3.76s/frame, gt=26, pred=77]
office0:  77%|███████▋  | 77/100 [03:34<01:28,  3.83s/frame, gt=23, pred=83]
office0:  78%|███████▊  | 78/100 [03:38<01:23,  3.78s/frame, gt=21, pred=78]
office0:  79%|███████▉  | 79/100 [03:41<01:16,  3.64s/frame, gt=19, pred=71]
office0:  80%|████████  | 80/100 [03:44<01:08,  3.41s/frame, gt=10, pred=71]
office0:  81%|████████  | 81/100 [03:46<00:58,  3.09s/frame, gt=7, pred=63] 
office0:  82%|████████▏ | 82/100 [03:49<00:51,  2.88s/frame, gt=7, pred=65]
office0:  83%|████████▎ | 83/100 [03:51<00:47,  2.77s/frame, gt=5, pred=68]
office0:  84%|████████▍ | 84/100 [03:54<00:43,  2.71s/frame, gt=5, pred=70]
office0:  85%|████████▌ | 85/100 [03:57<00:42,  2.82s/frame, gt=5, pred=81]
office0:  86%|████████▌ | 86/100 [04:00<00:40,  2.91s/frame, gt=5, pred=84]
office0:  87%|████████▋ | 87/100 [04:03<00:36,  2.83s/frame, gt=5, pred=73]
office0:  88%|████████▊ | 88/100 [04:06<00:33,  2.81s/frame, gt=5, pred=76]
office0:  89%|████████▉ | 89/100 [04:08<00:30,  2.79s/frame, gt=5, pred=75]
office0:  90%|█████████ | 90/100 [04:10<00:23,  2.38s/frame, gt=3, pred=36]
office0:  91%|█████████ | 91/100 [04:12<00:19,  2.22s/frame, gt=10, pred=40]
office0:  92%|█████████▏| 92/100 [04:14<00:17,  2.16s/frame, gt=15, pred=44]
office0:  93%|█████████▎| 93/100 [04:16<00:15,  2.19s/frame, gt=17, pred=51]
office0:  94%|█████████▍| 94/100 [04:18<00:13,  2.20s/frame, gt=17, pred=48]
office0:  95%|█████████▌| 95/100 [04:21<00:12,  2.42s/frame, gt=20, pred=62]
office0:  96%|█████████▌| 96/100 [04:24<00:10,  2.52s/frame, gt=17, pred=62]
office0:  97%|█████████▋| 97/100 [04:26<00:07,  2.53s/frame, gt=19, pred=56]
office0:  98%|█████████▊| 98/100 [04:29<00:04,  2.46s/frame, gt=16, pred=51]
office0:  99%|█████████▉| 99/100 [04:31<00:02,  2.37s/frame, gt=15, pred=47]
office0: 100%|██████████| 100/100 [04:33<00:00,  2.26s/frame, gt=14, pred=44]
office0: 100%|██████████| 100/100 [04:33<00:00,  2.73s/frame, gt=14, pred=44]
