
office0:   0%|          | 0/100 [00:00<?, ?frame/s]
office0:   1%|          | 1/100 [00:03<05:20,  3.23s/frame, gt=22, pred=50]
office0:   2%|▏         | 2/100 [00:05<04:41,  2.88s/frame, gt=22, pred=52]
office0:   3%|▎         | 3/100 [00:08<04:22,  2.70s/frame, gt=22, pred=51]
office0:   4%|▍         | 4/100 [00:10<04:16,  2.68s/frame, gt=22, pred=53]
office0:   5%|▌         | 5/100 [00:13<04:17,  2.71s/frame, gt=22, pred=57]
office0:   6%|▌         | 6/100 [00:16<04:09,  2.66s/frame, gt=22, pred=52]
office0:   7%|▋         | 7/100 [00:19<04:11,  2.70s/frame, gt=22, pred=55]
office0:   8%|▊         | 8/100 [00:22<04:16,  2.79s/frame, gt=24, pred=58]
office0:   9%|▉         | 9/100 [00:24<04:10,  2.75s/frame, gt=22, pred=54]
office0:  10%|█         | 10/100 [00:27<04:17,  2.86s/frame, gt=20, pred=66]
office0:  11%|█         | 11/100 [00:30<04:15,  2.87s/frame, gt=20, pred=62]
office0:  12%|█▏        | 12/100 [00:33<04:05,  2.79s/frame, gt=16, pred=56]
office0:  13%|█▎        | 13/100 [00:35<03:56,  2.71s/frame, gt=15, pred=56]
office0:  14%|█▍        | 14/100 [00:37<03:35,  2.50s/frame, gt=15, pred=40]
office0:  15%|█▌        | 15/100 [00:39<03:18,  2.33s/frame, gt=10, pred=42]
office0:  16%|█▌        | 16/100 [00:41<03:00,  2.15s/frame, gt=10, pred=36]
office0:  17%|█▋        | 17/100 [00:43<02:44,  1.98s/frame, gt=12, pred=27]
office0:  18%|█▊        | 18/100 [00:44<02:32,  1.86s/frame, gt=12, pred=25]
office0:  19%|█▉        | 19/100 [00:47<02:40,  1.99s/frame, gt=14, pred=51]
office0:  20%|██        | 20/100 [00:48<02:36,  1.96s/frame, gt=10, pred=39]
office0:  21%|██        | 21/100 [00:50<02:32,  1.94s/frame, gt=10, pred=42]
office0:  22%|██▏       | 22/100 [00:52<02:27,  1.89s/frame, gt=10, pred=39]
office0:  23%|██▎       | 23/100 [00:54<02:20,  1.82s/frame, gt=11, pred=34]
office0:  24%|██▍       | 24/100 [00:55<02:11,  1.74s/frame, gt=9, pred=30] 
office0:  25%|██▌       | 25/100 [00:57<02:06,  1.68s/frame, gt=10, pred=30]
office0:  26%|██▌       | 26/100 [00:58<02:03,  1.67s/frame, gt=10, pred=32]
office0:  27%|██▋       | 27/100 [01:00<02:01,  1.66s/frame, gt=10, pred=34]
office0:  28%|██▊       | 28/100 [01:02<02:10,  1.82s/frame, gt=9, pred=55] 
office0:  29%|██▉       | 29/100 [01:05<02:23,  2.02s/frame, gt=11, pred=62]
office0:  30%|███       | 30/100 [01:07<02:19,  2.00s/frame, gt=13, pred=43]
office0:  31%|███       | 31/100 [01:08<02:11,  1.91s/frame, gt=8, pred=40] 
office0:  32%|███▏      | 32/100 [01:11<02:15,  1.99s/frame, gt=8, pred=58]
office0:  33%|███▎      | 33/100 [01:13<02:19,  2.08s/frame, gt=8, pred=61]
office0:  34%|███▍      | 34/100 [01:15<02:19,  2.11s/frame, gt=11, pred=55]
office0:  35%|███▌      | 35/100 [01:18<02:29,  2.30s/frame, gt=13, pred=67]
office0:  36%|███▌      | 36/100 [01:21<02:40,  2.51s/frame, gt=20, pred=65]
office0:  37%|███▋      | 37/100 [01:24<02:59,  2.85s/frame, gt=25, pred=72]
office0:  38%|███▊      | 38/100 [01:29<03:20,  3.23s/frame, gt=28, pred=81]
office0:  39%|███▉      | 39/100 [01:32<03:26,  3.39s/frame, gt=28, pred=73]
office0:  40%|████      | 40/100 [01:35<03:16,  3.27s/frame, gt=26, pred=58]
office0:  41%|████      | 41/100 [01:38<03:04,  3.13s/frame, gt=28, pred=51]
office0:  42%|████▏     | 42/100 [01:41<02:59,  3.10s/frame, gt=30, pred=52]
office0:  43%|████▎     | 43/100 [01:44<02:54,  3.06s/frame, gt=30, pred=50]
office0:  44%|████▍     | 44/100 [01:46<02:37,  2.81s/frame, gt=20, pred=35]
office0:  45%|████▌     | 45/100 [01:48<02:23,  2.60s/frame, gt=18, pred=36]
office0:  46%|████▌     | 46/100 [01:50<02:08,  2.38s/frame, gt=15, pred=28]
office0:  47%|████▋     | 47/100 [01:52<01:57,  2.21s/frame, gt=17, pred=31]
office0:  48%|████▊     | 48/100 [01:54<01:54,  2.20s/frame, gt=15, pred=44]
office0:  49%|████▉     | 49/100 [01:57<01:51,  2.19s/frame, gt=15, pred=46]
office0:  50%|█████     | 50/100 [01:59<01:52,  2.25s/frame, gt=17, pred=51]
office0:  51%|█████     | 51/100 [02:02<01:58,  2.42s/frame, gt=18, pred=60]
office0:  52%|█████▏    | 52/100 [02:04<01:59,  2.49s/frame, gt=18, pred=56]
office0:  53%|█████▎    | 53/100 [02:07<02:05,  2.67s/frame, gt=21, pred=65]
office0:  54%|█████▍    | 54/100 [02:10<02:05,  2.72s/frame, gt=21, pred=58]
office0:  55%|█████▌    | 55/100 [02:13<02:06,  2.81s/frame, gt=22, pred=58]
office0:  56%|█████▌    | 56/100 [02:16<02:06,  2.87s/frame, gt=24, pred=58]
office0:  57%|█████▋    | 57/100 [02:19<02:05,  2.93s/frame, gt=26, pred=60]
office0:  58%|█████▊    | 58/100 [02:22<01:58,  2.81s/frame, gt=28, pred=48]
office0:  59%|█████▉    | 59/100 [02:25<02:01,  2.95s/frame, gt=31, pred=60]
office0:  60%|██████    | 60/100 [02:29<02:07,  3.18s/frame, gt=32, pred=65]
office0:  61%|██████    | 61/100 [02:32<02:07,  3.26s/frame, gt=32, pred=63]
office0:  62%|██████▏   | 62/100 [02:36<02:10,  3.44s/frame, gt=33, pred=69]
office0:  63%|██████▎   | 63/100 [02:40<02:07,  3.45s/frame, gt=33, pred=63]
office0:  64%|██████▍   | 64/100 [02:44<02:08,  3.57s/frame, gt=33, pred=70]
office0:  65%|██████▌   | 65/100 [02:47<01:59,  3.42s/frame, gt=29, pred=60]
office0:  66%|██████▌   | 66/100 [02:50<01:57,  3.46s/frame, gt=29, pred=67]
office0:  67%|██████▋   | 67/100 [02:53<01:50,  3.34s/frame, gt=27, pred=60]
office0:  68%|██████▊   | 68/100 [02:57<01:46,  3.34s/frame, gt=26, pred=68]
office0:  69%|██████▉   | 69/100 [03:00<01:44,  3.36s/frame, gt=28, pred=66]
office0:  70%|███████   | 70/100 [03:04<01:44,  3.49s/frame, gt=28, pred=73]
office0:  71%|███████   | 71/100 [03:08<01:44,  3.60s/frame, gt=28, pred=74]
office0:  72%|███████▏  | 72/100 [03:11<01:40,  3.60s/frame, gt=28, pred=70]
office0:  73%|███████▎  | 73/100 [03:15<01:36,  3.56s/frame, gt=27, pred=67]
office0:  74%|███████▍  | 74/100 [03:18<01:33,  3.59s/frame, gt=27, pred=71]
office0:  75%|███████▌  | 75/100 [03:22<01:31,  3.65s/frame, gt=27, pred=73]
office0:  76%|███████▌  | 76/100 [03:26<01:27,  3.65s/frame, gt=26, pred=73]
office0:  77%|███████▋  | 77/100 [03:30<01:25,  3.72s/frame, gt=23, pred=79]
office0:  78%|███████▊  | 78/100 [03:34<01:24,  3.83s/frame, gt=21, pred=83]
office0:  79%|███████▉  | 79/100 [03:37<01:17,  3.67s/frame, gt=19, pred=71]
office0:  80%|████████  | 80/100 [03:40<01:08,  3.41s/frame, gt=10, pred=69]
office0:  81%|████████  | 81/100 [03:42<00:57,  3.04s/frame, gt=7, pred=56] 
office0:  82%|████████▏ | 82/100 [03:45<00:51,  2.87s/frame, gt=7, pred=65]
office0:  83%|████████▎ | 83/100 [03:47<00:46,  2.72s/frame, gt=5, pred=64]
office0:  84%|████████▍ | 84/100 [03:49<00:42,  2.67s/frame, gt=5, pred=69]
office0:  85%|████████▌ | 85/100 [03:52<00:40,  2.68s/frame, gt=5, pred=72]
office0:  86%|████████▌ | 86/100 [03:55<00:38,  2.72s/frame, gt=5, pred=77]
office0:  87%|████████▋ | 87/100 [03:58<00:35,  2.74s/frame, gt=5, pred=75]
office0:  88%|████████▊ | 88/100 [04:00<00:32,  2.70s/frame, gt=5, pred=72]
office0:  89%|████████▉ | 89/100 [04:03<00:29,  2.68s/frame, gt=5, pred=71]
office0:  90%|█████████ | 90/100 [04:04<00:23,  2.30s/frame, gt=3, pred=36]
office0:  91%|█████████ | 91/100 [04:06<00:19,  2.15s/frame, gt=10, pred=39]
office0:  92%|█████████▏| 92/100 [04:08<00:16,  2.12s/frame, gt=15, pred=44]
office0:  93%|█████████▎| 93/100 [04:11<00:15,  2.19s/frame, gt=17, pred=51]
office0:  94%|█████████▍| 94/100 [04:13<00:13,  2.20s/frame, gt=17, pred=46]
office0:  95%|█████████▌| 95/100 [04:16<00:11,  2.35s/frame, gt=20, pred=57]
office0:  96%|█████████▌| 96/100 [04:18<00:09,  2.44s/frame, gt=17, pred=59]
office0:  97%|█████████▋| 97/100 [04:21<00:07,  2.44s/frame, gt=19, pred=52]
office0:  98%|█████████▊| 98/100 [04:23<00:04,  2.42s/frame, gt=16, pred=52]
office0:  99%|█████████▉| 99/100 [04:25<00:02,  2.37s/frame, gt=15, pred=48]
office0: 100%|██████████| 100/100 [04:27<00:00,  2.25s/frame, gt=14, pred=43]
office0: 100%|██████████| 100/100 [04:27<00:00,  2.68s/frame, gt=14, pred=43]
